[+] Containers:
 |- [+] Container: /Game/TopDown/Maps/TopDownMap
 |   |- [+] ActorDescs:
 |   |   |- Guid:014A95954B173C8FD94F7FBDCC99098F BaseClass:/Game/TopDown/Blueprints/BP_MyNavLinkProxy.BP_MyNavLinkProxy_C NativeClass:/Script/FYP.MyNavLinkProxy Name:BP_MyNavLinkProxy_C_UAID_B42E991F4C8D7DD101_1474871144 Label:BP_MyNavLinkProxy SpatiallyLoaded:1 Bounds:IsValid=true, Min=(X=0.000 Y=0.000 Z=0.000), Max=(X=0.000 Y=0.000 Z=0.000) RuntimeGrid:None EditorOnly:0 RuntimeOnly:0 HLODRelevant:0
 |   |   |- Guid:04474C184174178CBE33008B73B3EBC6 BaseClass: NativeClass:/Script/Engine.StaticMeshActor Name:StaticMeshActor_UAID_B42E991F4C8D80C501_1747893799 Label:SM_Cube14 SpatiallyLoaded:1 Bounds:IsValid=true, Min=(X=1131.000 Y=2143.000 Z=300.000), Max=(X=1731.000 Y=2443.000 Z=400.000) RuntimeGrid:None EditorOnly:0 RuntimeOnly:0 HLODRelevant:1 FolderPath:Block01 FolderGuid:A3D0865D40B5211925A81EB39A13C84D
 |   |   |- Guid:07810DB5476552C6ECC207B8FBE94500 BaseClass: NativeClass:/Script/Engine.StaticMeshActor Name:StaticMeshActor_UAID_A4AE111137DC5CFB00_1546167071 Label:SM_SkySphere SpatiallyLoaded:0 Bounds:IsValid=true, Min=(X=-1638400.000 Y=-1638400.000 Z=-1638400.000), Max=(X=1638400.000 Y=1638400.000 Z=1638400.000) RuntimeGrid:None EditorOnly:0 RuntimeOnly:0 HLODRelevant:1 FolderPath:Lighting FolderGuid:E13570EE436BA15E35C622BAA5B21164
 |   |   |- Guid:0B7570D34BD9C141F5EDF28FACF4AADA BaseClass:/Game/TopDown/Blueprints/BP_MyNavLinkProxy.BP_MyNavLinkProxy_C NativeClass:/Script/FYP.MyNavLinkProxy Name:BP_MyNavLinkProxy_C_UAID_B42E991F4C8D7DD101_1474883150 Label:BP_MyNavLinkProxy SpatiallyLoaded:1 Bounds:IsValid=true, Min=(X=0.000 Y=0.000 Z=0.000), Max=(X=0.000 Y=0.000 Z=0.000) RuntimeGrid:None EditorOnly:0 RuntimeOnly:0 HLODRelevant:0
 |   |   |- Guid:0EE0E5D1466B2603910C569929142127 BaseClass: NativeClass:/Script/Engine.StaticMeshActor Name:StaticMeshActor_39 Label:SM_Cube5 SpatiallyLoaded:1 Bounds:IsValid=true, Min=(X=-0.000 Y=100.000 Z=0.000), Max=(X=100.000 Y=3400.000 Z=400.000) RuntimeGrid:None EditorOnly:0 RuntimeOnly:0 HLODRelevant:1 FolderPath:Playground FolderGuid:8746DDAD42A18A3736DBE9BBB77675E5
 |   |   |- Guid:124EE53143C875A1C4F174B08C31D407 BaseClass: NativeClass:/Script/Engine.SkyAtmosphere Name:SkyAtmosphere_1 Label:SkyAtmosphere SpatiallyLoaded:0 Bounds:IsValid=true, Min=(X=0.000 Y=0.000 Z=1020.000), Max=(X=0.000 Y=0.000 Z=1020.000) RuntimeGrid:None EditorOnly:0 RuntimeOnly:0 HLODRelevant:0 FolderPath:Lighting FolderGuid:E13570EE436BA15E35C622BAA5B21164
 |   |   |- Guid:128AFB4143646D4352518685931F01DD BaseClass: NativeClass:/Script/Engine.StaticMeshActor Name:StaticMeshActor_56 Label:SM_ChamferCube5 SpatiallyLoaded:1 Bounds:IsValid=true, Min=(X=2419.765 Y=1390.593 Z=0.063), Max=(X=2547.936 Y=1518.765 Z=100.063) RuntimeGrid:None EditorOnly:0 RuntimeOnly:0 HLODRelevant:0
 |   |   |- Guid:19F713594ED7E30810349C942161535F BaseClass:/Game/TopDown/Blueprints/BP_MyNavLink.BP_MyNavLink_C NativeClass:/Script/Engine.Actor Name:BP_MyNavLink_C_UAID_B42E991F4C8D7DD101_1474877147 Label:BP_MyNavLink SpatiallyLoaded:1 Bounds:IsValid=true, Min=(X=1529.500 Y=1901.000 Z=402.500), Max=(X=1529.500 Y=1901.000 Z=402.500) RuntimeGrid:None EditorOnly:0 RuntimeOnly:0 HLODRelevant:0
 |   |   |- Guid:1A013F6D454DDAB5AD8E77B766ED9FAD BaseClass: NativeClass:/Script/Engine.ExponentialHeightFog Name:ExponentialHeightFog_1 Label:ExponentialHeightFog SpatiallyLoaded:0 Bounds:IsValid=true, Min=(X=-5600.000 Y=-50.000 Z=-6850.000), Max=(X=-5600.000 Y=-50.000 Z=-6850.000) RuntimeGrid:None EditorOnly:0 RuntimeOnly:0 HLODRelevant:0 FolderPath:Lighting FolderGuid:E13570EE436BA15E35C622BAA5B21164
 |   |   |- Guid:20BCA97640857441FE4D28B054684C07 BaseClass: NativeClass:/Script/Engine.StaticMeshActor Name:StaticMeshActor_40 Label:SM_Cube6 SpatiallyLoaded:1 Bounds:IsValid=true, Min=(X=2900.000 Y=100.000 Z=0.000), Max=(X=3000.000 Y=3400.000 Z=400.000) RuntimeGrid:None EditorOnly:0 RuntimeOnly:0 HLODRelevant:1 FolderPath:Playground FolderGuid:8746DDAD42A18A3736DBE9BBB77675E5
 |   |   |- Guid:24780019408BC07B151ED38B1507E7B4 BaseClass:/Game/TopDown/Blueprints/BP_MyNavLink.BP_MyNavLink_C NativeClass:/Script/Engine.Actor Name:BP_MyNavLink_C_UAID_B42E991F4C8D7DD101_1474873145 Label:BP_MyNavLink SpatiallyLoaded:1 Bounds:IsValid=true, Min=(X=2129.000 Y=1833.500 Z=2.500), Max=(X=2129.000 Y=1833.500 Z=2.500) RuntimeGrid:None EditorOnly:0 RuntimeOnly:0 HLODRelevant:0
 |   |   |- Guid:2D35D16542032F78BA8C8AB1CC4FA726 BaseClass: NativeClass:/Script/Engine.PlayerStart Name:PlayerStart_1 Label:PlayerStart SpatiallyLoaded:0 Bounds:IsValid=true, Min=(X=960.000 Y=1770.000 Z=0.013), Max=(X=1040.000 Y=1850.000 Z=184.013) RuntimeGrid:None EditorOnly:0 RuntimeOnly:0 HLODRelevant:0
 |   |   |- Guid:2FEBDEF34D0DF710259D708C17DF61E5 BaseClass:/Game/TopDown/Blueprints/BP_MyNavLinkProxy.BP_MyNavLinkProxy_C NativeClass:/Script/FYP.MyNavLinkProxy Name:BP_MyNavLinkProxy_C_UAID_B42E991F4C8D7DD101_1474867142 Label:BP_MyNavLinkProxy SpatiallyLoaded:1 Bounds:IsValid=true, Min=(X=0.000 Y=0.000 Z=0.000), Max=(X=0.000 Y=0.000 Z=0.000) RuntimeGrid:None EditorOnly:0 RuntimeOnly:0 HLODRelevant:0
 |   |   |- Guid:30527CC149F7950197BFFDB79ABBC6A9 BaseClass: NativeClass:/Script/Engine.TextRenderActor Name:TextRenderActor_1 Label:TextRenderActor SpatiallyLoaded:1 Bounds:IsValid=true, Min=(X=-0.100 Y=1100.000 Z=65.013), Max=(X=-0.100 Y=2225.000 Z=215.013) RuntimeGrid:None EditorOnly:0 RuntimeOnly:0 HLODRelevant:0
 |   |   |- Guid:338835A84650F55B3DFC8AA8107D6F53 BaseClass:/Game/TopDown/Blueprints/BP_MyNavLink.BP_MyNavLink_C NativeClass:/Script/Engine.Actor Name:BP_MyNavLink_C_UAID_B42E991F4C8D7DD101_1474843129 Label:BP_MyNavLink SpatiallyLoaded:1 Bounds:IsValid=true, Min=(X=2091.000 Y=2289.500 Z=2.500), Max=(X=2091.000 Y=2289.500 Z=2.500) RuntimeGrid:None EditorOnly:0 RuntimeOnly:0 HLODRelevant:0
 |   |   |- Guid:352C1C6E4206072554CE038AA8705058 BaseClass:/Game/TopDown/Blueprints/BP_MyNavLink.BP_MyNavLink_C NativeClass:/Script/Engine.Actor Name:BP_MyNavLink_C_UAID_B42E991F4C8D7DD101_1474829123 Label:BP_MyNavLink SpatiallyLoaded:1 Bounds:IsValid=true, Min=(X=1434.500 Y=1785.000 Z=402.500), Max=(X=1434.500 Y=1785.000 Z=402.500) RuntimeGrid:None EditorOnly:0 RuntimeOnly:0 HLODRelevant:0
 |   |   |- Guid:372AF51D419E4DF71C1639B647AC19DE BaseClass:/Game/TopDown/Blueprints/BP_MyNavLinkProxy.BP_MyNavLinkProxy_C NativeClass:/Script/FYP.MyNavLinkProxy Name:BP_MyNavLinkProxy_C_UAID_B42E991F4C8D7DD101_1474863140 Label:BP_MyNavLinkProxy SpatiallyLoaded:1 Bounds:IsValid=true, Min=(X=0.000 Y=0.000 Z=0.000), Max=(X=0.000 Y=0.000 Z=0.000) RuntimeGrid:None EditorOnly:0 RuntimeOnly:0 HLODRelevant:0
 |   |   |- Guid:3AA00CC7473B3AB860032482C86F1357 BaseClass: NativeClass:/Script/Engine.SkyLight Name:SkyLight_1 Label:SkyLight SpatiallyLoaded:0 Bounds:IsValid=true, Min=(X=0.000 Y=0.000 Z=690.000), Max=(X=0.000 Y=0.000 Z=690.000) RuntimeGrid:None EditorOnly:0 RuntimeOnly:0 HLODRelevant:0 FolderPath:Lighting FolderGuid:E13570EE436BA15E35C622BAA5B21164
 |   |   |- Guid:3B8D18C3444B92F757CDEF93563439AE BaseClass: NativeClass:/Script/Engine.StaticMeshActor Name:StaticMeshActor_UAID_B42E991F4C8D33C501_1394914413 Label:SM_Cube11 SpatiallyLoaded:1 Bounds:IsValid=true, Min=(X=982.000 Y=1320.000 Z=180.000), Max=(X=1482.000 Y=1520.000 Z=280.000) RuntimeGrid:None EditorOnly:0 RuntimeOnly:0 HLODRelevant:1 FolderPath:Block01 FolderGuid:A3D0865D40B5211925A81EB39A13C84D
 |   |   |- Guid:3FB5679D434701BFF7CB8391CCD3DDDD BaseClass:/Game/TopDown/Blueprints/BP_MyNavLinkProxy.BP_MyNavLinkProxy_C NativeClass:/Script/FYP.MyNavLinkProxy Name:BP_MyNavLinkProxy_C_UAID_B42E991F4C8D7DD101_1474840128 Label:BP_MyNavLinkProxy SpatiallyLoaded:1 Bounds:IsValid=true, Min=(X=0.000 Y=0.000 Z=0.000), Max=(X=0.000 Y=0.000 Z=0.000) RuntimeGrid:None EditorOnly:0 RuntimeOnly:0 HLODRelevant:0
 |   |   |- Guid:4568E5A8404E6228D58787AA4ED3C7F0 BaseClass:/Game/TopDown/Blueprints/BP_MyNavLinkProxy.BP_MyNavLinkProxy_C NativeClass:/Script/FYP.MyNavLinkProxy Name:BP_MyNavLinkProxy_C_UAID_B42E991F4C8D7DD101_1474837126 Label:BP_MyNavLinkProxy SpatiallyLoaded:1 Bounds:IsValid=true, Min=(X=0.000 Y=0.000 Z=0.000), Max=(X=0.000 Y=0.000 Z=0.000) RuntimeGrid:None EditorOnly:0 RuntimeOnly:0 HLODRelevant:0
 |   |   |- Guid:505B4ED943FA99164AF46CAED7EC7B12 BaseClass: NativeClass:/Script/Engine.StaticMeshActor Name:StaticMeshActor_34 Label:SM_Cube SpatiallyLoaded:1 Bounds:IsValid=true, Min=(X=0.000 Y=0.000 Z=-50.000), Max=(X=3000.000 Y=3500.000 Z=0.000) RuntimeGrid:None EditorOnly:0 RuntimeOnly:0 HLODRelevant:1 FolderPath:Playground FolderGuid:8746DDAD42A18A3736DBE9BBB77675E5
 |   |   |- Guid:56092650476913E20D5FDDBA4489CA5D BaseClass:/Game/TopDown/Blueprints/BP_MyNavLink.BP_MyNavLink_C NativeClass:/Script/Engine.Actor Name:BP_MyNavLink_C_UAID_B42E991F4C8D7DD101_1474862139 Label:BP_MyNavLink SpatiallyLoaded:1 Bounds:IsValid=true, Min=(X=1444.000 Y=1368.000 Z=282.500), Max=(X=1444.000 Y=1368.000 Z=282.500) RuntimeGrid:None EditorOnly:0 RuntimeOnly:0 HLODRelevant:0
 |   |   |- Guid:58CB23E44FF60430AB53C1A0B51475F5 BaseClass:/Game/TopDown/Blueprints/BP_MyNavLink.BP_MyNavLink_C NativeClass:/Script/Engine.Actor Name:BP_MyNavLink_C_UAID_B42E991F4C8D7DD101_1474869143 Label:BP_MyNavLink SpatiallyLoaded:1 Bounds:IsValid=true, Min=(X=1482.000 Y=2338.000 Z=402.500), Max=(X=1482.000 Y=2338.000 Z=402.500) RuntimeGrid:None EditorOnly:0 RuntimeOnly:0 HLODRelevant:0
 |   |   |- Guid:5C38F3714AB01D1B715A8DBEB736004F BaseClass: NativeClass:/Script/Engine.StaticMeshActor Name:StaticMeshActor_UAID_B42E991F4C8D34C501_1713903040 Label:SM_Cube13 SpatiallyLoaded:1 Bounds:IsValid=true, Min=(X=1280.000 Y=1350.000 Z=560.000), Max=(X=1780.000 Y=1550.000 Z=660.000) RuntimeGrid:None EditorOnly:0 RuntimeOnly:0 HLODRelevant:1 FolderPath:Block01 FolderGuid:A3D0865D40B5211925A81EB39A13C84D
 |   |   |- Guid:623ECEC1492D3E477CA1D4AE96495F69 BaseClass:/Game/TopDown/Blueprints/BP_NavLinkGenerator.BP_NavLinkGenerator_C NativeClass:/Script/FYP.MyNavLinkGenerator Name:BP_NavLinkGenerator_C_UAID_B42E991F4C8D30C501_1461393988 Label:BP_NavLinkGenerator SpatiallyLoaded:1 Bounds:IsValid=true, Min=(X=40.000 Y=60.000 Z=400.000), Max=(X=40.000 Y=60.000 Z=400.000) RuntimeGrid:None EditorOnly:0 RuntimeOnly:0 HLODRelevant:0
 |   |   |- Guid:6583603245EE7EF26C3BA5BD76D130E7 BaseClass:/Game/TopDown/Blueprints/BP_MyNavLink.BP_MyNavLink_C NativeClass:/Script/Engine.Actor Name:BP_MyNavLink_C_UAID_B42E991F4C8D7DD101_1474835125 Label:BP_MyNavLink SpatiallyLoaded:1 Bounds:IsValid=true, Min=(X=778.000 Y=2289.500 Z=2.500), Max=(X=778.000 Y=2289.500 Z=2.500) RuntimeGrid:None EditorOnly:0 RuntimeOnly:0 HLODRelevant:0
 |   |   |- Guid:6CFE69CB41732F0CDEB04A85666FA67E BaseClass: NativeClass:/Script/Engine.WorldDataLayers Name:WorldDataLayers Label:WorldDataLayers-1 SpatiallyLoaded:0 Bounds:IsValid=true, Min=(X=0.000 Y=0.000 Z=0.000), Max=(X=0.000 Y=0.000 Z=0.000) RuntimeGrid:None EditorOnly:0 RuntimeOnly:0 HLODRelevant:0
 |   |   |- Guid:7253A9A143757B6FBCFC979462C8F07A BaseClass: NativeClass:/Script/Engine.StaticMeshActor Name:StaticMeshActor_55 Label:SM_ChamferCube4 SpatiallyLoaded:1 Bounds:IsValid=true, Min=(X=663.409 Y=2784.238 Z=0.063), Max=(X=804.292 Y=2925.121 Z=100.063) RuntimeGrid:None EditorOnly:0 RuntimeOnly:0 HLODRelevant:0
 |   |   |- Guid:736975F64DE43E6FFE67E3B0B4F3ACE3 BaseClass: NativeClass:/Script/Engine.StaticMeshActor Name:StaticMeshActor_UAID_B42E991F4C8D80C501_1760370801 Label:SM_Cube16 SpatiallyLoaded:1 Bounds:IsValid=true, Min=(X=1488.000 Y=2330.000 Z=830.000), Max=(X=2088.000 Y=2630.000 Z=930.000) RuntimeGrid:None EditorOnly:0 RuntimeOnly:0 HLODRelevant:1 FolderPath:Block01 FolderGuid:A3D0865D40B5211925A81EB39A13C84D
 |   |   |- Guid:74C0D72547CD5136527E659C496247BB BaseClass: NativeClass:/Script/Engine.StaticMeshActor Name:StaticMeshActor_53 Label:SM_ChamferCube SpatiallyLoaded:1 Bounds:IsValid=true, Min=(X=761.762 Y=2853.712 Z=0.063), Max=(X=902.646 Y=2994.595 Z=100.063) RuntimeGrid:None EditorOnly:0 RuntimeOnly:0 HLODRelevant:0
 |   |   |- Guid:761ECD114BB43466438ACAB716116661 BaseClass:/Game/TopDown/Blueprints/BP_MyNavLinkProxy.BP_MyNavLinkProxy_C NativeClass:/Script/FYP.MyNavLinkProxy Name:BP_MyNavLinkProxy_C_UAID_B42E991F4C8D7DD101_1474874146 Label:BP_MyNavLinkProxy SpatiallyLoaded:1 Bounds:IsValid=true, Min=(X=0.000 Y=0.000 Z=0.000), Max=(X=0.000 Y=0.000 Z=0.000) RuntimeGrid:None EditorOnly:0 RuntimeOnly:0 HLODRelevant:0
 |   |   |- Guid:819367B3465BE2BECDBA86BEBC14FD0B BaseClass:/Game/TopDown/Blueprints/BP_MyNavLinkProxy.BP_MyNavLinkProxy_C NativeClass:/Script/FYP.MyNavLinkProxy Name:BP_MyNavLinkProxy_C_UAID_B42E991F4C8D7DD101_1474845130 Label:BP_MyNavLinkProxy SpatiallyLoaded:1 Bounds:IsValid=true, Min=(X=0.000 Y=0.000 Z=0.000), Max=(X=0.000 Y=0.000 Z=0.000) RuntimeGrid:None EditorOnly:0 RuntimeOnly:0 HLODRelevant:0
 |   |   |- Guid:86104D084AB1F8B51BBD19A68761E3CA BaseClass: NativeClass:/Script/Engine.StaticMeshActor Name:StaticMeshActor_UAID_B42E991F4C8D80C501_1754497800 Label:SM_Cube15 SpatiallyLoaded:1 Bounds:IsValid=true, Min=(X=739.000 Y=2402.000 Z=625.000), Max=(X=1339.000 Y=2702.000 Z=725.000) RuntimeGrid:None EditorOnly:0 RuntimeOnly:0 HLODRelevant:1 FolderPath:Block01 FolderGuid:A3D0865D40B5211925A81EB39A13C84D
 |   |   |- Guid:8C0EDB0742A2F64854801B816CAD002B BaseClass:/Game/TopDown/Blueprints/BP_MyNavLinkProxy.BP_MyNavLinkProxy_C NativeClass:/Script/FYP.MyNavLinkProxy Name:BP_MyNavLinkProxy_C_UAID_B42E991F4C8D7DD101_1474848132 Label:BP_MyNavLinkProxy SpatiallyLoaded:1 Bounds:IsValid=true, Min=(X=0.000 Y=0.000 Z=0.000), Max=(X=0.000 Y=0.000 Z=0.000) RuntimeGrid:None EditorOnly:0 RuntimeOnly:0 HLODRelevant:0
 |   |   |- Guid:8C8E514D4F7E4FEA01BC71AE91607F46 BaseClass:/Game/TopDown/Blueprints/BP_MyNavLinkProxy.BP_MyNavLinkProxy_C NativeClass:/Script/FYP.MyNavLinkProxy Name:BP_MyNavLinkProxy_C_UAID_B42E991F4C8D7DD101_1474860138 Label:BP_MyNavLinkProxy SpatiallyLoaded:1 Bounds:IsValid=true, Min=(X=0.000 Y=0.000 Z=0.000), Max=(X=0.000 Y=0.000 Z=0.000) RuntimeGrid:None EditorOnly:0 RuntimeOnly:0 HLODRelevant:0
 |   |   |- Guid:945BD4A341F5390B2B947DB577A7E55D BaseClass:/Game/TopDown/Blueprints/BP_MyNavLink.BP_MyNavLink_C NativeClass:/Script/Engine.Actor Name:BP_MyNavLink_C_UAID_B42E991F4C8D7DD101_1474851133 Label:BP_MyNavLink SpatiallyLoaded:1 Bounds:IsValid=true, Min=(X=626.000 Y=1425.000 Z=2.500), Max=(X=626.000 Y=1425.000 Z=2.500) RuntimeGrid:None EditorOnly:0 RuntimeOnly:0 HLODRelevant:0
 |   |   |- Guid:963169944433A544D75FF79A1B9FC159 BaseClass: NativeClass:/Script/NavigationSystem.NavMeshBoundsVolume Name:NavMeshBoundsVolume_1 Label:NavMeshBoundsVolume SpatiallyLoaded:0 Bounds:IsValid=true, Min=(X=-216.000 Y=-163.000 Z=-1047.500), Max=(X=2984.000 Y=3537.000 Z=1327.500) RuntimeGrid:None EditorOnly:0 RuntimeOnly:0 HLODRelevant:0 FolderPath:Navigation FolderGuid:5FBB7B1041A3902AEFBB4E87AA1D500F
 |   |   |- Guid:966C31054F54E095FF7F39B7DBECA7E3 BaseClass:/Game/TopDown/Blueprints/BP_MyNavLink.BP_MyNavLink_C NativeClass:/Script/Engine.Actor Name:BP_MyNavLink_C_UAID_B42E991F4C8D7DD101_1474881149 Label:BP_MyNavLink SpatiallyLoaded:1 Bounds:IsValid=true, Min=(X=1139.000 Y=2479.500 Z=732.500), Max=(X=1139.000 Y=2479.500 Z=732.500) RuntimeGrid:None EditorOnly:0 RuntimeOnly:0 HLODRelevant:0
 |   |   |- Guid:9A162FCA4DB0E36E363A63B8B3DC3C5D BaseClass:/Game/TopDown/Blueprints/BP_MyNavLink.BP_MyNavLink_C NativeClass:/Script/Engine.Actor Name:BP_MyNavLink_C_UAID_B42E991F4C8D7DD101_1474847131 Label:BP_MyNavLink SpatiallyLoaded:1 Bounds:IsValid=true, Min=(X=1235.000 Y=968.000 Z=2.500), Max=(X=1235.000 Y=968.000 Z=2.500) RuntimeGrid:None EditorOnly:0 RuntimeOnly:0 HLODRelevant:0
 |   |   |- Guid:A45756D6495C3CBE8AA73EAD039CE983 BaseClass: NativeClass:/Script/Engine.StaticMeshActor Name:StaticMeshActor_35 Label:SM_Cube2 SpatiallyLoaded:1 Bounds:IsValid=true, Min=(X=0.000 Y=0.000 Z=0.000), Max=(X=3000.000 Y=100.000 Z=400.000) RuntimeGrid:None EditorOnly:0 RuntimeOnly:0 HLODRelevant:1 FolderPath:Playground FolderGuid:8746DDAD42A18A3736DBE9BBB77675E5
 |   |   |- Guid:A533D9944814A4CC2A2EEB86C9FFA323 BaseClass: NativeClass:/Script/Engine.StaticMeshActor Name:StaticMeshActor_54 Label:SM_ChamferCube3 SpatiallyLoaded:1 Bounds:IsValid=true, Min=(X=711.512 Y=2824.945 Z=100.063), Max=(X=848.115 Y=2961.548 Z=200.063) RuntimeGrid:None EditorOnly:0 RuntimeOnly:0 HLODRelevant:0
 |   |   |- Guid:AB1C731A47D556B7A9AD00AC8F393838 BaseClass:/Game/TopDown/Blueprints/BP_MyNavLinkProxy.BP_MyNavLinkProxy_C NativeClass:/Script/FYP.MyNavLinkProxy Name:BP_MyNavLinkProxy_C_UAID_B42E991F4C8D7DD101_1474852134 Label:BP_MyNavLinkProxy SpatiallyLoaded:1 Bounds:IsValid=true, Min=(X=0.000 Y=0.000 Z=0.000), Max=(X=0.000 Y=0.000 Z=0.000) RuntimeGrid:None EditorOnly:0 RuntimeOnly:0 HLODRelevant:0
 |   |   |- Guid:B2B17A544848C4EE12AC56902BA39CC3 BaseClass: NativeClass:/Script/Engine.StaticMeshActor Name:StaticMeshActor_UAID_B42E991F4C8D33C501_1402788414 Label:SM_Cube12 SpatiallyLoaded:1 Bounds:IsValid=true, Min=(X=1182.000 Y=1690.000 Z=300.000), Max=(X=1782.000 Y=1990.000 Z=400.000) RuntimeGrid:None EditorOnly:0 RuntimeOnly:0 HLODRelevant:1 FolderPath:Block01 FolderGuid:A3D0865D40B5211925A81EB39A13C84D
 |   |   |- Guid:B3C489614691DA372D3649A5A860ECAA BaseClass:/Game/TopDown/Blueprints/BP_MyNavLink.BP_MyNavLink_C NativeClass:/Script/Engine.Actor Name:BP_MyNavLink_C_UAID_B42E991F4C8D7DD101_1474858137 Label:BP_MyNavLink SpatiallyLoaded:1 Bounds:IsValid=true, Min=(X=1844.000 Y=1425.000 Z=2.500), Max=(X=1844.000 Y=1425.000 Z=2.500) RuntimeGrid:None EditorOnly:0 RuntimeOnly:0 HLODRelevant:0
 |   |   |- Guid:BC9F05DA4F26FE20B8ADBEAC803D9E07 BaseClass: NativeClass:/Script/Engine.PostProcessVolume Name:PostProcessVolume_1 Label:PostProcessVolume SpatiallyLoaded:0 Bounds:IsValid=true, Min=(X=0.000 Y=0.000 Z=400.000), Max=(X=200.000 Y=200.000 Z=600.000) RuntimeGrid:None EditorOnly:0 RuntimeOnly:0 HLODRelevant:0 FolderPath:Lighting FolderGuid:E13570EE436BA15E35C622BAA5B21164
 |   |   |- Guid:C1F343BF47546FC406FC86B4815E25C6 BaseClass: NativeClass:/Script/Engine.DirectionalLight Name:DirectionalLight_1 Label:DirectionalLight SpatiallyLoaded:0 Bounds:IsValid=true, Min=(X=-1048576.000 Y=-1048576.000 Z=-1048576.000), Max=(X=1048576.000 Y=1048576.000 Z=1048576.000) RuntimeGrid:None EditorOnly:0 RuntimeOnly:0 HLODRelevant:0 FolderPath:Lighting FolderGuid:E13570EE436BA15E35C622BAA5B21164
 |   |   |- Guid:C615D9084301ABF162FE249B82D89208 BaseClass:/Game/TopDown/Blueprints/BP_MyNavLink.BP_MyNavLink_C NativeClass:/Script/Engine.Actor Name:BP_MyNavLink_C_UAID_B42E991F4C8D7DD101_1474839127 Label:BP_MyNavLink SpatiallyLoaded:1 Bounds:IsValid=true, Min=(X=1434.500 Y=2794.000 Z=2.500), Max=(X=1434.500 Y=2794.000 Z=2.500) RuntimeGrid:None EditorOnly:0 RuntimeOnly:0 HLODRelevant:0
 |   |   |- Guid:D9FB0A6745EAAAAF3932438A1A411B29 BaseClass:/Game/TopDown/Blueprints/BP_MyNavLinkProxy.BP_MyNavLinkProxy_C NativeClass:/Script/FYP.MyNavLinkProxy Name:BP_MyNavLinkProxy_C_UAID_B42E991F4C8D7DD101_1474878148 Label:BP_MyNavLinkProxy SpatiallyLoaded:1 Bounds:IsValid=true, Min=(X=0.000 Y=0.000 Z=0.000), Max=(X=0.000 Y=0.000 Z=0.000) RuntimeGrid:None EditorOnly:0 RuntimeOnly:0 HLODRelevant:0
 |   |   |- Guid:E2F747104587B262ED7005B3C47AB02D BaseClass:/Game/TopDown/Blueprints/BP_MyNavLinkProxy.BP_MyNavLinkProxy_C NativeClass:/Script/FYP.MyNavLinkProxy Name:BP_MyNavLinkProxy_C_UAID_B42E991F4C8D7DD101_1474856136 Label:BP_MyNavLinkProxy SpatiallyLoaded:1 Bounds:IsValid=true, Min=(X=0.000 Y=0.000 Z=0.000), Max=(X=0.000 Y=0.000 Z=0.000) RuntimeGrid:None EditorOnly:0 RuntimeOnly:0 HLODRelevant:0
 |   |   |- Guid:E92B029A43F3DD683C1B2481BF7B68DE BaseClass: NativeClass:/Script/Engine.VolumetricCloud Name:VolumetricCloud_1 Label:VolumetricCloud SpatiallyLoaded:0 Bounds:IsValid=true, Min=(X=0.000 Y=0.000 Z=820.000), Max=(X=0.000 Y=0.000 Z=820.000) RuntimeGrid:None EditorOnly:0 RuntimeOnly:0 HLODRelevant:0 FolderPath:Lighting FolderGuid:E13570EE436BA15E35C622BAA5B21164
 |   |   |- Guid:F4FC97854E6529C20E6E58B8B90BD3F8 BaseClass:/Game/TopDown/Blueprints/BP_MyNavLink.BP_MyNavLink_C NativeClass:/Script/Engine.Actor Name:BP_MyNavLink_C_UAID_B42E991F4C8D7DD101_1474865141 Label:BP_MyNavLink SpatiallyLoaded:1 Bounds:IsValid=true, Min=(X=835.000 Y=1833.500 Z=2.500), Max=(X=835.000 Y=1833.500 Z=2.500) RuntimeGrid:None EditorOnly:0 RuntimeOnly:0 HLODRelevant:0
 |   |   |- Guid:F8973D444C50A25F7C3E9A91A43E1034 BaseClass:/Game/TopDown/Blueprints/BP_MyNavLink.BP_MyNavLink_C NativeClass:/Script/Engine.Actor Name:BP_MyNavLink_C_UAID_B42E991F4C8D7DD101_1474854135 Label:BP_MyNavLink SpatiallyLoaded:1 Bounds:IsValid=true, Min=(X=1235.000 Y=1882.000 Z=2.500), Max=(X=1235.000 Y=1882.000 Z=2.500) RuntimeGrid:None EditorOnly:0 RuntimeOnly:0 HLODRelevant:0
 |   |   |- Guid:F8BE6DB441FA38E649CF71838B26625C BaseClass:/Game/TopDown/Blueprints/BP_MyNavLinkProxy.BP_MyNavLinkProxy_C NativeClass:/Script/FYP.MyNavLinkProxy Name:BP_MyNavLinkProxy_C_UAID_B42E991F4C8D7DD101_1474832124 Label:BP_MyNavLinkProxy SpatiallyLoaded:1 Bounds:IsValid=true, Min=(X=0.000 Y=0.000 Z=0.000), Max=(X=0.000 Y=0.000 Z=0.000) RuntimeGrid:None EditorOnly:0 RuntimeOnly:0 HLODRelevant:0
 |   |   |- Guid:FE4F9F4044D3F2F9C3F6629B135091C3 BaseClass: NativeClass:/Script/Engine.StaticMeshActor Name:StaticMeshActor_36 Label:SM_Cube3 SpatiallyLoaded:1 Bounds:IsValid=true, Min=(X=0.000 Y=3400.000 Z=0.000), Max=(X=3000.000 Y=3500.000 Z=400.000) RuntimeGrid:None EditorOnly:0 RuntimeOnly:0 HLODRelevant:1 FolderPath:Playground FolderGuid:8746DDAD42A18A3736DBE9BBB77675E5
 |   |- [+] Clusters:
 |   |   |- [+] [  0]
 |   |   |   |- Guid:74C0D72547CD5136527E659C496247BB BaseClass: NativeClass:/Script/Engine.StaticMeshActor Name:StaticMeshActor_53 Label:SM_ChamferCube SpatiallyLoaded:1 Bounds:IsValid=true, Min=(X=761.762 Y=2853.712 Z=0.063), Max=(X=902.646 Y=2994.595 Z=100.063) RuntimeGrid:None EditorOnly:0 RuntimeOnly:0 HLODRelevant:0
 |   |   |- [+] [  1]
 |   |   |   |- Guid:04474C184174178CBE33008B73B3EBC6 BaseClass: NativeClass:/Script/Engine.StaticMeshActor Name:StaticMeshActor_UAID_B42E991F4C8D80C501_1747893799 Label:SM_Cube14 SpatiallyLoaded:1 Bounds:IsValid=true, Min=(X=1131.000 Y=2143.000 Z=300.000), Max=(X=1731.000 Y=2443.000 Z=400.000) RuntimeGrid:None EditorOnly:0 RuntimeOnly:0 HLODRelevant:1 FolderPath:Block01 FolderGuid:A3D0865D40B5211925A81EB39A13C84D
 |   |   |- [+] [  2]
 |   |   |   |- Guid:963169944433A544D75FF79A1B9FC159 BaseClass: NativeClass:/Script/NavigationSystem.NavMeshBoundsVolume Name:NavMeshBoundsVolume_1 Label:NavMeshBoundsVolume SpatiallyLoaded:0 Bounds:IsValid=true, Min=(X=-216.000 Y=-163.000 Z=-1047.500), Max=(X=2984.000 Y=3537.000 Z=1327.500) RuntimeGrid:None EditorOnly:0 RuntimeOnly:0 HLODRelevant:0 FolderPath:Navigation FolderGuid:5FBB7B1041A3902AEFBB4E87AA1D500F
 |   |   |- [+] [  3]
 |   |   |   |- Guid:A533D9944814A4CC2A2EEB86C9FFA323 BaseClass: NativeClass:/Script/Engine.StaticMeshActor Name:StaticMeshActor_54 Label:SM_ChamferCube3 SpatiallyLoaded:1 Bounds:IsValid=true, Min=(X=711.512 Y=2824.945 Z=100.063), Max=(X=848.115 Y=2961.548 Z=200.063) RuntimeGrid:None EditorOnly:0 RuntimeOnly:0 HLODRelevant:0
 |   |   |- [+] [  4]
 |   |   |   |- Guid:86104D084AB1F8B51BBD19A68761E3CA BaseClass: NativeClass:/Script/Engine.StaticMeshActor Name:StaticMeshActor_UAID_B42E991F4C8D80C501_1754497800 Label:SM_Cube15 SpatiallyLoaded:1 Bounds:IsValid=true, Min=(X=739.000 Y=2402.000 Z=625.000), Max=(X=1339.000 Y=2702.000 Z=725.000) RuntimeGrid:None EditorOnly:0 RuntimeOnly:0 HLODRelevant:1 FolderPath:Block01 FolderGuid:A3D0865D40B5211925A81EB39A13C84D
 |   |   |- [+] [  5]
 |   |   |   |- Guid:623ECEC1492D3E477CA1D4AE96495F69 BaseClass:/Game/TopDown/Blueprints/BP_NavLinkGenerator.BP_NavLinkGenerator_C NativeClass:/Script/FYP.MyNavLinkGenerator Name:BP_NavLinkGenerator_C_UAID_B42E991F4C8D30C501_1461393988 Label:BP_NavLinkGenerator SpatiallyLoaded:1 Bounds:IsValid=true, Min=(X=40.000 Y=60.000 Z=400.000), Max=(X=40.000 Y=60.000 Z=400.000) RuntimeGrid:None EditorOnly:0 RuntimeOnly:0 HLODRelevant:0
 |   |   |- [+] [  6]
 |   |   |   |- Guid:30527CC149F7950197BFFDB79ABBC6A9 BaseClass: NativeClass:/Script/Engine.TextRenderActor Name:TextRenderActor_1 Label:TextRenderActor SpatiallyLoaded:1 Bounds:IsValid=true, Min=(X=-0.100 Y=1100.000 Z=65.013), Max=(X=-0.100 Y=2225.000 Z=215.013) RuntimeGrid:None EditorOnly:0 RuntimeOnly:0 HLODRelevant:0
 |   |   |- [+] [  7]
 |   |   |   |- Guid:07810DB5476552C6ECC207B8FBE94500 BaseClass: NativeClass:/Script/Engine.StaticMeshActor Name:StaticMeshActor_UAID_A4AE111137DC5CFB00_1546167071 Label:SM_SkySphere SpatiallyLoaded:0 Bounds:IsValid=true, Min=(X=-1638400.000 Y=-1638400.000 Z=-1638400.000), Max=(X=1638400.000 Y=1638400.000 Z=1638400.000) RuntimeGrid:None EditorOnly:0 RuntimeOnly:0 HLODRelevant:1 FolderPath:Lighting FolderGuid:E13570EE436BA15E35C622BAA5B21164
 |   |   |- [+] [  8]
 |   |   |   |- Guid:0EE0E5D1466B2603910C569929142127 BaseClass: NativeClass:/Script/Engine.StaticMeshActor Name:StaticMeshActor_39 Label:SM_Cube5 SpatiallyLoaded:1 Bounds:IsValid=true, Min=(X=-0.000 Y=100.000 Z=0.000), Max=(X=100.000 Y=3400.000 Z=400.000) RuntimeGrid:None EditorOnly:0 RuntimeOnly:0 HLODRelevant:1 FolderPath:Playground FolderGuid:8746DDAD42A18A3736DBE9BBB77675E5
 |   |   |- [+] [  9]
 |   |   |   |- Guid:128AFB4143646D4352518685931F01DD BaseClass: NativeClass:/Script/Engine.StaticMeshActor Name:StaticMeshActor_56 Label:SM_ChamferCube5 SpatiallyLoaded:1 Bounds:IsValid=true, Min=(X=2419.765 Y=1390.593 Z=0.063), Max=(X=2547.936 Y=1518.765 Z=100.063) RuntimeGrid:None EditorOnly:0 RuntimeOnly:0 HLODRelevant:0
 |   |   |- [+] [ 10]
 |   |   |   |- Guid:124EE53143C875A1C4F174B08C31D407 BaseClass: NativeClass:/Script/Engine.SkyAtmosphere Name:SkyAtmosphere_1 Label:SkyAtmosphere SpatiallyLoaded:0 Bounds:IsValid=true, Min=(X=0.000 Y=0.000 Z=1020.000), Max=(X=0.000 Y=0.000 Z=1020.000) RuntimeGrid:None EditorOnly:0 RuntimeOnly:0 HLODRelevant:0 FolderPath:Lighting FolderGuid:E13570EE436BA15E35C622BAA5B21164
 |   |   |- [+] [ 11]
 |   |   |   |- Guid:1A013F6D454DDAB5AD8E77B766ED9FAD BaseClass: NativeClass:/Script/Engine.ExponentialHeightFog Name:ExponentialHeightFog_1 Label:ExponentialHeightFog SpatiallyLoaded:0 Bounds:IsValid=true, Min=(X=-5600.000 Y=-50.000 Z=-6850.000), Max=(X=-5600.000 Y=-50.000 Z=-6850.000) RuntimeGrid:None EditorOnly:0 RuntimeOnly:0 HLODRelevant:0 FolderPath:Lighting FolderGuid:E13570EE436BA15E35C622BAA5B21164
 |   |   |- [+] [ 12]
 |   |   |   |- Guid:BC9F05DA4F26FE20B8ADBEAC803D9E07 BaseClass: NativeClass:/Script/Engine.PostProcessVolume Name:PostProcessVolume_1 Label:PostProcessVolume SpatiallyLoaded:0 Bounds:IsValid=true, Min=(X=0.000 Y=0.000 Z=400.000), Max=(X=200.000 Y=200.000 Z=600.000) RuntimeGrid:None EditorOnly:0 RuntimeOnly:0 HLODRelevant:0 FolderPath:Lighting FolderGuid:E13570EE436BA15E35C622BAA5B21164
 |   |   |- [+] [ 13]
 |   |   |   |- Guid:505B4ED943FA99164AF46CAED7EC7B12 BaseClass: NativeClass:/Script/Engine.StaticMeshActor Name:StaticMeshActor_34 Label:SM_Cube SpatiallyLoaded:1 Bounds:IsValid=true, Min=(X=0.000 Y=0.000 Z=-50.000), Max=(X=3000.000 Y=3500.000 Z=0.000) RuntimeGrid:None EditorOnly:0 RuntimeOnly:0 HLODRelevant:1 FolderPath:Playground FolderGuid:8746DDAD42A18A3736DBE9BBB77675E5
 |   |   |- [+] [ 14]
 |   |   |   |- Guid:FE4F9F4044D3F2F9C3F6629B135091C3 BaseClass: NativeClass:/Script/Engine.StaticMeshActor Name:StaticMeshActor_36 Label:SM_Cube3 SpatiallyLoaded:1 Bounds:IsValid=true, Min=(X=0.000 Y=3400.000 Z=0.000), Max=(X=3000.000 Y=3500.000 Z=400.000) RuntimeGrid:None EditorOnly:0 RuntimeOnly:0 HLODRelevant:1 FolderPath:Playground FolderGuid:8746DDAD42A18A3736DBE9BBB77675E5
 |   |   |- [+] [ 15]
 |   |   |   |- Guid:C1F343BF47546FC406FC86B4815E25C6 BaseClass: NativeClass:/Script/Engine.DirectionalLight Name:DirectionalLight_1 Label:DirectionalLight SpatiallyLoaded:0 Bounds:IsValid=true, Min=(X=-1048576.000 Y=-1048576.000 Z=-1048576.000), Max=(X=1048576.000 Y=1048576.000 Z=1048576.000) RuntimeGrid:None EditorOnly:0 RuntimeOnly:0 HLODRelevant:0 FolderPath:Lighting FolderGuid:E13570EE436BA15E35C622BAA5B21164
 |   |   |- [+] [ 16]
 |   |   |   |- Guid:6CFE69CB41732F0CDEB04A85666FA67E BaseClass: NativeClass:/Script/Engine.WorldDataLayers Name:WorldDataLayers Label:WorldDataLayers-1 SpatiallyLoaded:0 Bounds:IsValid=true, Min=(X=0.000 Y=0.000 Z=0.000), Max=(X=0.000 Y=0.000 Z=0.000) RuntimeGrid:None EditorOnly:0 RuntimeOnly:0 HLODRelevant:0
 |   |   |- [+] [ 17]
 |   |   |   |- Guid:B2B17A544848C4EE12AC56902BA39CC3 BaseClass: NativeClass:/Script/Engine.StaticMeshActor Name:StaticMeshActor_UAID_B42E991F4C8D33C501_1402788414 Label:SM_Cube12 SpatiallyLoaded:1 Bounds:IsValid=true, Min=(X=1182.000 Y=1690.000 Z=300.000), Max=(X=1782.000 Y=1990.000 Z=400.000) RuntimeGrid:None EditorOnly:0 RuntimeOnly:0 HLODRelevant:1 FolderPath:Block01 FolderGuid:A3D0865D40B5211925A81EB39A13C84D
 |   |   |- [+] [ 18]
 |   |   |   |- Guid:A45756D6495C3CBE8AA73EAD039CE983 BaseClass: NativeClass:/Script/Engine.StaticMeshActor Name:StaticMeshActor_35 Label:SM_Cube2 SpatiallyLoaded:1 Bounds:IsValid=true, Min=(X=0.000 Y=0.000 Z=0.000), Max=(X=3000.000 Y=100.000 Z=400.000) RuntimeGrid:None EditorOnly:0 RuntimeOnly:0 HLODRelevant:1 FolderPath:Playground FolderGuid:8746DDAD42A18A3736DBE9BBB77675E5
 |   |   |- [+] [ 19]
 |   |   |   |- Guid:20BCA97640857441FE4D28B054684C07 BaseClass: NativeClass:/Script/Engine.StaticMeshActor Name:StaticMeshActor_40 Label:SM_Cube6 SpatiallyLoaded:1 Bounds:IsValid=true, Min=(X=2900.000 Y=100.000 Z=0.000), Max=(X=3000.000 Y=3400.000 Z=400.000) RuntimeGrid:None EditorOnly:0 RuntimeOnly:0 HLODRelevant:1 FolderPath:Playground FolderGuid:8746DDAD42A18A3736DBE9BBB77675E5
 |   |   |- [+] [ 20]
 |   |   |   |- Guid:7253A9A143757B6FBCFC979462C8F07A BaseClass: NativeClass:/Script/Engine.StaticMeshActor Name:StaticMeshActor_55 Label:SM_ChamferCube4 SpatiallyLoaded:1 Bounds:IsValid=true, Min=(X=663.409 Y=2784.238 Z=0.063), Max=(X=804.292 Y=2925.121 Z=100.063) RuntimeGrid:None EditorOnly:0 RuntimeOnly:0 HLODRelevant:0
 |   |   |- [+] [ 21]
 |   |   |   |- Guid:2D35D16542032F78BA8C8AB1CC4FA726 BaseClass: NativeClass:/Script/Engine.PlayerStart Name:PlayerStart_1 Label:PlayerStart SpatiallyLoaded:0 Bounds:IsValid=true, Min=(X=960.000 Y=1770.000 Z=0.013), Max=(X=1040.000 Y=1850.000 Z=184.013) RuntimeGrid:None EditorOnly:0 RuntimeOnly:0 HLODRelevant:0
 |   |   |- [+] [ 22]
 |   |   |   |- Guid:736975F64DE43E6FFE67E3B0B4F3ACE3 BaseClass: NativeClass:/Script/Engine.StaticMeshActor Name:StaticMeshActor_UAID_B42E991F4C8D80C501_1760370801 Label:SM_Cube16 SpatiallyLoaded:1 Bounds:IsValid=true, Min=(X=1488.000 Y=2330.000 Z=830.000), Max=(X=2088.000 Y=2630.000 Z=930.000) RuntimeGrid:None EditorOnly:0 RuntimeOnly:0 HLODRelevant:1 FolderPath:Block01 FolderGuid:A3D0865D40B5211925A81EB39A13C84D
 |   |   |- [+] [ 23]
 |   |   |   |- Guid:3B8D18C3444B92F757CDEF93563439AE BaseClass: NativeClass:/Script/Engine.StaticMeshActor Name:StaticMeshActor_UAID_B42E991F4C8D33C501_1394914413 Label:SM_Cube11 SpatiallyLoaded:1 Bounds:IsValid=true, Min=(X=982.000 Y=1320.000 Z=180.000), Max=(X=1482.000 Y=1520.000 Z=280.000) RuntimeGrid:None EditorOnly:0 RuntimeOnly:0 HLODRelevant:1 FolderPath:Block01 FolderGuid:A3D0865D40B5211925A81EB39A13C84D
 |   |   |- [+] [ 24]
 |   |   |   |- Guid:5C38F3714AB01D1B715A8DBEB736004F BaseClass: NativeClass:/Script/Engine.StaticMeshActor Name:StaticMeshActor_UAID_B42E991F4C8D34C501_1713903040 Label:SM_Cube13 SpatiallyLoaded:1 Bounds:IsValid=true, Min=(X=1280.000 Y=1350.000 Z=560.000), Max=(X=1780.000 Y=1550.000 Z=660.000) RuntimeGrid:None EditorOnly:0 RuntimeOnly:0 HLODRelevant:1 FolderPath:Block01 FolderGuid:A3D0865D40B5211925A81EB39A13C84D
 |   |   |- [+] [ 25]
 |   |   |   |- Guid:3AA00CC7473B3AB860032482C86F1357 BaseClass: NativeClass:/Script/Engine.SkyLight Name:SkyLight_1 Label:SkyLight SpatiallyLoaded:0 Bounds:IsValid=true, Min=(X=0.000 Y=0.000 Z=690.000), Max=(X=0.000 Y=0.000 Z=690.000) RuntimeGrid:None EditorOnly:0 RuntimeOnly:0 HLODRelevant:0 FolderPath:Lighting FolderGuid:E13570EE436BA15E35C622BAA5B21164
 |   |   |- [+] [ 26]
 |   |   |   |- Guid:E92B029A43F3DD683C1B2481BF7B68DE BaseClass: NativeClass:/Script/Engine.VolumetricCloud Name:VolumetricCloud_1 Label:VolumetricCloud SpatiallyLoaded:0 Bounds:IsValid=true, Min=(X=0.000 Y=0.000 Z=820.000), Max=(X=0.000 Y=0.000 Z=820.000) RuntimeGrid:None EditorOnly:0 RuntimeOnly:0 HLODRelevant:0 FolderPath:Lighting FolderGuid:E13570EE436BA15E35C622BAA5B21164
 |   |   |- [+] [ 27]
 |   |   |   |- Guid:F8BE6DB441FA38E649CF71838B26625C BaseClass:/Game/TopDown/Blueprints/BP_MyNavLinkProxy.BP_MyNavLinkProxy_C NativeClass:/Script/FYP.MyNavLinkProxy Name:BP_MyNavLinkProxy_C_UAID_B42E991F4C8D7DD101_1474832124 Label:BP_MyNavLinkProxy SpatiallyLoaded:1 Bounds:IsValid=true, Min=(X=0.000 Y=0.000 Z=0.000), Max=(X=0.000 Y=0.000 Z=0.000) RuntimeGrid:None EditorOnly:0 RuntimeOnly:0 HLODRelevant:0
 |   |   |   |- Guid:352C1C6E4206072554CE038AA8705058 BaseClass:/Game/TopDown/Blueprints/BP_MyNavLink.BP_MyNavLink_C NativeClass:/Script/Engine.Actor Name:BP_MyNavLink_C_UAID_B42E991F4C8D7DD101_1474829123 Label:BP_MyNavLink SpatiallyLoaded:1 Bounds:IsValid=true, Min=(X=1434.500 Y=1785.000 Z=402.500), Max=(X=1434.500 Y=1785.000 Z=402.500) RuntimeGrid:None EditorOnly:0 RuntimeOnly:0 HLODRelevant:0
 |   |   |- [+] [ 28]
 |   |   |   |- Guid:4568E5A8404E6228D58787AA4ED3C7F0 BaseClass:/Game/TopDown/Blueprints/BP_MyNavLinkProxy.BP_MyNavLinkProxy_C NativeClass:/Script/FYP.MyNavLinkProxy Name:BP_MyNavLinkProxy_C_UAID_B42E991F4C8D7DD101_1474837126 Label:BP_MyNavLinkProxy SpatiallyLoaded:1 Bounds:IsValid=true, Min=(X=0.000 Y=0.000 Z=0.000), Max=(X=0.000 Y=0.000 Z=0.000) RuntimeGrid:None EditorOnly:0 RuntimeOnly:0 HLODRelevant:0
 |   |   |   |- Guid:6583603245EE7EF26C3BA5BD76D130E7 BaseClass:/Game/TopDown/Blueprints/BP_MyNavLink.BP_MyNavLink_C NativeClass:/Script/Engine.Actor Name:BP_MyNavLink_C_UAID_B42E991F4C8D7DD101_1474835125 Label:BP_MyNavLink SpatiallyLoaded:1 Bounds:IsValid=true, Min=(X=778.000 Y=2289.500 Z=2.500), Max=(X=778.000 Y=2289.500 Z=2.500) RuntimeGrid:None EditorOnly:0 RuntimeOnly:0 HLODRelevant:0
 |   |   |- [+] [ 29]
 |   |   |   |- Guid:3FB5679D434701BFF7CB8391CCD3DDDD BaseClass:/Game/TopDown/Blueprints/BP_MyNavLinkProxy.BP_MyNavLinkProxy_C NativeClass:/Script/FYP.MyNavLinkProxy Name:BP_MyNavLinkProxy_C_UAID_B42E991F4C8D7DD101_1474840128 Label:BP_MyNavLinkProxy SpatiallyLoaded:1 Bounds:IsValid=true, Min=(X=0.000 Y=0.000 Z=0.000), Max=(X=0.000 Y=0.000 Z=0.000) RuntimeGrid:None EditorOnly:0 RuntimeOnly:0 HLODRelevant:0
 |   |   |   |- Guid:C615D9084301ABF162FE249B82D89208 BaseClass:/Game/TopDown/Blueprints/BP_MyNavLink.BP_MyNavLink_C NativeClass:/Script/Engine.Actor Name:BP_MyNavLink_C_UAID_B42E991F4C8D7DD101_1474839127 Label:BP_MyNavLink SpatiallyLoaded:1 Bounds:IsValid=true, Min=(X=1434.500 Y=2794.000 Z=2.500), Max=(X=1434.500 Y=2794.000 Z=2.500) RuntimeGrid:None EditorOnly:0 RuntimeOnly:0 HLODRelevant:0
 |   |   |- [+] [ 30]
 |   |   |   |- Guid:819367B3465BE2BECDBA86BEBC14FD0B BaseClass:/Game/TopDown/Blueprints/BP_MyNavLinkProxy.BP_MyNavLinkProxy_C NativeClass:/Script/FYP.MyNavLinkProxy Name:BP_MyNavLinkProxy_C_UAID_B42E991F4C8D7DD101_1474845130 Label:BP_MyNavLinkProxy SpatiallyLoaded:1 Bounds:IsValid=true, Min=(X=0.000 Y=0.000 Z=0.000), Max=(X=0.000 Y=0.000 Z=0.000) RuntimeGrid:None EditorOnly:0 RuntimeOnly:0 HLODRelevant:0
 |   |   |   |- Guid:338835A84650F55B3DFC8AA8107D6F53 BaseClass:/Game/TopDown/Blueprints/BP_MyNavLink.BP_MyNavLink_C NativeClass:/Script/Engine.Actor Name:BP_MyNavLink_C_UAID_B42E991F4C8D7DD101_1474843129 Label:BP_MyNavLink SpatiallyLoaded:1 Bounds:IsValid=true, Min=(X=2091.000 Y=2289.500 Z=2.500), Max=(X=2091.000 Y=2289.500 Z=2.500) RuntimeGrid:None EditorOnly:0 RuntimeOnly:0 HLODRelevant:0
 |   |   |- [+] [ 31]
 |   |   |   |- Guid:8C0EDB0742A2F64854801B816CAD002B BaseClass:/Game/TopDown/Blueprints/BP_MyNavLinkProxy.BP_MyNavLinkProxy_C NativeClass:/Script/FYP.MyNavLinkProxy Name:BP_MyNavLinkProxy_C_UAID_B42E991F4C8D7DD101_1474848132 Label:BP_MyNavLinkProxy SpatiallyLoaded:1 Bounds:IsValid=true, Min=(X=0.000 Y=0.000 Z=0.000), Max=(X=0.000 Y=0.000 Z=0.000) RuntimeGrid:None EditorOnly:0 RuntimeOnly:0 HLODRelevant:0
 |   |   |   |- Guid:9A162FCA4DB0E36E363A63B8B3DC3C5D BaseClass:/Game/TopDown/Blueprints/BP_MyNavLink.BP_MyNavLink_C NativeClass:/Script/Engine.Actor Name:BP_MyNavLink_C_UAID_B42E991F4C8D7DD101_1474847131 Label:BP_MyNavLink SpatiallyLoaded:1 Bounds:IsValid=true, Min=(X=1235.000 Y=968.000 Z=2.500), Max=(X=1235.000 Y=968.000 Z=2.500) RuntimeGrid:None EditorOnly:0 RuntimeOnly:0 HLODRelevant:0
 |   |   |- [+] [ 32]
 |   |   |   |- Guid:AB1C731A47D556B7A9AD00AC8F393838 BaseClass:/Game/TopDown/Blueprints/BP_MyNavLinkProxy.BP_MyNavLinkProxy_C NativeClass:/Script/FYP.MyNavLinkProxy Name:BP_MyNavLinkProxy_C_UAID_B42E991F4C8D7DD101_1474852134 Label:BP_MyNavLinkProxy SpatiallyLoaded:1 Bounds:IsValid=true, Min=(X=0.000 Y=0.000 Z=0.000), Max=(X=0.000 Y=0.000 Z=0.000) RuntimeGrid:None EditorOnly:0 RuntimeOnly:0 HLODRelevant:0
 |   |   |   |- Guid:945BD4A341F5390B2B947DB577A7E55D BaseClass:/Game/TopDown/Blueprints/BP_MyNavLink.BP_MyNavLink_C NativeClass:/Script/Engine.Actor Name:BP_MyNavLink_C_UAID_B42E991F4C8D7DD101_1474851133 Label:BP_MyNavLink SpatiallyLoaded:1 Bounds:IsValid=true, Min=(X=626.000 Y=1425.000 Z=2.500), Max=(X=626.000 Y=1425.000 Z=2.500) RuntimeGrid:None EditorOnly:0 RuntimeOnly:0 HLODRelevant:0
 |   |   |- [+] [ 33]
 |   |   |   |- Guid:E2F747104587B262ED7005B3C47AB02D BaseClass:/Game/TopDown/Blueprints/BP_MyNavLinkProxy.BP_MyNavLinkProxy_C NativeClass:/Script/FYP.MyNavLinkProxy Name:BP_MyNavLinkProxy_C_UAID_B42E991F4C8D7DD101_1474856136 Label:BP_MyNavLinkProxy SpatiallyLoaded:1 Bounds:IsValid=true, Min=(X=0.000 Y=0.000 Z=0.000), Max=(X=0.000 Y=0.000 Z=0.000) RuntimeGrid:None EditorOnly:0 RuntimeOnly:0 HLODRelevant:0
 |   |   |   |- Guid:F8973D444C50A25F7C3E9A91A43E1034 BaseClass:/Game/TopDown/Blueprints/BP_MyNavLink.BP_MyNavLink_C NativeClass:/Script/Engine.Actor Name:BP_MyNavLink_C_UAID_B42E991F4C8D7DD101_1474854135 Label:BP_MyNavLink SpatiallyLoaded:1 Bounds:IsValid=true, Min=(X=1235.000 Y=1882.000 Z=2.500), Max=(X=1235.000 Y=1882.000 Z=2.500) RuntimeGrid:None EditorOnly:0 RuntimeOnly:0 HLODRelevant:0
 |   |   |- [+] [ 34]
 |   |   |   |- Guid:8C8E514D4F7E4FEA01BC71AE91607F46 BaseClass:/Game/TopDown/Blueprints/BP_MyNavLinkProxy.BP_MyNavLinkProxy_C NativeClass:/Script/FYP.MyNavLinkProxy Name:BP_MyNavLinkProxy_C_UAID_B42E991F4C8D7DD101_1474860138 Label:BP_MyNavLinkProxy SpatiallyLoaded:1 Bounds:IsValid=true, Min=(X=0.000 Y=0.000 Z=0.000), Max=(X=0.000 Y=0.000 Z=0.000) RuntimeGrid:None EditorOnly:0 RuntimeOnly:0 HLODRelevant:0
 |   |   |   |- Guid:B3C489614691DA372D3649A5A860ECAA BaseClass:/Game/TopDown/Blueprints/BP_MyNavLink.BP_MyNavLink_C NativeClass:/Script/Engine.Actor Name:BP_MyNavLink_C_UAID_B42E991F4C8D7DD101_1474858137 Label:BP_MyNavLink SpatiallyLoaded:1 Bounds:IsValid=true, Min=(X=1844.000 Y=1425.000 Z=2.500), Max=(X=1844.000 Y=1425.000 Z=2.500) RuntimeGrid:None EditorOnly:0 RuntimeOnly:0 HLODRelevant:0
 |   |   |- [+] [ 35]
 |   |   |   |- Guid:372AF51D419E4DF71C1639B647AC19DE BaseClass:/Game/TopDown/Blueprints/BP_MyNavLinkProxy.BP_MyNavLinkProxy_C NativeClass:/Script/FYP.MyNavLinkProxy Name:BP_MyNavLinkProxy_C_UAID_B42E991F4C8D7DD101_1474863140 Label:BP_MyNavLinkProxy SpatiallyLoaded:1 Bounds:IsValid=true, Min=(X=0.000 Y=0.000 Z=0.000), Max=(X=0.000 Y=0.000 Z=0.000) RuntimeGrid:None EditorOnly:0 RuntimeOnly:0 HLODRelevant:0
 |   |   |   |- Guid:56092650476913E20D5FDDBA4489CA5D BaseClass:/Game/TopDown/Blueprints/BP_MyNavLink.BP_MyNavLink_C NativeClass:/Script/Engine.Actor Name:BP_MyNavLink_C_UAID_B42E991F4C8D7DD101_1474862139 Label:BP_MyNavLink SpatiallyLoaded:1 Bounds:IsValid=true, Min=(X=1444.000 Y=1368.000 Z=282.500), Max=(X=1444.000 Y=1368.000 Z=282.500) RuntimeGrid:None EditorOnly:0 RuntimeOnly:0 HLODRelevant:0
 |   |   |- [+] [ 36]
 |   |   |   |- Guid:2FEBDEF34D0DF710259D708C17DF61E5 BaseClass:/Game/TopDown/Blueprints/BP_MyNavLinkProxy.BP_MyNavLinkProxy_C NativeClass:/Script/FYP.MyNavLinkProxy Name:BP_MyNavLinkProxy_C_UAID_B42E991F4C8D7DD101_1474867142 Label:BP_MyNavLinkProxy SpatiallyLoaded:1 Bounds:IsValid=true, Min=(X=0.000 Y=0.000 Z=0.000), Max=(X=0.000 Y=0.000 Z=0.000) RuntimeGrid:None EditorOnly:0 RuntimeOnly:0 HLODRelevant:0
 |   |   |   |- Guid:F4FC97854E6529C20E6E58B8B90BD3F8 BaseClass:/Game/TopDown/Blueprints/BP_MyNavLink.BP_MyNavLink_C NativeClass:/Script/Engine.Actor Name:BP_MyNavLink_C_UAID_B42E991F4C8D7DD101_1474865141 Label:BP_MyNavLink SpatiallyLoaded:1 Bounds:IsValid=true, Min=(X=835.000 Y=1833.500 Z=2.500), Max=(X=835.000 Y=1833.500 Z=2.500) RuntimeGrid:None EditorOnly:0 RuntimeOnly:0 HLODRelevant:0
 |   |   |- [+] [ 37]
 |   |   |   |- Guid:014A95954B173C8FD94F7FBDCC99098F BaseClass:/Game/TopDown/Blueprints/BP_MyNavLinkProxy.BP_MyNavLinkProxy_C NativeClass:/Script/FYP.MyNavLinkProxy Name:BP_MyNavLinkProxy_C_UAID_B42E991F4C8D7DD101_1474871144 Label:BP_MyNavLinkProxy SpatiallyLoaded:1 Bounds:IsValid=true, Min=(X=0.000 Y=0.000 Z=0.000), Max=(X=0.000 Y=0.000 Z=0.000) RuntimeGrid:None EditorOnly:0 RuntimeOnly:0 HLODRelevant:0
 |   |   |   |- Guid:58CB23E44FF60430AB53C1A0B51475F5 BaseClass:/Game/TopDown/Blueprints/BP_MyNavLink.BP_MyNavLink_C NativeClass:/Script/Engine.Actor Name:BP_MyNavLink_C_UAID_B42E991F4C8D7DD101_1474869143 Label:BP_MyNavLink SpatiallyLoaded:1 Bounds:IsValid=true, Min=(X=1482.000 Y=2338.000 Z=402.500), Max=(X=1482.000 Y=2338.000 Z=402.500) RuntimeGrid:None EditorOnly:0 RuntimeOnly:0 HLODRelevant:0
 |   |   |- [+] [ 38]
 |   |   |   |- Guid:761ECD114BB43466438ACAB716116661 BaseClass:/Game/TopDown/Blueprints/BP_MyNavLinkProxy.BP_MyNavLinkProxy_C NativeClass:/Script/FYP.MyNavLinkProxy Name:BP_MyNavLinkProxy_C_UAID_B42E991F4C8D7DD101_1474874146 Label:BP_MyNavLinkProxy SpatiallyLoaded:1 Bounds:IsValid=true, Min=(X=0.000 Y=0.000 Z=0.000), Max=(X=0.000 Y=0.000 Z=0.000) RuntimeGrid:None EditorOnly:0 RuntimeOnly:0 HLODRelevant:0
 |   |   |   |- Guid:24780019408BC07B151ED38B1507E7B4 BaseClass:/Game/TopDown/Blueprints/BP_MyNavLink.BP_MyNavLink_C NativeClass:/Script/Engine.Actor Name:BP_MyNavLink_C_UAID_B42E991F4C8D7DD101_1474873145 Label:BP_MyNavLink SpatiallyLoaded:1 Bounds:IsValid=true, Min=(X=2129.000 Y=1833.500 Z=2.500), Max=(X=2129.000 Y=1833.500 Z=2.500) RuntimeGrid:None EditorOnly:0 RuntimeOnly:0 HLODRelevant:0
 |   |   |- [+] [ 39]
 |   |   |   |- Guid:D9FB0A6745EAAAAF3932438A1A411B29 BaseClass:/Game/TopDown/Blueprints/BP_MyNavLinkProxy.BP_MyNavLinkProxy_C NativeClass:/Script/FYP.MyNavLinkProxy Name:BP_MyNavLinkProxy_C_UAID_B42E991F4C8D7DD101_1474878148 Label:BP_MyNavLinkProxy SpatiallyLoaded:1 Bounds:IsValid=true, Min=(X=0.000 Y=0.000 Z=0.000), Max=(X=0.000 Y=0.000 Z=0.000) RuntimeGrid:None EditorOnly:0 RuntimeOnly:0 HLODRelevant:0
 |   |   |   |- Guid:19F713594ED7E30810349C942161535F BaseClass:/Game/TopDown/Blueprints/BP_MyNavLink.BP_MyNavLink_C NativeClass:/Script/Engine.Actor Name:BP_MyNavLink_C_UAID_B42E991F4C8D7DD101_1474877147 Label:BP_MyNavLink SpatiallyLoaded:1 Bounds:IsValid=true, Min=(X=1529.500 Y=1901.000 Z=402.500), Max=(X=1529.500 Y=1901.000 Z=402.500) RuntimeGrid:None EditorOnly:0 RuntimeOnly:0 HLODRelevant:0
 |   |   |- [+] [ 40]
 |   |   |   |- Guid:0B7570D34BD9C141F5EDF28FACF4AADA BaseClass:/Game/TopDown/Blueprints/BP_MyNavLinkProxy.BP_MyNavLinkProxy_C NativeClass:/Script/FYP.MyNavLinkProxy Name:BP_MyNavLinkProxy_C_UAID_B42E991F4C8D7DD101_1474883150 Label:BP_MyNavLinkProxy SpatiallyLoaded:1 Bounds:IsValid=true, Min=(X=0.000 Y=0.000 Z=0.000), Max=(X=0.000 Y=0.000 Z=0.000) RuntimeGrid:None EditorOnly:0 RuntimeOnly:0 HLODRelevant:0
 |   |   |   |- Guid:966C31054F54E095FF7F39B7DBECA7E3 BaseClass:/Game/TopDown/Blueprints/BP_MyNavLink.BP_MyNavLink_C NativeClass:/Script/Engine.Actor Name:BP_MyNavLink_C_UAID_B42E991F4C8D7DD101_1474881149 Label:BP_MyNavLink SpatiallyLoaded:1 Bounds:IsValid=true, Min=(X=1139.000 Y=2479.500 Z=732.500), Max=(X=1139.000 Y=2479.500 Z=732.500) RuntimeGrid:None EditorOnly:0 RuntimeOnly:0 HLODRelevant:0
 |- ContainerInstances:
 |- [+] MainContainer:
 |   |-        ID: 0x0000000000000000
 |   |-    Bounds: IsValid=false, Min=(X=0.000 Y=0.000 Z=0.000), Max=(X=0.000 Y=0.000 Z=0.000)
 |   |- Transform: 0.000000,0.000000,0.000000|0.000000,0.000000,-0.000000|1.000000,1.000000,1.000000
 |   |- Container: /Game/TopDown/Maps/TopDownMap
----------------------------------------------------------------------------------------------------------------
TopDownMap - Persistent Level
----------------------------------------------------------------------------------------------------------------
Always loaded Actor Count: 233 

----------------------------------------------------------------------------------------------------------------
TopDownMap - Runtime Spatial Hash - Streaming Grid - MainGrid
----------------------------------------------------------------------------------------------------------------
            Origin: X=0.000 Y=0.000 Z=0.000
         Cell Size: 12800
      World Bounds: IsValid=false, Min=(X=0.000 Y=0.000 Z=0.000), Max=(X=0.000 Y=0.000 Z=0.000)
     Loading Range: 25600.00
Block Slow Loading: No
 ClientOnlyVisible: No

[+] Grid Levels: 1
 |- Level  0: Cell Count    0 | Cell Size   12800 | Actor Count    0 (0.0%)

[+] Content of Grid Level 0

