[+] Containers:
 |- [+] Container: /Game/TopDown/Maps/TopDownMap
 |   |- [+] ActorDescs:
 |   |   |- Guid:04474C184174178CBE33008B73B3EBC6 BaseClass: NativeClass:/Script/Engine.StaticMeshActor Name:StaticMeshActor_UAID_B42E991F4C8D80C501_1747893799 Label:SM_Cube14 SpatiallyLoaded:1 Bounds:IsValid=true, Min=(X=692.000 Y=2168.000 Z=300.000), Max=(X=1742.000 Y=2443.000 Z=400.000) RuntimeGrid:None EditorOnly:0 RuntimeOnly:0 HLODRelevant:1 FolderPath:Block01 FolderGuid:A3D0865D40B5211925A81EB39A13C84D
 |   |   |- Guid:07810DB5476552C6ECC207B8FBE94500 BaseClass: NativeClass:/Script/Engine.StaticMeshActor Name:StaticMeshActor_UAID_A4AE111137DC5CFB00_1546167071 Label:SM_SkySphere SpatiallyLoaded:0 Bounds:IsValid=true, Min=(X=-1638400.000 Y=-1638400.000 Z=-1638400.000), Max=(X=1638400.000 Y=1638400.000 Z=1638400.000) RuntimeGrid:None EditorOnly:0 RuntimeOnly:0 HLODRelevant:1 FolderPath:Lighting FolderGuid:E13570EE436BA15E35C622BAA5B21164
 |   |   |- Guid:08A45FED4A6CD4FD7ACD32B2F7FA9496 BaseClass:/Game/TopDown/Blueprints/BP_MyNavLink.BP_MyNavLink_C NativeClass:/Script/Engine.Actor Name:BP_MyNavLink_C_UAID_B42E991F4C8D0ED301_2034944459 Label:BP_MyNavLink SpatiallyLoaded:1 Bounds:IsValid=true, Min=(X=803.000 Y=1699.740 Z=-29.500), Max=(X=867.000 Y=1967.260 Z=34.500) RuntimeGrid:None EditorOnly:0 RuntimeOnly:0 HLODRelevant:0
 |   |   |- Guid:0EE0E5D1466B2603910C569929142127 BaseClass: NativeClass:/Script/Engine.StaticMeshActor Name:StaticMeshActor_39 Label:SM_Cube5 SpatiallyLoaded:1 Bounds:IsValid=true, Min=(X=-0.000 Y=100.000 Z=0.000), Max=(X=100.000 Y=3400.000 Z=400.000) RuntimeGrid:None EditorOnly:0 RuntimeOnly:0 HLODRelevant:1 FolderPath:Playground FolderGuid:8746DDAD42A18A3736DBE9BBB77675E5
 |   |   |- Guid:124EE53143C875A1C4F174B08C31D407 BaseClass: NativeClass:/Script/Engine.SkyAtmosphere Name:SkyAtmosphere_1 Label:SkyAtmosphere SpatiallyLoaded:0 Bounds:IsValid=true, Min=(X=0.000 Y=0.000 Z=1020.000), Max=(X=0.000 Y=0.000 Z=1020.000) RuntimeGrid:None EditorOnly:0 RuntimeOnly:0 HLODRelevant:0 FolderPath:Lighting FolderGuid:E13570EE436BA15E35C622BAA5B21164
 |   |   |- Guid:126C886E4180DEA6847437AF75869B2C BaseClass:/Game/TopDown/Blueprints/BP_MyNavLinkProxy.BP_MyNavLinkProxy_C NativeClass:/Script/FYP.MyNavLinkProxy Name:BP_MyNavLinkProxy_C_UAID_B42E991F4C8D0ED301_2034921444 Label:BP_MyNavLinkProxy SpatiallyLoaded:1 Bounds:IsValid=true, Min=(X=0.000 Y=0.000 Z=0.000), Max=(X=0.000 Y=0.000 Z=0.000) RuntimeGrid:None EditorOnly:0 RuntimeOnly:0 HLODRelevant:0
 |   |   |- Guid:128AFB4143646D4352518685931F01DD BaseClass: NativeClass:/Script/Engine.StaticMeshActor Name:StaticMeshActor_56 Label:SM_ChamferCube5 SpatiallyLoaded:1 Bounds:IsValid=true, Min=(X=2419.765 Y=1390.593 Z=0.063), Max=(X=2547.936 Y=1518.765 Z=100.063) RuntimeGrid:None EditorOnly:0 RuntimeOnly:0 HLODRelevant:0
 |   |   |- Guid:15A66D8144B794A3B05AB6B10E99B004 BaseClass:/Game/TopDown/Blueprints/BP_MyNavLink.BP_MyNavLink_C NativeClass:/Script/Engine.Actor Name:BP_MyNavLink_C_UAID_B42E991F4C8D0ED301_2034922445 Label:BP_MyNavLink SpatiallyLoaded:1 Bounds:IsValid=true, Min=(X=706.420 Y=2762.000 Z=-29.500), Max=(X=1022.580 Y=2826.000 Z=34.500) RuntimeGrid:None EditorOnly:0 RuntimeOnly:0 HLODRelevant:0
 |   |   |- Guid:1A013F6D454DDAB5AD8E77B766ED9FAD BaseClass: NativeClass:/Script/Engine.ExponentialHeightFog Name:ExponentialHeightFog_1 Label:ExponentialHeightFog SpatiallyLoaded:0 Bounds:IsValid=true, Min=(X=-5600.000 Y=-50.000 Z=-6850.000), Max=(X=-5600.000 Y=-50.000 Z=-6850.000) RuntimeGrid:None EditorOnly:0 RuntimeOnly:0 HLODRelevant:0 FolderPath:Lighting FolderGuid:E13570EE436BA15E35C622BAA5B21164
 |   |   |- Guid:1A953FD144FF79A120CE6FB01489EBDC BaseClass:/Game/TopDown/Blueprints/BP_MyNavLink.BP_MyNavLink_C NativeClass:/Script/Engine.Actor Name:BP_MyNavLink_C_UAID_B42E991F4C8D0ED301_2034965473 Label:BP_MyNavLink SpatiallyLoaded:1 Bounds:IsValid=true, Min=(X=1812.000 Y=1352.040 Z=-29.500), Max=(X=1876.000 Y=1497.960 Z=34.500) RuntimeGrid:None EditorOnly:0 RuntimeOnly:0 HLODRelevant:0
 |   |   |- Guid:1DC68CDF42532FB4E83113AF091AE8E6 BaseClass:/Game/TopDown/Blueprints/BP_MyNavLinkProxy.BP_MyNavLinkProxy_C NativeClass:/Script/FYP.MyNavLinkProxy Name:BP_MyNavLinkProxy_C_UAID_B42E991F4C8D0ED301_2034936454 Label:BP_MyNavLinkProxy SpatiallyLoaded:1 Bounds:IsValid=true, Min=(X=0.000 Y=0.000 Z=0.000), Max=(X=0.000 Y=0.000 Z=0.000) RuntimeGrid:None EditorOnly:0 RuntimeOnly:0 HLODRelevant:0
 |   |   |- Guid:20BCA97640857441FE4D28B054684C07 BaseClass: NativeClass:/Script/Engine.StaticMeshActor Name:StaticMeshActor_40 Label:SM_Cube6 SpatiallyLoaded:1 Bounds:IsValid=true, Min=(X=2900.000 Y=100.000 Z=0.000), Max=(X=3000.000 Y=3400.000 Z=400.000) RuntimeGrid:None EditorOnly:0 RuntimeOnly:0 HLODRelevant:1 FolderPath:Playground FolderGuid:8746DDAD42A18A3736DBE9BBB77675E5
 |   |   |- Guid:244F75D64FFC73A11BD60CBC8DE3E03A BaseClass:/Game/TopDown/Blueprints/BP_MyNavLinkProxy.BP_MyNavLinkProxy_C NativeClass:/Script/FYP.MyNavLinkProxy Name:BP_MyNavLinkProxy_C_UAID_B42E991F4C8D0ED301_2034960470 Label:BP_MyNavLinkProxy SpatiallyLoaded:1 Bounds:IsValid=true, Min=(X=0.000 Y=0.000 Z=0.000), Max=(X=0.000 Y=0.000 Z=0.000) RuntimeGrid:None EditorOnly:0 RuntimeOnly:0 HLODRelevant:0
 |   |   |- Guid:2611BFCC46433E6651E2B085DE60FE16 BaseClass:/Game/TopDown/Blueprints/BP_MyNavLink.BP_MyNavLink_C NativeClass:/Script/Engine.Actor Name:BP_MyNavLink_C_UAID_B42E991F4C8D0ED301_2034941457 Label:BP_MyNavLink SpatiallyLoaded:1 Bounds:IsValid=true, Min=(X=1127.840 Y=1336.000 Z=250.500), Max=(X=1760.160 Y=1400.000 Z=314.500) RuntimeGrid:None EditorOnly:0 RuntimeOnly:0 HLODRelevant:0
 |   |   |- Guid:263F668F49552D7B2BC6D1ABBA5C2908 BaseClass:/Game/TopDown/Blueprints/BP_MyNavLinkProxy.BP_MyNavLinkProxy_C NativeClass:/Script/FYP.MyNavLinkProxy Name:BP_MyNavLinkProxy_C_UAID_B42E991F4C8D0ED301_2034942458 Label:BP_MyNavLinkProxy SpatiallyLoaded:1 Bounds:IsValid=true, Min=(X=0.000 Y=0.000 Z=0.000), Max=(X=0.000 Y=0.000 Z=0.000) RuntimeGrid:None EditorOnly:0 RuntimeOnly:0 HLODRelevant:0
 |   |   |- Guid:2D35D16542032F78BA8C8AB1CC4FA726 BaseClass: NativeClass:/Script/Engine.PlayerStart Name:PlayerStart_1 Label:PlayerStart SpatiallyLoaded:0 Bounds:IsValid=true, Min=(X=960.000 Y=1770.000 Z=0.013), Max=(X=1040.000 Y=1850.000 Z=184.013) RuntimeGrid:None EditorOnly:0 RuntimeOnly:0 HLODRelevant:0
 |   |   |- Guid:30527CC149F7950197BFFDB79ABBC6A9 BaseClass: NativeClass:/Script/Engine.TextRenderActor Name:TextRenderActor_1 Label:TextRenderActor SpatiallyLoaded:1 Bounds:IsValid=true, Min=(X=-0.100 Y=1100.000 Z=65.013), Max=(X=-0.100 Y=2225.000 Z=215.013) RuntimeGrid:None EditorOnly:0 RuntimeOnly:0 HLODRelevant:0
 |   |   |- Guid:3AA00CC7473B3AB860032482C86F1357 BaseClass: NativeClass:/Script/Engine.SkyLight Name:SkyLight_1 Label:SkyLight SpatiallyLoaded:0 Bounds:IsValid=true, Min=(X=0.000 Y=0.000 Z=690.000), Max=(X=0.000 Y=0.000 Z=690.000) RuntimeGrid:None EditorOnly:0 RuntimeOnly:0 HLODRelevant:0 FolderPath:Lighting FolderGuid:E13570EE436BA15E35C622BAA5B21164
 |   |   |- Guid:3B8D18C3444B92F757CDEF93563439AE BaseClass: NativeClass:/Script/Engine.StaticMeshActor Name:StaticMeshActor_UAID_B42E991F4C8D33C501_1394914413 Label:SM_Cube11 SpatiallyLoaded:1 Bounds:IsValid=true, Min=(X=982.000 Y=1320.000 Z=180.000), Max=(X=1482.000 Y=1520.000 Z=280.000) RuntimeGrid:None EditorOnly:0 RuntimeOnly:0 HLODRelevant:1 FolderPath:Block01 FolderGuid:A3D0865D40B5211925A81EB39A13C84D
 |   |   |- Guid:467F3E784E996A7F18AB808EE39CD926 BaseClass:/Game/TopDown/Blueprints/BP_MyNavLinkProxy.BP_MyNavLinkProxy_C NativeClass:/Script/FYP.MyNavLinkProxy Name:BP_MyNavLinkProxy_C_UAID_B42E991F4C8D0ED301_2034945460 Label:BP_MyNavLinkProxy SpatiallyLoaded:1 Bounds:IsValid=true, Min=(X=0.000 Y=0.000 Z=0.000), Max=(X=0.000 Y=0.000 Z=0.000) RuntimeGrid:None EditorOnly:0 RuntimeOnly:0 HLODRelevant:0
 |   |   |- Guid:505B4ED943FA99164AF46CAED7EC7B12 BaseClass: NativeClass:/Script/Engine.StaticMeshActor Name:StaticMeshActor_34 Label:SM_Cube SpatiallyLoaded:1 Bounds:IsValid=true, Min=(X=0.000 Y=0.000 Z=-50.000), Max=(X=3000.000 Y=3500.000 Z=0.000) RuntimeGrid:None EditorOnly:0 RuntimeOnly:0 HLODRelevant:1 FolderPath:Playground FolderGuid:8746DDAD42A18A3736DBE9BBB77675E5
 |   |   |- Guid:5C38F3714AB01D1B715A8DBEB736004F BaseClass: NativeClass:/Script/Engine.StaticMeshActor Name:StaticMeshActor_UAID_B42E991F4C8D34C501_1713903040 Label:SM_Cube13 SpatiallyLoaded:1 Bounds:IsValid=true, Min=(X=1280.000 Y=1350.000 Z=560.000), Max=(X=1780.000 Y=1550.000 Z=660.000) RuntimeGrid:None EditorOnly:0 RuntimeOnly:0 HLODRelevant:1 FolderPath:Block01 FolderGuid:A3D0865D40B5211925A81EB39A13C84D
 |   |   |- Guid:5D9BDF1148933313AB4065AC3C5D90E0 BaseClass:/Game/TopDown/Blueprints/BP_MyNavLink.BP_MyNavLink_C NativeClass:/Script/Engine.Actor Name:BP_MyNavLink_C_UAID_B42E991F4C8D0ED301_2034920443 Label:BP_MyNavLink SpatiallyLoaded:1 Bounds:IsValid=true, Min=(X=309.000 Y=2199.060 Z=-29.500), Max=(X=373.000 Y=2417.940 Z=34.500) RuntimeGrid:None EditorOnly:0 RuntimeOnly:0 HLODRelevant:0
 |   |   |- Guid:5DBD9D2C4DBCF61BCD28B79DA73848F2 BaseClass:/Game/TopDown/Blueprints/BP_MyNavLink.BP_MyNavLink_C NativeClass:/Script/Engine.Actor Name:BP_MyNavLink_C_UAID_B42E991F4C8D0ED301_2034962471 Label:BP_MyNavLink SpatiallyLoaded:1 Bounds:IsValid=true, Min=(X=967.480 Y=1850.000 Z=-29.500), Max=(X=1502.520 Y=1914.000 Z=34.500) RuntimeGrid:None EditorOnly:0 RuntimeOnly:0 HLODRelevant:0
 |   |   |- Guid:5E02FDEE4E6AA2682EF54094B4ECC7CF BaseClass:/Game/TopDown/Blueprints/BP_MyNavLinkProxy.BP_MyNavLinkProxy_C NativeClass:/Script/FYP.MyNavLinkProxy Name:BP_MyNavLinkProxy_C_UAID_B42E991F4C8D0ED301_2034963472 Label:BP_MyNavLinkProxy SpatiallyLoaded:1 Bounds:IsValid=true, Min=(X=0.000 Y=0.000 Z=0.000), Max=(X=0.000 Y=0.000 Z=0.000) RuntimeGrid:None EditorOnly:0 RuntimeOnly:0 HLODRelevant:0
 |   |   |- Guid:623ECEC1492D3E477CA1D4AE96495F69 BaseClass:/Game/TopDown/Blueprints/BP_NavLinkGenerator.BP_NavLinkGenerator_C NativeClass:/Script/FYP.MyNavLinkGenerator Name:BP_NavLinkGenerator_C_UAID_B42E991F4C8D30C501_1461393988 Label:BP_NavLinkGenerator SpatiallyLoaded:1 Bounds:IsValid=true, Min=(X=40.000 Y=60.000 Z=400.000), Max=(X=40.000 Y=60.000 Z=400.000) RuntimeGrid:None EditorOnly:0 RuntimeOnly:0 HLODRelevant:0
 |   |   |- Guid:654ED43747A9956E87F8BC860D127311 BaseClass:/Game/TopDown/Blueprints/BP_MyNavLink.BP_MyNavLink_C NativeClass:/Script/Engine.Actor Name:BP_MyNavLink_C_UAID_B42E991F4C8D0ED301_2034935453 Label:BP_MyNavLink SpatiallyLoaded:1 Bounds:IsValid=true, Min=(X=889.580 Y=2762.000 Z=-29.500), Max=(X=1789.420 Y=2826.000 Z=34.500) RuntimeGrid:None EditorOnly:0 RuntimeOnly:0 HLODRelevant:0
 |   |   |- Guid:6CFE69CB41732F0CDEB04A85666FA67E BaseClass: NativeClass:/Script/Engine.WorldDataLayers Name:WorldDataLayers Label:WorldDataLayers-1 SpatiallyLoaded:0 Bounds:IsValid=true, Min=(X=0.000 Y=0.000 Z=0.000), Max=(X=0.000 Y=0.000 Z=0.000) RuntimeGrid:None EditorOnly:0 RuntimeOnly:0 HLODRelevant:0
 |   |   |- Guid:7253A9A143757B6FBCFC979462C8F07A BaseClass: NativeClass:/Script/Engine.StaticMeshActor Name:StaticMeshActor_55 Label:SM_ChamferCube4 SpatiallyLoaded:1 Bounds:IsValid=true, Min=(X=663.409 Y=2784.238 Z=0.063), Max=(X=804.292 Y=2925.121 Z=100.063) RuntimeGrid:None EditorOnly:0 RuntimeOnly:0 HLODRelevant:0
 |   |   |- Guid:736975F64DE43E6FFE67E3B0B4F3ACE3 BaseClass: NativeClass:/Script/Engine.StaticMeshActor Name:StaticMeshActor_UAID_B42E991F4C8D80C501_1760370801 Label:SM_Cube16 SpatiallyLoaded:1 Bounds:IsValid=true, Min=(X=1488.000 Y=2501.000 Z=830.000), Max=(X=2088.000 Y=2801.000 Z=930.000) RuntimeGrid:None EditorOnly:0 RuntimeOnly:0 HLODRelevant:1 FolderPath:Block01 FolderGuid:A3D0865D40B5211925A81EB39A13C84D
 |   |   |- Guid:74C0D72547CD5136527E659C496247BB BaseClass: NativeClass:/Script/Engine.StaticMeshActor Name:StaticMeshActor_53 Label:SM_ChamferCube SpatiallyLoaded:1 Bounds:IsValid=true, Min=(X=761.762 Y=2853.712 Z=0.063), Max=(X=902.646 Y=2994.595 Z=100.063) RuntimeGrid:None EditorOnly:0 RuntimeOnly:0 HLODRelevant:0
 |   |   |- Guid:781A5A14425FFC757DA3D886B727E06B BaseClass:/Game/TopDown/Blueprints/BP_MyNavLink.BP_MyNavLink_C NativeClass:/Script/Engine.Actor Name:BP_MyNavLink_C_UAID_B42E991F4C8D0ED301_2034947461 Label:BP_MyNavLink SpatiallyLoaded:1 Bounds:IsValid=true, Min=(X=1165.840 Y=2306.000 Z=370.500), Max=(X=1798.160 Y=2370.000 Z=434.500) RuntimeGrid:None EditorOnly:0 RuntimeOnly:0 HLODRelevant:0
 |   |   |- Guid:86104D084AB1F8B51BBD19A68761E3CA BaseClass: NativeClass:/Script/Engine.StaticMeshActor Name:StaticMeshActor_UAID_B42E991F4C8D80C501_1754497800 Label:SM_Cube15 SpatiallyLoaded:1 Bounds:IsValid=true, Min=(X=739.000 Y=2573.000 Z=591.000), Max=(X=1339.000 Y=2873.000 Z=691.000) RuntimeGrid:None EditorOnly:0 RuntimeOnly:0 HLODRelevant:1 FolderPath:Block01 FolderGuid:A3D0865D40B5211925A81EB39A13C84D
 |   |   |- Guid:8D48E8FB483B536963DC2CA8F79B5EE6 BaseClass:/Game/TopDown/Blueprints/BP_MyNavLinkProxy.BP_MyNavLinkProxy_C NativeClass:/Script/FYP.MyNavLinkProxy Name:BP_MyNavLinkProxy_C_UAID_B42E991F4C8D0ED301_2034924446 Label:BP_MyNavLinkProxy SpatiallyLoaded:1 Bounds:IsValid=true, Min=(X=0.000 Y=0.000 Z=0.000), Max=(X=0.000 Y=0.000 Z=0.000) RuntimeGrid:None EditorOnly:0 RuntimeOnly:0 HLODRelevant:0
 |   |   |- Guid:91C47FBB425F49A1B5BBA8A92C428727 BaseClass:/Game/TopDown/Blueprints/BP_MyNavLink.BP_MyNavLink_C NativeClass:/Script/Engine.Actor Name:BP_MyNavLink_C_UAID_B42E991F4C8D0ED301_2034929449 Label:BP_MyNavLink SpatiallyLoaded:1 Bounds:IsValid=true, Min=(X=1107.000 Y=2516.740 Z=660.500), Max=(X=1171.000 Y=2784.260 Z=724.500) RuntimeGrid:None EditorOnly:0 RuntimeOnly:0 HLODRelevant:0
 |   |   |- Guid:93E8F4194207E5972888A7B3B77DE3D6 BaseClass:/Game/TopDown/Blueprints/BP_MyNavLink.BP_MyNavLink_C NativeClass:/Script/Engine.Actor Name:BP_MyNavLink_C_UAID_B42E991F4C8D0ED301_2034908439 Label:BP_MyNavLink SpatiallyLoaded:1 Bounds:IsValid=true, Min=(X=749.740 Y=2191.000 Z=370.500), Max=(X=1017.260 Y=2255.000 Z=434.500) RuntimeGrid:None EditorOnly:0 RuntimeOnly:0 HLODRelevant:0
 |   |   |- Guid:963169944433A544D75FF79A1B9FC159 BaseClass: NativeClass:/Script/NavigationSystem.NavMeshBoundsVolume Name:NavMeshBoundsVolume_1 Label:NavMeshBoundsVolume SpatiallyLoaded:0 Bounds:IsValid=true, Min=(X=-216.000 Y=-163.000 Z=-1047.500), Max=(X=2984.000 Y=3537.000 Z=1327.500) RuntimeGrid:None EditorOnly:0 RuntimeOnly:0 HLODRelevant:0 FolderPath:Navigation FolderGuid:5FBB7B1041A3902AEFBB4E87AA1D500F
 |   |   |- Guid:98A534C4446E76B040C996BD101749BE BaseClass:/Game/TopDown/Blueprints/BP_MyNavLinkProxy.BP_MyNavLinkProxy_C NativeClass:/Script/FYP.MyNavLinkProxy Name:BP_MyNavLinkProxy_C_UAID_B42E991F4C8D0ED301_2034948462 Label:BP_MyNavLinkProxy SpatiallyLoaded:1 Bounds:IsValid=true, Min=(X=0.000 Y=0.000 Z=0.000), Max=(X=0.000 Y=0.000 Z=0.000) RuntimeGrid:None EditorOnly:0 RuntimeOnly:0 HLODRelevant:0
 |   |   |- Guid:A45756D6495C3CBE8AA73EAD039CE983 BaseClass: NativeClass:/Script/Engine.StaticMeshActor Name:StaticMeshActor_35 Label:SM_Cube2 SpatiallyLoaded:1 Bounds:IsValid=true, Min=(X=0.000 Y=0.000 Z=0.000), Max=(X=3000.000 Y=100.000 Z=400.000) RuntimeGrid:None EditorOnly:0 RuntimeOnly:0 HLODRelevant:1 FolderPath:Playground FolderGuid:8746DDAD42A18A3736DBE9BBB77675E5
 |   |   |- Guid:A533D9944814A4CC2A2EEB86C9FFA323 BaseClass: NativeClass:/Script/Engine.StaticMeshActor Name:StaticMeshActor_54 Label:SM_ChamferCube3 SpatiallyLoaded:1 Bounds:IsValid=true, Min=(X=711.512 Y=2824.945 Z=100.063), Max=(X=848.115 Y=2961.548 Z=200.063) RuntimeGrid:None EditorOnly:0 RuntimeOnly:0 HLODRelevant:0
 |   |   |- Guid:A96E1C9B41308E37B465F993449EAB8C BaseClass:/Game/TopDown/Blueprints/BP_MyNavLink.BP_MyNavLink_C NativeClass:/Script/Engine.Actor Name:BP_MyNavLink_C_UAID_B42E991F4C8D0ED301_2034952465 Label:BP_MyNavLink SpatiallyLoaded:1 Bounds:IsValid=true, Min=(X=1274.140 Y=1869.000 Z=370.500), Max=(X=1784.860 Y=1933.000 Z=434.500) RuntimeGrid:None EditorOnly:0 RuntimeOnly:0 HLODRelevant:0
 |   |   |- Guid:AE880B38485DFDBF0D1213A235BEEC86 BaseClass:/Game/TopDown/Blueprints/BP_MyNavLink.BP_MyNavLink_C NativeClass:/Script/Engine.Actor Name:BP_MyNavLink_C_UAID_B42E991F4C8D0ED301_2034926447 Label:BP_MyNavLink SpatiallyLoaded:1 Bounds:IsValid=true, Min=(X=945.440 Y=2191.000 Z=370.500), Max=(X=1334.560 Y=2255.000 Z=434.500) RuntimeGrid:None EditorOnly:0 RuntimeOnly:0 HLODRelevant:0
 |   |   |- Guid:B19BE08C4D2EB7762F337BA6B1B21F5F BaseClass:/Game/TopDown/Blueprints/BP_MyNavLink.BP_MyNavLink_C NativeClass:/Script/Engine.Actor Name:BP_MyNavLink_C_UAID_B42E991F4C8D0ED301_2034949463 Label:BP_MyNavLink SpatiallyLoaded:1 Bounds:IsValid=true, Min=(X=2097.000 Y=1699.740 Z=-29.500), Max=(X=2161.000 Y=1967.260 Z=34.500) RuntimeGrid:None EditorOnly:0 RuntimeOnly:0 HLODRelevant:0
 |   |   |- Guid:B2B17A544848C4EE12AC56902BA39CC3 BaseClass: NativeClass:/Script/Engine.StaticMeshActor Name:StaticMeshActor_UAID_B42E991F4C8D33C501_1402788414 Label:SM_Cube12 SpatiallyLoaded:1 Bounds:IsValid=true, Min=(X=1182.000 Y=1690.000 Z=300.000), Max=(X=1782.000 Y=1990.000 Z=400.000) RuntimeGrid:None EditorOnly:0 RuntimeOnly:0 HLODRelevant:1 FolderPath:Block01 FolderGuid:A3D0865D40B5211925A81EB39A13C84D
 |   |   |- Guid:BBCD446841B58DFC5B1625AD43DFD309 BaseClass:/Game/TopDown/Blueprints/BP_MyNavLinkProxy.BP_MyNavLinkProxy_C NativeClass:/Script/FYP.MyNavLinkProxy Name:BP_MyNavLinkProxy_C_UAID_B42E991F4C8D0ED301_2034933452 Label:BP_MyNavLinkProxy SpatiallyLoaded:1 Bounds:IsValid=true, Min=(X=0.000 Y=0.000 Z=0.000), Max=(X=0.000 Y=0.000 Z=0.000) RuntimeGrid:None EditorOnly:0 RuntimeOnly:0 HLODRelevant:0
 |   |   |- Guid:BC9F05DA4F26FE20B8ADBEAC803D9E07 BaseClass: NativeClass:/Script/Engine.PostProcessVolume Name:PostProcessVolume_1 Label:PostProcessVolume SpatiallyLoaded:0 Bounds:IsValid=true, Min=(X=0.000 Y=0.000 Z=400.000), Max=(X=200.000 Y=200.000 Z=600.000) RuntimeGrid:None EditorOnly:0 RuntimeOnly:0 HLODRelevant:0 FolderPath:Lighting FolderGuid:E13570EE436BA15E35C622BAA5B21164
 |   |   |- Guid:C0140F0A4CC5556897A13C88B9B0A4A1 BaseClass:/Game/TopDown/Blueprints/BP_MyNavLinkProxy.BP_MyNavLinkProxy_C NativeClass:/Script/FYP.MyNavLinkProxy Name:BP_MyNavLinkProxy_C_UAID_B42E991F4C8D0ED301_2034918442 Label:BP_MyNavLinkProxy SpatiallyLoaded:1 Bounds:IsValid=true, Min=(X=0.000 Y=0.000 Z=0.000), Max=(X=0.000 Y=0.000 Z=0.000) RuntimeGrid:None EditorOnly:0 RuntimeOnly:0 HLODRelevant:0
 |   |   |- Guid:C1F343BF47546FC406FC86B4815E25C6 BaseClass: NativeClass:/Script/Engine.DirectionalLight Name:DirectionalLight_1 Label:DirectionalLight SpatiallyLoaded:0 Bounds:IsValid=true, Min=(X=-1048576.000 Y=-1048576.000 Z=-1048576.000), Max=(X=1048576.000 Y=1048576.000 Z=1048576.000) RuntimeGrid:None EditorOnly:0 RuntimeOnly:0 HLODRelevant:0 FolderPath:Lighting FolderGuid:E13570EE436BA15E35C622BAA5B21164
 |   |   |- Guid:C50DE15C4F16EE9C48709D8D53184B62 BaseClass:/Game/TopDown/Blueprints/BP_MyNavLinkProxy.BP_MyNavLinkProxy_C NativeClass:/Script/FYP.MyNavLinkProxy Name:BP_MyNavLinkProxy_C_UAID_B42E991F4C8D0ED301_2034954466 Label:BP_MyNavLinkProxy SpatiallyLoaded:1 Bounds:IsValid=true, Min=(X=0.000 Y=0.000 Z=0.000), Max=(X=0.000 Y=0.000 Z=0.000) RuntimeGrid:None EditorOnly:0 RuntimeOnly:0 HLODRelevant:0
 |   |   |- Guid:C6C441024DAFCF0F4DF8C0A05B3CA0FB BaseClass:/Game/TopDown/Blueprints/BP_MyNavLink.BP_MyNavLink_C NativeClass:/Script/Engine.Actor Name:BP_MyNavLink_C_UAID_B42E991F4C8D0ED301_2034955467 Label:BP_MyNavLink SpatiallyLoaded:1 Bounds:IsValid=true, Min=(X=967.480 Y=936.000 Z=-29.500), Max=(X=1502.520 Y=1000.000 Z=34.500) RuntimeGrid:None EditorOnly:0 RuntimeOnly:0 HLODRelevant:0
 |   |   |- Guid:C705138541C6F5AC16B0279D132DF1FA BaseClass:/Game/TopDown/Blueprints/BP_MyNavLink.BP_MyNavLink_C NativeClass:/Script/Engine.Actor Name:BP_MyNavLink_C_UAID_B42E991F4C8D0ED301_2034938455 Label:BP_MyNavLink SpatiallyLoaded:1 Bounds:IsValid=true, Min=(X=2059.000 Y=2199.060 Z=-29.500), Max=(X=2123.000 Y=2417.940 Z=34.500) RuntimeGrid:None EditorOnly:0 RuntimeOnly:0 HLODRelevant:0
 |   |   |- Guid:CB159CF84A21429677CE1C9A82A91A51 BaseClass:/Game/TopDown/Blueprints/BP_MyNavLinkProxy.BP_MyNavLinkProxy_C NativeClass:/Script/FYP.MyNavLinkProxy Name:BP_MyNavLinkProxy_C_UAID_B42E991F4C8D0ED301_2034939456 Label:BP_MyNavLinkProxy SpatiallyLoaded:1 Bounds:IsValid=true, Min=(X=0.000 Y=0.000 Z=0.000), Max=(X=0.000 Y=0.000 Z=0.000) RuntimeGrid:None EditorOnly:0 RuntimeOnly:0 HLODRelevant:0
 |   |   |- Guid:CBF174244CBFAACB9CD958A0F4229E49 BaseClass:/Game/TopDown/Blueprints/BP_MyNavLinkProxy.BP_MyNavLinkProxy_C NativeClass:/Script/FYP.MyNavLinkProxy Name:BP_MyNavLinkProxy_C_UAID_B42E991F4C8D0ED301_2034927448 Label:BP_MyNavLinkProxy SpatiallyLoaded:1 Bounds:IsValid=true, Min=(X=0.000 Y=0.000 Z=0.000), Max=(X=0.000 Y=0.000 Z=0.000) RuntimeGrid:None EditorOnly:0 RuntimeOnly:0 HLODRelevant:0
 |   |   |- Guid:CD59014F4801ED119DC2F6AABFCFB220 BaseClass:/Game/TopDown/Blueprints/BP_MyNavLinkProxy.BP_MyNavLinkProxy_C NativeClass:/Script/FYP.MyNavLinkProxy Name:BP_MyNavLinkProxy_C_UAID_B42E991F4C8D0ED301_2034957468 Label:BP_MyNavLinkProxy SpatiallyLoaded:1 Bounds:IsValid=true, Min=(X=0.000 Y=0.000 Z=0.000), Max=(X=0.000 Y=0.000 Z=0.000) RuntimeGrid:None EditorOnly:0 RuntimeOnly:0 HLODRelevant:0
 |   |   |- Guid:D7DB45614D3A81728DB8F185BB437919 BaseClass:/Game/TopDown/Blueprints/BP_MyNavLinkProxy.BP_MyNavLinkProxy_C NativeClass:/Script/FYP.MyNavLinkProxy Name:BP_MyNavLinkProxy_C_UAID_B42E991F4C8D0ED301_2034966474 Label:BP_MyNavLinkProxy SpatiallyLoaded:1 Bounds:IsValid=true, Min=(X=0.000 Y=0.000 Z=0.000), Max=(X=0.000 Y=0.000 Z=0.000) RuntimeGrid:None EditorOnly:0 RuntimeOnly:0 HLODRelevant:0
 |   |   |- Guid:E265874846DA47D9D3AABDABF77336D0 BaseClass:/Game/TopDown/Blueprints/BP_MyNavLinkProxy.BP_MyNavLinkProxy_C NativeClass:/Script/FYP.MyNavLinkProxy Name:BP_MyNavLinkProxy_C_UAID_B42E991F4C8D0ED301_2034951464 Label:BP_MyNavLinkProxy SpatiallyLoaded:1 Bounds:IsValid=true, Min=(X=0.000 Y=0.000 Z=0.000), Max=(X=0.000 Y=0.000 Z=0.000) RuntimeGrid:None EditorOnly:0 RuntimeOnly:0 HLODRelevant:0
 |   |   |- Guid:E83094584ABA98A6614924B26D6B80E9 BaseClass:/Game/TopDown/Blueprints/BP_MyNavLink.BP_MyNavLink_C NativeClass:/Script/Engine.Actor Name:BP_MyNavLink_C_UAID_B42E991F4C8D0ED301_2034932451 Label:BP_MyNavLink SpatiallyLoaded:1 Bounds:IsValid=true, Min=(X=889.580 Y=1791.000 Z=370.500), Max=(X=1789.420 Y=1855.000 Z=434.500) RuntimeGrid:None EditorOnly:0 RuntimeOnly:0 HLODRelevant:0
 |   |   |- Guid:E92B029A43F3DD683C1B2481BF7B68DE BaseClass: NativeClass:/Script/Engine.VolumetricCloud Name:VolumetricCloud_1 Label:VolumetricCloud SpatiallyLoaded:0 Bounds:IsValid=true, Min=(X=0.000 Y=0.000 Z=820.000), Max=(X=0.000 Y=0.000 Z=820.000) RuntimeGrid:None EditorOnly:0 RuntimeOnly:0 HLODRelevant:0 FolderPath:Lighting FolderGuid:E13570EE436BA15E35C622BAA5B21164
 |   |   |- Guid:E9F79BB04CD5514AF3EA40836EBE9129 BaseClass:/Game/TopDown/Blueprints/BP_MyNavLinkProxy.BP_MyNavLinkProxy_C NativeClass:/Script/FYP.MyNavLinkProxy Name:BP_MyNavLinkProxy_C_UAID_B42E991F4C8D0ED301_2034930450 Label:BP_MyNavLinkProxy SpatiallyLoaded:1 Bounds:IsValid=true, Min=(X=0.000 Y=0.000 Z=0.000), Max=(X=0.000 Y=0.000 Z=0.000) RuntimeGrid:None EditorOnly:0 RuntimeOnly:0 HLODRelevant:0
 |   |   |- Guid:FA6D232348AAF05B4A8AA0B9F9F9D72D BaseClass:/Game/TopDown/Blueprints/BP_MyNavLink.BP_MyNavLink_C NativeClass:/Script/Engine.Actor Name:BP_MyNavLink_C_UAID_B42E991F4C8D0ED301_2034916441 Label:BP_MyNavLink SpatiallyLoaded:1 Bounds:IsValid=true, Min=(X=706.420 Y=1791.000 Z=-29.500), Max=(X=1022.580 Y=1855.000 Z=34.500) RuntimeGrid:None EditorOnly:0 RuntimeOnly:0 HLODRelevant:0
 |   |   |- Guid:FAD0AA5B414538E0504876B26E1CB6E4 BaseClass:/Game/TopDown/Blueprints/BP_MyNavLinkProxy.BP_MyNavLinkProxy_C NativeClass:/Script/FYP.MyNavLinkProxy Name:BP_MyNavLinkProxy_C_UAID_B42E991F4C8D0ED301_2034914440 Label:BP_MyNavLinkProxy SpatiallyLoaded:1 Bounds:IsValid=true, Min=(X=0.000 Y=0.000 Z=0.000), Max=(X=0.000 Y=0.000 Z=0.000) RuntimeGrid:None EditorOnly:0 RuntimeOnly:0 HLODRelevant:0
 |   |   |- Guid:FC694DB64D566286B35CF483BC988196 BaseClass:/Game/TopDown/Blueprints/BP_MyNavLink.BP_MyNavLink_C NativeClass:/Script/Engine.Actor Name:BP_MyNavLink_C_UAID_B42E991F4C8D0ED301_2034959469 Label:BP_MyNavLink SpatiallyLoaded:1 Bounds:IsValid=true, Min=(X=594.000 Y=1352.040 Z=-29.500), Max=(X=658.000 Y=1497.960 Z=34.500) RuntimeGrid:None EditorOnly:0 RuntimeOnly:0 HLODRelevant:0
 |   |   |- Guid:FE4F9F4044D3F2F9C3F6629B135091C3 BaseClass: NativeClass:/Script/Engine.StaticMeshActor Name:StaticMeshActor_36 Label:SM_Cube3 SpatiallyLoaded:1 Bounds:IsValid=true, Min=(X=0.000 Y=3400.000 Z=0.000), Max=(X=3000.000 Y=3500.000 Z=400.000) RuntimeGrid:None EditorOnly:0 RuntimeOnly:0 HLODRelevant:1 FolderPath:Playground FolderGuid:8746DDAD42A18A3736DBE9BBB77675E5
 |   |- [+] Clusters:
 |   |   |- [+] [  0]
 |   |   |   |- Guid:74C0D72547CD5136527E659C496247BB BaseClass: NativeClass:/Script/Engine.StaticMeshActor Name:StaticMeshActor_53 Label:SM_ChamferCube SpatiallyLoaded:1 Bounds:IsValid=true, Min=(X=761.762 Y=2853.712 Z=0.063), Max=(X=902.646 Y=2994.595 Z=100.063) RuntimeGrid:None EditorOnly:0 RuntimeOnly:0 HLODRelevant:0
 |   |   |- [+] [  1]
 |   |   |   |- Guid:04474C184174178CBE33008B73B3EBC6 BaseClass: NativeClass:/Script/Engine.StaticMeshActor Name:StaticMeshActor_UAID_B42E991F4C8D80C501_1747893799 Label:SM_Cube14 SpatiallyLoaded:1 Bounds:IsValid=true, Min=(X=692.000 Y=2168.000 Z=300.000), Max=(X=1742.000 Y=2443.000 Z=400.000) RuntimeGrid:None EditorOnly:0 RuntimeOnly:0 HLODRelevant:1 FolderPath:Block01 FolderGuid:A3D0865D40B5211925A81EB39A13C84D
 |   |   |- [+] [  2]
 |   |   |   |- Guid:963169944433A544D75FF79A1B9FC159 BaseClass: NativeClass:/Script/NavigationSystem.NavMeshBoundsVolume Name:NavMeshBoundsVolume_1 Label:NavMeshBoundsVolume SpatiallyLoaded:0 Bounds:IsValid=true, Min=(X=-216.000 Y=-163.000 Z=-1047.500), Max=(X=2984.000 Y=3537.000 Z=1327.500) RuntimeGrid:None EditorOnly:0 RuntimeOnly:0 HLODRelevant:0 FolderPath:Navigation FolderGuid:5FBB7B1041A3902AEFBB4E87AA1D500F
 |   |   |- [+] [  3]
 |   |   |   |- Guid:A533D9944814A4CC2A2EEB86C9FFA323 BaseClass: NativeClass:/Script/Engine.StaticMeshActor Name:StaticMeshActor_54 Label:SM_ChamferCube3 SpatiallyLoaded:1 Bounds:IsValid=true, Min=(X=711.512 Y=2824.945 Z=100.063), Max=(X=848.115 Y=2961.548 Z=200.063) RuntimeGrid:None EditorOnly:0 RuntimeOnly:0 HLODRelevant:0
 |   |   |- [+] [  4]
 |   |   |   |- Guid:86104D084AB1F8B51BBD19A68761E3CA BaseClass: NativeClass:/Script/Engine.StaticMeshActor Name:StaticMeshActor_UAID_B42E991F4C8D80C501_1754497800 Label:SM_Cube15 SpatiallyLoaded:1 Bounds:IsValid=true, Min=(X=739.000 Y=2573.000 Z=591.000), Max=(X=1339.000 Y=2873.000 Z=691.000) RuntimeGrid:None EditorOnly:0 RuntimeOnly:0 HLODRelevant:1 FolderPath:Block01 FolderGuid:A3D0865D40B5211925A81EB39A13C84D
 |   |   |- [+] [  5]
 |   |   |   |- Guid:623ECEC1492D3E477CA1D4AE96495F69 BaseClass:/Game/TopDown/Blueprints/BP_NavLinkGenerator.BP_NavLinkGenerator_C NativeClass:/Script/FYP.MyNavLinkGenerator Name:BP_NavLinkGenerator_C_UAID_B42E991F4C8D30C501_1461393988 Label:BP_NavLinkGenerator SpatiallyLoaded:1 Bounds:IsValid=true, Min=(X=40.000 Y=60.000 Z=400.000), Max=(X=40.000 Y=60.000 Z=400.000) RuntimeGrid:None EditorOnly:0 RuntimeOnly:0 HLODRelevant:0
 |   |   |- [+] [  6]
 |   |   |   |- Guid:30527CC149F7950197BFFDB79ABBC6A9 BaseClass: NativeClass:/Script/Engine.TextRenderActor Name:TextRenderActor_1 Label:TextRenderActor SpatiallyLoaded:1 Bounds:IsValid=true, Min=(X=-0.100 Y=1100.000 Z=65.013), Max=(X=-0.100 Y=2225.000 Z=215.013) RuntimeGrid:None EditorOnly:0 RuntimeOnly:0 HLODRelevant:0
 |   |   |- [+] [  7]
 |   |   |   |- Guid:07810DB5476552C6ECC207B8FBE94500 BaseClass: NativeClass:/Script/Engine.StaticMeshActor Name:StaticMeshActor_UAID_A4AE111137DC5CFB00_1546167071 Label:SM_SkySphere SpatiallyLoaded:0 Bounds:IsValid=true, Min=(X=-1638400.000 Y=-1638400.000 Z=-1638400.000), Max=(X=1638400.000 Y=1638400.000 Z=1638400.000) RuntimeGrid:None EditorOnly:0 RuntimeOnly:0 HLODRelevant:1 FolderPath:Lighting FolderGuid:E13570EE436BA15E35C622BAA5B21164
 |   |   |- [+] [  8]
 |   |   |   |- Guid:0EE0E5D1466B2603910C569929142127 BaseClass: NativeClass:/Script/Engine.StaticMeshActor Name:StaticMeshActor_39 Label:SM_Cube5 SpatiallyLoaded:1 Bounds:IsValid=true, Min=(X=-0.000 Y=100.000 Z=0.000), Max=(X=100.000 Y=3400.000 Z=400.000) RuntimeGrid:None EditorOnly:0 RuntimeOnly:0 HLODRelevant:1 FolderPath:Playground FolderGuid:8746DDAD42A18A3736DBE9BBB77675E5
 |   |   |- [+] [  9]
 |   |   |   |- Guid:128AFB4143646D4352518685931F01DD BaseClass: NativeClass:/Script/Engine.StaticMeshActor Name:StaticMeshActor_56 Label:SM_ChamferCube5 SpatiallyLoaded:1 Bounds:IsValid=true, Min=(X=2419.765 Y=1390.593 Z=0.063), Max=(X=2547.936 Y=1518.765 Z=100.063) RuntimeGrid:None EditorOnly:0 RuntimeOnly:0 HLODRelevant:0
 |   |   |- [+] [ 10]
 |   |   |   |- Guid:124EE53143C875A1C4F174B08C31D407 BaseClass: NativeClass:/Script/Engine.SkyAtmosphere Name:SkyAtmosphere_1 Label:SkyAtmosphere SpatiallyLoaded:0 Bounds:IsValid=true, Min=(X=0.000 Y=0.000 Z=1020.000), Max=(X=0.000 Y=0.000 Z=1020.000) RuntimeGrid:None EditorOnly:0 RuntimeOnly:0 HLODRelevant:0 FolderPath:Lighting FolderGuid:E13570EE436BA15E35C622BAA5B21164
 |   |   |- [+] [ 11]
 |   |   |   |- Guid:1A013F6D454DDAB5AD8E77B766ED9FAD BaseClass: NativeClass:/Script/Engine.ExponentialHeightFog Name:ExponentialHeightFog_1 Label:ExponentialHeightFog SpatiallyLoaded:0 Bounds:IsValid=true, Min=(X=-5600.000 Y=-50.000 Z=-6850.000), Max=(X=-5600.000 Y=-50.000 Z=-6850.000) RuntimeGrid:None EditorOnly:0 RuntimeOnly:0 HLODRelevant:0 FolderPath:Lighting FolderGuid:E13570EE436BA15E35C622BAA5B21164
 |   |   |- [+] [ 12]
 |   |   |   |- Guid:BC9F05DA4F26FE20B8ADBEAC803D9E07 BaseClass: NativeClass:/Script/Engine.PostProcessVolume Name:PostProcessVolume_1 Label:PostProcessVolume SpatiallyLoaded:0 Bounds:IsValid=true, Min=(X=0.000 Y=0.000 Z=400.000), Max=(X=200.000 Y=200.000 Z=600.000) RuntimeGrid:None EditorOnly:0 RuntimeOnly:0 HLODRelevant:0 FolderPath:Lighting FolderGuid:E13570EE436BA15E35C622BAA5B21164
 |   |   |- [+] [ 13]
 |   |   |   |- Guid:505B4ED943FA99164AF46CAED7EC7B12 BaseClass: NativeClass:/Script/Engine.StaticMeshActor Name:StaticMeshActor_34 Label:SM_Cube SpatiallyLoaded:1 Bounds:IsValid=true, Min=(X=0.000 Y=0.000 Z=-50.000), Max=(X=3000.000 Y=3500.000 Z=0.000) RuntimeGrid:None EditorOnly:0 RuntimeOnly:0 HLODRelevant:1 FolderPath:Playground FolderGuid:8746DDAD42A18A3736DBE9BBB77675E5
 |   |   |- [+] [ 14]
 |   |   |   |- Guid:FE4F9F4044D3F2F9C3F6629B135091C3 BaseClass: NativeClass:/Script/Engine.StaticMeshActor Name:StaticMeshActor_36 Label:SM_Cube3 SpatiallyLoaded:1 Bounds:IsValid=true, Min=(X=0.000 Y=3400.000 Z=0.000), Max=(X=3000.000 Y=3500.000 Z=400.000) RuntimeGrid:None EditorOnly:0 RuntimeOnly:0 HLODRelevant:1 FolderPath:Playground FolderGuid:8746DDAD42A18A3736DBE9BBB77675E5
 |   |   |- [+] [ 15]
 |   |   |   |- Guid:C1F343BF47546FC406FC86B4815E25C6 BaseClass: NativeClass:/Script/Engine.DirectionalLight Name:DirectionalLight_1 Label:DirectionalLight SpatiallyLoaded:0 Bounds:IsValid=true, Min=(X=-1048576.000 Y=-1048576.000 Z=-1048576.000), Max=(X=1048576.000 Y=1048576.000 Z=1048576.000) RuntimeGrid:None EditorOnly:0 RuntimeOnly:0 HLODRelevant:0 FolderPath:Lighting FolderGuid:E13570EE436BA15E35C622BAA5B21164
 |   |   |- [+] [ 16]
 |   |   |   |- Guid:6CFE69CB41732F0CDEB04A85666FA67E BaseClass: NativeClass:/Script/Engine.WorldDataLayers Name:WorldDataLayers Label:WorldDataLayers-1 SpatiallyLoaded:0 Bounds:IsValid=true, Min=(X=0.000 Y=0.000 Z=0.000), Max=(X=0.000 Y=0.000 Z=0.000) RuntimeGrid:None EditorOnly:0 RuntimeOnly:0 HLODRelevant:0
 |   |   |- [+] [ 17]
 |   |   |   |- Guid:B2B17A544848C4EE12AC56902BA39CC3 BaseClass: NativeClass:/Script/Engine.StaticMeshActor Name:StaticMeshActor_UAID_B42E991F4C8D33C501_1402788414 Label:SM_Cube12 SpatiallyLoaded:1 Bounds:IsValid=true, Min=(X=1182.000 Y=1690.000 Z=300.000), Max=(X=1782.000 Y=1990.000 Z=400.000) RuntimeGrid:None EditorOnly:0 RuntimeOnly:0 HLODRelevant:1 FolderPath:Block01 FolderGuid:A3D0865D40B5211925A81EB39A13C84D
 |   |   |- [+] [ 18]
 |   |   |   |- Guid:A45756D6495C3CBE8AA73EAD039CE983 BaseClass: NativeClass:/Script/Engine.StaticMeshActor Name:StaticMeshActor_35 Label:SM_Cube2 SpatiallyLoaded:1 Bounds:IsValid=true, Min=(X=0.000 Y=0.000 Z=0.000), Max=(X=3000.000 Y=100.000 Z=400.000) RuntimeGrid:None EditorOnly:0 RuntimeOnly:0 HLODRelevant:1 FolderPath:Playground FolderGuid:8746DDAD42A18A3736DBE9BBB77675E5
 |   |   |- [+] [ 19]
 |   |   |   |- Guid:20BCA97640857441FE4D28B054684C07 BaseClass: NativeClass:/Script/Engine.StaticMeshActor Name:StaticMeshActor_40 Label:SM_Cube6 SpatiallyLoaded:1 Bounds:IsValid=true, Min=(X=2900.000 Y=100.000 Z=0.000), Max=(X=3000.000 Y=3400.000 Z=400.000) RuntimeGrid:None EditorOnly:0 RuntimeOnly:0 HLODRelevant:1 FolderPath:Playground FolderGuid:8746DDAD42A18A3736DBE9BBB77675E5
 |   |   |- [+] [ 20]
 |   |   |   |- Guid:7253A9A143757B6FBCFC979462C8F07A BaseClass: NativeClass:/Script/Engine.StaticMeshActor Name:StaticMeshActor_55 Label:SM_ChamferCube4 SpatiallyLoaded:1 Bounds:IsValid=true, Min=(X=663.409 Y=2784.238 Z=0.063), Max=(X=804.292 Y=2925.121 Z=100.063) RuntimeGrid:None EditorOnly:0 RuntimeOnly:0 HLODRelevant:0
 |   |   |- [+] [ 21]
 |   |   |   |- Guid:2D35D16542032F78BA8C8AB1CC4FA726 BaseClass: NativeClass:/Script/Engine.PlayerStart Name:PlayerStart_1 Label:PlayerStart SpatiallyLoaded:0 Bounds:IsValid=true, Min=(X=960.000 Y=1770.000 Z=0.013), Max=(X=1040.000 Y=1850.000 Z=184.013) RuntimeGrid:None EditorOnly:0 RuntimeOnly:0 HLODRelevant:0
 |   |   |- [+] [ 22]
 |   |   |   |- Guid:736975F64DE43E6FFE67E3B0B4F3ACE3 BaseClass: NativeClass:/Script/Engine.StaticMeshActor Name:StaticMeshActor_UAID_B42E991F4C8D80C501_1760370801 Label:SM_Cube16 SpatiallyLoaded:1 Bounds:IsValid=true, Min=(X=1488.000 Y=2501.000 Z=830.000), Max=(X=2088.000 Y=2801.000 Z=930.000) RuntimeGrid:None EditorOnly:0 RuntimeOnly:0 HLODRelevant:1 FolderPath:Block01 FolderGuid:A3D0865D40B5211925A81EB39A13C84D
 |   |   |- [+] [ 23]
 |   |   |   |- Guid:3B8D18C3444B92F757CDEF93563439AE BaseClass: NativeClass:/Script/Engine.StaticMeshActor Name:StaticMeshActor_UAID_B42E991F4C8D33C501_1394914413 Label:SM_Cube11 SpatiallyLoaded:1 Bounds:IsValid=true, Min=(X=982.000 Y=1320.000 Z=180.000), Max=(X=1482.000 Y=1520.000 Z=280.000) RuntimeGrid:None EditorOnly:0 RuntimeOnly:0 HLODRelevant:1 FolderPath:Block01 FolderGuid:A3D0865D40B5211925A81EB39A13C84D
 |   |   |- [+] [ 24]
 |   |   |   |- Guid:5C38F3714AB01D1B715A8DBEB736004F BaseClass: NativeClass:/Script/Engine.StaticMeshActor Name:StaticMeshActor_UAID_B42E991F4C8D34C501_1713903040 Label:SM_Cube13 SpatiallyLoaded:1 Bounds:IsValid=true, Min=(X=1280.000 Y=1350.000 Z=560.000), Max=(X=1780.000 Y=1550.000 Z=660.000) RuntimeGrid:None EditorOnly:0 RuntimeOnly:0 HLODRelevant:1 FolderPath:Block01 FolderGuid:A3D0865D40B5211925A81EB39A13C84D
 |   |   |- [+] [ 25]
 |   |   |   |- Guid:3AA00CC7473B3AB860032482C86F1357 BaseClass: NativeClass:/Script/Engine.SkyLight Name:SkyLight_1 Label:SkyLight SpatiallyLoaded:0 Bounds:IsValid=true, Min=(X=0.000 Y=0.000 Z=690.000), Max=(X=0.000 Y=0.000 Z=690.000) RuntimeGrid:None EditorOnly:0 RuntimeOnly:0 HLODRelevant:0 FolderPath:Lighting FolderGuid:E13570EE436BA15E35C622BAA5B21164
 |   |   |- [+] [ 26]
 |   |   |   |- Guid:E92B029A43F3DD683C1B2481BF7B68DE BaseClass: NativeClass:/Script/Engine.VolumetricCloud Name:VolumetricCloud_1 Label:VolumetricCloud SpatiallyLoaded:0 Bounds:IsValid=true, Min=(X=0.000 Y=0.000 Z=820.000), Max=(X=0.000 Y=0.000 Z=820.000) RuntimeGrid:None EditorOnly:0 RuntimeOnly:0 HLODRelevant:0 FolderPath:Lighting FolderGuid:E13570EE436BA15E35C622BAA5B21164
 |   |   |- [+] [ 27]
 |   |   |   |- Guid:FAD0AA5B414538E0504876B26E1CB6E4 BaseClass:/Game/TopDown/Blueprints/BP_MyNavLinkProxy.BP_MyNavLinkProxy_C NativeClass:/Script/FYP.MyNavLinkProxy Name:BP_MyNavLinkProxy_C_UAID_B42E991F4C8D0ED301_2034914440 Label:BP_MyNavLinkProxy SpatiallyLoaded:1 Bounds:IsValid=true, Min=(X=0.000 Y=0.000 Z=0.000), Max=(X=0.000 Y=0.000 Z=0.000) RuntimeGrid:None EditorOnly:0 RuntimeOnly:0 HLODRelevant:0
 |   |   |   |- Guid:93E8F4194207E5972888A7B3B77DE3D6 BaseClass:/Game/TopDown/Blueprints/BP_MyNavLink.BP_MyNavLink_C NativeClass:/Script/Engine.Actor Name:BP_MyNavLink_C_UAID_B42E991F4C8D0ED301_2034908439 Label:BP_MyNavLink SpatiallyLoaded:1 Bounds:IsValid=true, Min=(X=749.740 Y=2191.000 Z=370.500), Max=(X=1017.260 Y=2255.000 Z=434.500) RuntimeGrid:None EditorOnly:0 RuntimeOnly:0 HLODRelevant:0
 |   |   |- [+] [ 28]
 |   |   |   |- Guid:C0140F0A4CC5556897A13C88B9B0A4A1 BaseClass:/Game/TopDown/Blueprints/BP_MyNavLinkProxy.BP_MyNavLinkProxy_C NativeClass:/Script/FYP.MyNavLinkProxy Name:BP_MyNavLinkProxy_C_UAID_B42E991F4C8D0ED301_2034918442 Label:BP_MyNavLinkProxy SpatiallyLoaded:1 Bounds:IsValid=true, Min=(X=0.000 Y=0.000 Z=0.000), Max=(X=0.000 Y=0.000 Z=0.000) RuntimeGrid:None EditorOnly:0 RuntimeOnly:0 HLODRelevant:0
 |   |   |   |- Guid:FA6D232348AAF05B4A8AA0B9F9F9D72D BaseClass:/Game/TopDown/Blueprints/BP_MyNavLink.BP_MyNavLink_C NativeClass:/Script/Engine.Actor Name:BP_MyNavLink_C_UAID_B42E991F4C8D0ED301_2034916441 Label:BP_MyNavLink SpatiallyLoaded:1 Bounds:IsValid=true, Min=(X=706.420 Y=1791.000 Z=-29.500), Max=(X=1022.580 Y=1855.000 Z=34.500) RuntimeGrid:None EditorOnly:0 RuntimeOnly:0 HLODRelevant:0
 |   |   |- [+] [ 29]
 |   |   |   |- Guid:126C886E4180DEA6847437AF75869B2C BaseClass:/Game/TopDown/Blueprints/BP_MyNavLinkProxy.BP_MyNavLinkProxy_C NativeClass:/Script/FYP.MyNavLinkProxy Name:BP_MyNavLinkProxy_C_UAID_B42E991F4C8D0ED301_2034921444 Label:BP_MyNavLinkProxy SpatiallyLoaded:1 Bounds:IsValid=true, Min=(X=0.000 Y=0.000 Z=0.000), Max=(X=0.000 Y=0.000 Z=0.000) RuntimeGrid:None EditorOnly:0 RuntimeOnly:0 HLODRelevant:0
 |   |   |   |- Guid:5D9BDF1148933313AB4065AC3C5D90E0 BaseClass:/Game/TopDown/Blueprints/BP_MyNavLink.BP_MyNavLink_C NativeClass:/Script/Engine.Actor Name:BP_MyNavLink_C_UAID_B42E991F4C8D0ED301_2034920443 Label:BP_MyNavLink SpatiallyLoaded:1 Bounds:IsValid=true, Min=(X=309.000 Y=2199.060 Z=-29.500), Max=(X=373.000 Y=2417.940 Z=34.500) RuntimeGrid:None EditorOnly:0 RuntimeOnly:0 HLODRelevant:0
 |   |   |- [+] [ 30]
 |   |   |   |- Guid:8D48E8FB483B536963DC2CA8F79B5EE6 BaseClass:/Game/TopDown/Blueprints/BP_MyNavLinkProxy.BP_MyNavLinkProxy_C NativeClass:/Script/FYP.MyNavLinkProxy Name:BP_MyNavLinkProxy_C_UAID_B42E991F4C8D0ED301_2034924446 Label:BP_MyNavLinkProxy SpatiallyLoaded:1 Bounds:IsValid=true, Min=(X=0.000 Y=0.000 Z=0.000), Max=(X=0.000 Y=0.000 Z=0.000) RuntimeGrid:None EditorOnly:0 RuntimeOnly:0 HLODRelevant:0
 |   |   |   |- Guid:15A66D8144B794A3B05AB6B10E99B004 BaseClass:/Game/TopDown/Blueprints/BP_MyNavLink.BP_MyNavLink_C NativeClass:/Script/Engine.Actor Name:BP_MyNavLink_C_UAID_B42E991F4C8D0ED301_2034922445 Label:BP_MyNavLink SpatiallyLoaded:1 Bounds:IsValid=true, Min=(X=706.420 Y=2762.000 Z=-29.500), Max=(X=1022.580 Y=2826.000 Z=34.500) RuntimeGrid:None EditorOnly:0 RuntimeOnly:0 HLODRelevant:0
 |   |   |- [+] [ 31]
 |   |   |   |- Guid:CBF174244CBFAACB9CD958A0F4229E49 BaseClass:/Game/TopDown/Blueprints/BP_MyNavLinkProxy.BP_MyNavLinkProxy_C NativeClass:/Script/FYP.MyNavLinkProxy Name:BP_MyNavLinkProxy_C_UAID_B42E991F4C8D0ED301_2034927448 Label:BP_MyNavLinkProxy SpatiallyLoaded:1 Bounds:IsValid=true, Min=(X=0.000 Y=0.000 Z=0.000), Max=(X=0.000 Y=0.000 Z=0.000) RuntimeGrid:None EditorOnly:0 RuntimeOnly:0 HLODRelevant:0
 |   |   |   |- Guid:AE880B38485DFDBF0D1213A235BEEC86 BaseClass:/Game/TopDown/Blueprints/BP_MyNavLink.BP_MyNavLink_C NativeClass:/Script/Engine.Actor Name:BP_MyNavLink_C_UAID_B42E991F4C8D0ED301_2034926447 Label:BP_MyNavLink SpatiallyLoaded:1 Bounds:IsValid=true, Min=(X=945.440 Y=2191.000 Z=370.500), Max=(X=1334.560 Y=2255.000 Z=434.500) RuntimeGrid:None EditorOnly:0 RuntimeOnly:0 HLODRelevant:0
 |   |   |- [+] [ 32]
 |   |   |   |- Guid:E9F79BB04CD5514AF3EA40836EBE9129 BaseClass:/Game/TopDown/Blueprints/BP_MyNavLinkProxy.BP_MyNavLinkProxy_C NativeClass:/Script/FYP.MyNavLinkProxy Name:BP_MyNavLinkProxy_C_UAID_B42E991F4C8D0ED301_2034930450 Label:BP_MyNavLinkProxy SpatiallyLoaded:1 Bounds:IsValid=true, Min=(X=0.000 Y=0.000 Z=0.000), Max=(X=0.000 Y=0.000 Z=0.000) RuntimeGrid:None EditorOnly:0 RuntimeOnly:0 HLODRelevant:0
 |   |   |   |- Guid:91C47FBB425F49A1B5BBA8A92C428727 BaseClass:/Game/TopDown/Blueprints/BP_MyNavLink.BP_MyNavLink_C NativeClass:/Script/Engine.Actor Name:BP_MyNavLink_C_UAID_B42E991F4C8D0ED301_2034929449 Label:BP_MyNavLink SpatiallyLoaded:1 Bounds:IsValid=true, Min=(X=1107.000 Y=2516.740 Z=660.500), Max=(X=1171.000 Y=2784.260 Z=724.500) RuntimeGrid:None EditorOnly:0 RuntimeOnly:0 HLODRelevant:0
 |   |   |- [+] [ 33]
 |   |   |   |- Guid:BBCD446841B58DFC5B1625AD43DFD309 BaseClass:/Game/TopDown/Blueprints/BP_MyNavLinkProxy.BP_MyNavLinkProxy_C NativeClass:/Script/FYP.MyNavLinkProxy Name:BP_MyNavLinkProxy_C_UAID_B42E991F4C8D0ED301_2034933452 Label:BP_MyNavLinkProxy SpatiallyLoaded:1 Bounds:IsValid=true, Min=(X=0.000 Y=0.000 Z=0.000), Max=(X=0.000 Y=0.000 Z=0.000) RuntimeGrid:None EditorOnly:0 RuntimeOnly:0 HLODRelevant:0
 |   |   |   |- Guid:E83094584ABA98A6614924B26D6B80E9 BaseClass:/Game/TopDown/Blueprints/BP_MyNavLink.BP_MyNavLink_C NativeClass:/Script/Engine.Actor Name:BP_MyNavLink_C_UAID_B42E991F4C8D0ED301_2034932451 Label:BP_MyNavLink SpatiallyLoaded:1 Bounds:IsValid=true, Min=(X=889.580 Y=1791.000 Z=370.500), Max=(X=1789.420 Y=1855.000 Z=434.500) RuntimeGrid:None EditorOnly:0 RuntimeOnly:0 HLODRelevant:0
 |   |   |- [+] [ 34]
 |   |   |   |- Guid:1DC68CDF42532FB4E83113AF091AE8E6 BaseClass:/Game/TopDown/Blueprints/BP_MyNavLinkProxy.BP_MyNavLinkProxy_C NativeClass:/Script/FYP.MyNavLinkProxy Name:BP_MyNavLinkProxy_C_UAID_B42E991F4C8D0ED301_2034936454 Label:BP_MyNavLinkProxy SpatiallyLoaded:1 Bounds:IsValid=true, Min=(X=0.000 Y=0.000 Z=0.000), Max=(X=0.000 Y=0.000 Z=0.000) RuntimeGrid:None EditorOnly:0 RuntimeOnly:0 HLODRelevant:0
 |   |   |   |- Guid:654ED43747A9956E87F8BC860D127311 BaseClass:/Game/TopDown/Blueprints/BP_MyNavLink.BP_MyNavLink_C NativeClass:/Script/Engine.Actor Name:BP_MyNavLink_C_UAID_B42E991F4C8D0ED301_2034935453 Label:BP_MyNavLink SpatiallyLoaded:1 Bounds:IsValid=true, Min=(X=889.580 Y=2762.000 Z=-29.500), Max=(X=1789.420 Y=2826.000 Z=34.500) RuntimeGrid:None EditorOnly:0 RuntimeOnly:0 HLODRelevant:0
 |   |   |- [+] [ 35]
 |   |   |   |- Guid:CB159CF84A21429677CE1C9A82A91A51 BaseClass:/Game/TopDown/Blueprints/BP_MyNavLinkProxy.BP_MyNavLinkProxy_C NativeClass:/Script/FYP.MyNavLinkProxy Name:BP_MyNavLinkProxy_C_UAID_B42E991F4C8D0ED301_2034939456 Label:BP_MyNavLinkProxy SpatiallyLoaded:1 Bounds:IsValid=true, Min=(X=0.000 Y=0.000 Z=0.000), Max=(X=0.000 Y=0.000 Z=0.000) RuntimeGrid:None EditorOnly:0 RuntimeOnly:0 HLODRelevant:0
 |   |   |   |- Guid:C705138541C6F5AC16B0279D132DF1FA BaseClass:/Game/TopDown/Blueprints/BP_MyNavLink.BP_MyNavLink_C NativeClass:/Script/Engine.Actor Name:BP_MyNavLink_C_UAID_B42E991F4C8D0ED301_2034938455 Label:BP_MyNavLink SpatiallyLoaded:1 Bounds:IsValid=true, Min=(X=2059.000 Y=2199.060 Z=-29.500), Max=(X=2123.000 Y=2417.940 Z=34.500) RuntimeGrid:None EditorOnly:0 RuntimeOnly:0 HLODRelevant:0
 |   |   |- [+] [ 36]
 |   |   |   |- Guid:263F668F49552D7B2BC6D1ABBA5C2908 BaseClass:/Game/TopDown/Blueprints/BP_MyNavLinkProxy.BP_MyNavLinkProxy_C NativeClass:/Script/FYP.MyNavLinkProxy Name:BP_MyNavLinkProxy_C_UAID_B42E991F4C8D0ED301_2034942458 Label:BP_MyNavLinkProxy SpatiallyLoaded:1 Bounds:IsValid=true, Min=(X=0.000 Y=0.000 Z=0.000), Max=(X=0.000 Y=0.000 Z=0.000) RuntimeGrid:None EditorOnly:0 RuntimeOnly:0 HLODRelevant:0
 |   |   |   |- Guid:2611BFCC46433E6651E2B085DE60FE16 BaseClass:/Game/TopDown/Blueprints/BP_MyNavLink.BP_MyNavLink_C NativeClass:/Script/Engine.Actor Name:BP_MyNavLink_C_UAID_B42E991F4C8D0ED301_2034941457 Label:BP_MyNavLink SpatiallyLoaded:1 Bounds:IsValid=true, Min=(X=1127.840 Y=1336.000 Z=250.500), Max=(X=1760.160 Y=1400.000 Z=314.500) RuntimeGrid:None EditorOnly:0 RuntimeOnly:0 HLODRelevant:0
 |   |   |- [+] [ 37]
 |   |   |   |- Guid:467F3E784E996A7F18AB808EE39CD926 BaseClass:/Game/TopDown/Blueprints/BP_MyNavLinkProxy.BP_MyNavLinkProxy_C NativeClass:/Script/FYP.MyNavLinkProxy Name:BP_MyNavLinkProxy_C_UAID_B42E991F4C8D0ED301_2034945460 Label:BP_MyNavLinkProxy SpatiallyLoaded:1 Bounds:IsValid=true, Min=(X=0.000 Y=0.000 Z=0.000), Max=(X=0.000 Y=0.000 Z=0.000) RuntimeGrid:None EditorOnly:0 RuntimeOnly:0 HLODRelevant:0
 |   |   |   |- Guid:08A45FED4A6CD4FD7ACD32B2F7FA9496 BaseClass:/Game/TopDown/Blueprints/BP_MyNavLink.BP_MyNavLink_C NativeClass:/Script/Engine.Actor Name:BP_MyNavLink_C_UAID_B42E991F4C8D0ED301_2034944459 Label:BP_MyNavLink SpatiallyLoaded:1 Bounds:IsValid=true, Min=(X=803.000 Y=1699.740 Z=-29.500), Max=(X=867.000 Y=1967.260 Z=34.500) RuntimeGrid:None EditorOnly:0 RuntimeOnly:0 HLODRelevant:0
 |   |   |- [+] [ 38]
 |   |   |   |- Guid:98A534C4446E76B040C996BD101749BE BaseClass:/Game/TopDown/Blueprints/BP_MyNavLinkProxy.BP_MyNavLinkProxy_C NativeClass:/Script/FYP.MyNavLinkProxy Name:BP_MyNavLinkProxy_C_UAID_B42E991F4C8D0ED301_2034948462 Label:BP_MyNavLinkProxy SpatiallyLoaded:1 Bounds:IsValid=true, Min=(X=0.000 Y=0.000 Z=0.000), Max=(X=0.000 Y=0.000 Z=0.000) RuntimeGrid:None EditorOnly:0 RuntimeOnly:0 HLODRelevant:0
 |   |   |   |- Guid:781A5A14425FFC757DA3D886B727E06B BaseClass:/Game/TopDown/Blueprints/BP_MyNavLink.BP_MyNavLink_C NativeClass:/Script/Engine.Actor Name:BP_MyNavLink_C_UAID_B42E991F4C8D0ED301_2034947461 Label:BP_MyNavLink SpatiallyLoaded:1 Bounds:IsValid=true, Min=(X=1165.840 Y=2306.000 Z=370.500), Max=(X=1798.160 Y=2370.000 Z=434.500) RuntimeGrid:None EditorOnly:0 RuntimeOnly:0 HLODRelevant:0
 |   |   |- [+] [ 39]
 |   |   |   |- Guid:E265874846DA47D9D3AABDABF77336D0 BaseClass:/Game/TopDown/Blueprints/BP_MyNavLinkProxy.BP_MyNavLinkProxy_C NativeClass:/Script/FYP.MyNavLinkProxy Name:BP_MyNavLinkProxy_C_UAID_B42E991F4C8D0ED301_2034951464 Label:BP_MyNavLinkProxy SpatiallyLoaded:1 Bounds:IsValid=true, Min=(X=0.000 Y=0.000 Z=0.000), Max=(X=0.000 Y=0.000 Z=0.000) RuntimeGrid:None EditorOnly:0 RuntimeOnly:0 HLODRelevant:0
 |   |   |   |- Guid:B19BE08C4D2EB7762F337BA6B1B21F5F BaseClass:/Game/TopDown/Blueprints/BP_MyNavLink.BP_MyNavLink_C NativeClass:/Script/Engine.Actor Name:BP_MyNavLink_C_UAID_B42E991F4C8D0ED301_2034949463 Label:BP_MyNavLink SpatiallyLoaded:1 Bounds:IsValid=true, Min=(X=2097.000 Y=1699.740 Z=-29.500), Max=(X=2161.000 Y=1967.260 Z=34.500) RuntimeGrid:None EditorOnly:0 RuntimeOnly:0 HLODRelevant:0
 |   |   |- [+] [ 40]
 |   |   |   |- Guid:C50DE15C4F16EE9C48709D8D53184B62 BaseClass:/Game/TopDown/Blueprints/BP_MyNavLinkProxy.BP_MyNavLinkProxy_C NativeClass:/Script/FYP.MyNavLinkProxy Name:BP_MyNavLinkProxy_C_UAID_B42E991F4C8D0ED301_2034954466 Label:BP_MyNavLinkProxy SpatiallyLoaded:1 Bounds:IsValid=true, Min=(X=0.000 Y=0.000 Z=0.000), Max=(X=0.000 Y=0.000 Z=0.000) RuntimeGrid:None EditorOnly:0 RuntimeOnly:0 HLODRelevant:0
 |   |   |   |- Guid:A96E1C9B41308E37B465F993449EAB8C BaseClass:/Game/TopDown/Blueprints/BP_MyNavLink.BP_MyNavLink_C NativeClass:/Script/Engine.Actor Name:BP_MyNavLink_C_UAID_B42E991F4C8D0ED301_2034952465 Label:BP_MyNavLink SpatiallyLoaded:1 Bounds:IsValid=true, Min=(X=1274.140 Y=1869.000 Z=370.500), Max=(X=1784.860 Y=1933.000 Z=434.500) RuntimeGrid:None EditorOnly:0 RuntimeOnly:0 HLODRelevant:0
 |   |   |- [+] [ 41]
 |   |   |   |- Guid:CD59014F4801ED119DC2F6AABFCFB220 BaseClass:/Game/TopDown/Blueprints/BP_MyNavLinkProxy.BP_MyNavLinkProxy_C NativeClass:/Script/FYP.MyNavLinkProxy Name:BP_MyNavLinkProxy_C_UAID_B42E991F4C8D0ED301_2034957468 Label:BP_MyNavLinkProxy SpatiallyLoaded:1 Bounds:IsValid=true, Min=(X=0.000 Y=0.000 Z=0.000), Max=(X=0.000 Y=0.000 Z=0.000) RuntimeGrid:None EditorOnly:0 RuntimeOnly:0 HLODRelevant:0
 |   |   |   |- Guid:C6C441024DAFCF0F4DF8C0A05B3CA0FB BaseClass:/Game/TopDown/Blueprints/BP_MyNavLink.BP_MyNavLink_C NativeClass:/Script/Engine.Actor Name:BP_MyNavLink_C_UAID_B42E991F4C8D0ED301_2034955467 Label:BP_MyNavLink SpatiallyLoaded:1 Bounds:IsValid=true, Min=(X=967.480 Y=936.000 Z=-29.500), Max=(X=1502.520 Y=1000.000 Z=34.500) RuntimeGrid:None EditorOnly:0 RuntimeOnly:0 HLODRelevant:0
 |   |   |- [+] [ 42]
 |   |   |   |- Guid:244F75D64FFC73A11BD60CBC8DE3E03A BaseClass:/Game/TopDown/Blueprints/BP_MyNavLinkProxy.BP_MyNavLinkProxy_C NativeClass:/Script/FYP.MyNavLinkProxy Name:BP_MyNavLinkProxy_C_UAID_B42E991F4C8D0ED301_2034960470 Label:BP_MyNavLinkProxy SpatiallyLoaded:1 Bounds:IsValid=true, Min=(X=0.000 Y=0.000 Z=0.000), Max=(X=0.000 Y=0.000 Z=0.000) RuntimeGrid:None EditorOnly:0 RuntimeOnly:0 HLODRelevant:0
 |   |   |   |- Guid:FC694DB64D566286B35CF483BC988196 BaseClass:/Game/TopDown/Blueprints/BP_MyNavLink.BP_MyNavLink_C NativeClass:/Script/Engine.Actor Name:BP_MyNavLink_C_UAID_B42E991F4C8D0ED301_2034959469 Label:BP_MyNavLink SpatiallyLoaded:1 Bounds:IsValid=true, Min=(X=594.000 Y=1352.040 Z=-29.500), Max=(X=658.000 Y=1497.960 Z=34.500) RuntimeGrid:None EditorOnly:0 RuntimeOnly:0 HLODRelevant:0
 |   |   |- [+] [ 43]
 |   |   |   |- Guid:5E02FDEE4E6AA2682EF54094B4ECC7CF BaseClass:/Game/TopDown/Blueprints/BP_MyNavLinkProxy.BP_MyNavLinkProxy_C NativeClass:/Script/FYP.MyNavLinkProxy Name:BP_MyNavLinkProxy_C_UAID_B42E991F4C8D0ED301_2034963472 Label:BP_MyNavLinkProxy SpatiallyLoaded:1 Bounds:IsValid=true, Min=(X=0.000 Y=0.000 Z=0.000), Max=(X=0.000 Y=0.000 Z=0.000) RuntimeGrid:None EditorOnly:0 RuntimeOnly:0 HLODRelevant:0
 |   |   |   |- Guid:5DBD9D2C4DBCF61BCD28B79DA73848F2 BaseClass:/Game/TopDown/Blueprints/BP_MyNavLink.BP_MyNavLink_C NativeClass:/Script/Engine.Actor Name:BP_MyNavLink_C_UAID_B42E991F4C8D0ED301_2034962471 Label:BP_MyNavLink SpatiallyLoaded:1 Bounds:IsValid=true, Min=(X=967.480 Y=1850.000 Z=-29.500), Max=(X=1502.520 Y=1914.000 Z=34.500) RuntimeGrid:None EditorOnly:0 RuntimeOnly:0 HLODRelevant:0
 |   |   |- [+] [ 44]
 |   |   |   |- Guid:D7DB45614D3A81728DB8F185BB437919 BaseClass:/Game/TopDown/Blueprints/BP_MyNavLinkProxy.BP_MyNavLinkProxy_C NativeClass:/Script/FYP.MyNavLinkProxy Name:BP_MyNavLinkProxy_C_UAID_B42E991F4C8D0ED301_2034966474 Label:BP_MyNavLinkProxy SpatiallyLoaded:1 Bounds:IsValid=true, Min=(X=0.000 Y=0.000 Z=0.000), Max=(X=0.000 Y=0.000 Z=0.000) RuntimeGrid:None EditorOnly:0 RuntimeOnly:0 HLODRelevant:0
 |   |   |   |- Guid:1A953FD144FF79A120CE6FB01489EBDC BaseClass:/Game/TopDown/Blueprints/BP_MyNavLink.BP_MyNavLink_C NativeClass:/Script/Engine.Actor Name:BP_MyNavLink_C_UAID_B42E991F4C8D0ED301_2034965473 Label:BP_MyNavLink SpatiallyLoaded:1 Bounds:IsValid=true, Min=(X=1812.000 Y=1352.040 Z=-29.500), Max=(X=1876.000 Y=1497.960 Z=34.500) RuntimeGrid:None EditorOnly:0 RuntimeOnly:0 HLODRelevant:0
 |- ContainerInstances:
 |- [+] MainContainer:
 |   |-        ID: 0x0000000000000000
 |   |-    Bounds: IsValid=false, Min=(X=0.000 Y=0.000 Z=0.000), Max=(X=0.000 Y=0.000 Z=0.000)
 |   |- Transform: 0.000000,0.000000,0.000000|0.000000,0.000000,-0.000000|1.000000,1.000000,1.000000
 |   |- Container: /Game/TopDown/Maps/TopDownMap
----------------------------------------------------------------------------------------------------------------
TopDownMap - Persistent Level
----------------------------------------------------------------------------------------------------------------
Always loaded Actor Count: 107 

----------------------------------------------------------------------------------------------------------------
TopDownMap - Runtime Spatial Hash - Streaming Grid - MainGrid
----------------------------------------------------------------------------------------------------------------
            Origin: X=0.000 Y=0.000 Z=0.000
         Cell Size: 12800
      World Bounds: IsValid=false, Min=(X=0.000 Y=0.000 Z=0.000), Max=(X=0.000 Y=0.000 Z=0.000)
     Loading Range: 25600.00
Block Slow Loading: No
 ClientOnlyVisible: No

[+] Grid Levels: 1
 |- Level  0: Cell Count    0 | Cell Size   12800 | Actor Count    0 (0.0%)

[+] Content of Grid Level 0

