[+] Containers:
 |- [+] Container: /Game/TopDown/Maps/TopDownMap
 |   |- [+] ActorDescs:
 |   |   |- Guid:04474C184174178CBE33008B73B3EBC6 BaseClass: NativeClass:/Script/Engine.StaticMeshActor Name:StaticMeshActor_UAID_B42E991F4C8D80C501_1747893799 Label:SM_Cube14 SpatiallyLoaded:1 Bounds:IsValid=true, Min=(X=692.000 Y=2168.000 Z=300.000), Max=(X=1742.000 Y=2443.000 Z=400.000) RuntimeGrid:None EditorOnly:0 RuntimeOnly:0 HLODRelevant:1 FolderPath:Block01 FolderGuid:A3D0865D40B5211925A81EB39A13C84D
 |   |   |- Guid:0495936B4FF4EBF6F1EC73A1F5084C43 BaseClass:/Game/TopDown/Blueprints/BP_MyNavLink.BP_MyNavLink_C NativeClass:/Script/Engine.Actor Name:BP_MyNavLink_C_UAID_B42E991F4C8D9DD301_1342021721 Label:BP_MyNavLink SpatiallyLoaded:1 Bounds:IsValid=true, Min=(X=889.580 Y=1791.000 Z=370.500), Max=(X=1789.420 Y=1855.000 Z=434.500) RuntimeGrid:None EditorOnly:0 RuntimeOnly:0 HLODRelevant:0
 |   |   |- Guid:0513F0ED48B39116941808A24C227887 BaseClass:/Game/TopDown/Blueprints/BP_MyNavLink.BP_MyNavLink_C NativeClass:/Script/Engine.Actor Name:BP_MyNavLink_C_UAID_B42E991F4C8D9DD301_1342001711 Label:BP_MyNavLink SpatiallyLoaded:1 Bounds:IsValid=true, Min=(X=706.420 Y=1791.000 Z=-29.500), Max=(X=1022.580 Y=1855.000 Z=34.500) RuntimeGrid:None EditorOnly:0 RuntimeOnly:0 HLODRelevant:0
 |   |   |- Guid:07810DB5476552C6ECC207B8FBE94500 BaseClass: NativeClass:/Script/Engine.StaticMeshActor Name:StaticMeshActor_UAID_A4AE111137DC5CFB00_1546167071 Label:SM_SkySphere SpatiallyLoaded:0 Bounds:IsValid=true, Min=(X=-1638400.000 Y=-1638400.000 Z=-1638400.000), Max=(X=1638400.000 Y=1638400.000 Z=1638400.000) RuntimeGrid:None EditorOnly:0 RuntimeOnly:0 HLODRelevant:1 FolderPath:Lighting FolderGuid:E13570EE436BA15E35C622BAA5B21164
 |   |   |- Guid:0EE0E5D1466B2603910C569929142127 BaseClass: NativeClass:/Script/Engine.StaticMeshActor Name:StaticMeshActor_39 Label:SM_Cube5 SpatiallyLoaded:1 Bounds:IsValid=true, Min=(X=-0.000 Y=100.000 Z=0.000), Max=(X=100.000 Y=3400.000 Z=400.000) RuntimeGrid:None EditorOnly:0 RuntimeOnly:0 HLODRelevant:1 FolderPath:Playground FolderGuid:8746DDAD42A18A3736DBE9BBB77675E5
 |   |   |- Guid:123FE94148EE98EC5008A9902D8F7655 BaseClass:/Game/TopDown/Blueprints/BP_MyNavLinkProxy.BP_MyNavLinkProxy_C NativeClass:/Script/FYP.MyNavLinkProxy Name:BP_MyNavLinkProxy_C_UAID_B42E991F4C8D9DD301_1342027724 Label:BP_MyNavLinkProxy SpatiallyLoaded:1 Bounds:IsValid=true, Min=(X=0.000 Y=0.000 Z=0.000), Max=(X=0.000 Y=0.000 Z=0.000) RuntimeGrid:None EditorOnly:0 RuntimeOnly:0 HLODRelevant:0
 |   |   |- Guid:124EE53143C875A1C4F174B08C31D407 BaseClass: NativeClass:/Script/Engine.SkyAtmosphere Name:SkyAtmosphere_1 Label:SkyAtmosphere SpatiallyLoaded:0 Bounds:IsValid=true, Min=(X=0.000 Y=0.000 Z=1020.000), Max=(X=0.000 Y=0.000 Z=1020.000) RuntimeGrid:None EditorOnly:0 RuntimeOnly:0 HLODRelevant:0 FolderPath:Lighting FolderGuid:E13570EE436BA15E35C622BAA5B21164
 |   |   |- Guid:128AFB4143646D4352518685931F01DD BaseClass: NativeClass:/Script/Engine.StaticMeshActor Name:StaticMeshActor_56 Label:SM_ChamferCube5 SpatiallyLoaded:1 Bounds:IsValid=true, Min=(X=2419.765 Y=1390.593 Z=0.063), Max=(X=2547.936 Y=1518.765 Z=100.063) RuntimeGrid:None EditorOnly:0 RuntimeOnly:0 HLODRelevant:0
 |   |   |- Guid:1A013F6D454DDAB5AD8E77B766ED9FAD BaseClass: NativeClass:/Script/Engine.ExponentialHeightFog Name:ExponentialHeightFog_1 Label:ExponentialHeightFog SpatiallyLoaded:0 Bounds:IsValid=true, Min=(X=-5600.000 Y=-50.000 Z=-6850.000), Max=(X=-5600.000 Y=-50.000 Z=-6850.000) RuntimeGrid:None EditorOnly:0 RuntimeOnly:0 HLODRelevant:0 FolderPath:Lighting FolderGuid:E13570EE436BA15E35C622BAA5B21164
 |   |   |- Guid:1EAC4B384A184FDE1A71CC9A23409C01 BaseClass:/Game/TopDown/Blueprints/BP_MyNavLinkProxy.BP_MyNavLinkProxy_C NativeClass:/Script/FYP.MyNavLinkProxy Name:BP_MyNavLinkProxy_C_UAID_B42E991F4C8D9DD301_1342035728 Label:BP_MyNavLinkProxy SpatiallyLoaded:1 Bounds:IsValid=true, Min=(X=0.000 Y=0.000 Z=0.000), Max=(X=0.000 Y=0.000 Z=0.000) RuntimeGrid:None EditorOnly:0 RuntimeOnly:0 HLODRelevant:0
 |   |   |- Guid:20BCA97640857441FE4D28B054684C07 BaseClass: NativeClass:/Script/Engine.StaticMeshActor Name:StaticMeshActor_40 Label:SM_Cube6 SpatiallyLoaded:1 Bounds:IsValid=true, Min=(X=2900.000 Y=100.000 Z=0.000), Max=(X=3000.000 Y=3400.000 Z=400.000) RuntimeGrid:None EditorOnly:0 RuntimeOnly:0 HLODRelevant:1 FolderPath:Playground FolderGuid:8746DDAD42A18A3736DBE9BBB77675E5
 |   |   |- Guid:2247A6C1474BEA39865571AD6246FF58 BaseClass:/Game/TopDown/Blueprints/BP_MyNavLinkProxy.BP_MyNavLinkProxy_C NativeClass:/Script/FYP.MyNavLinkProxy Name:BP_MyNavLinkProxy_C_UAID_B42E991F4C8D9DD301_1342057740 Label:BP_MyNavLinkProxy SpatiallyLoaded:1 Bounds:IsValid=true, Min=(X=0.000 Y=0.000 Z=0.000), Max=(X=0.000 Y=0.000 Z=0.000) RuntimeGrid:None EditorOnly:0 RuntimeOnly:0 HLODRelevant:0
 |   |   |- Guid:23B9292E4671AA2D270C06B7CD08E6BF BaseClass:/Game/TopDown/Blueprints/BP_MyNavLinkProxy.BP_MyNavLinkProxy_C NativeClass:/Script/FYP.MyNavLinkProxy Name:BP_MyNavLinkProxy_C_UAID_B42E991F4C8D9DD301_1342046734 Label:BP_MyNavLinkProxy SpatiallyLoaded:1 Bounds:IsValid=true, Min=(X=0.000 Y=0.000 Z=0.000), Max=(X=0.000 Y=0.000 Z=0.000) RuntimeGrid:None EditorOnly:0 RuntimeOnly:0 HLODRelevant:0
 |   |   |- Guid:29B526574016BAC960DF0384B8441CD8 BaseClass:/Game/TopDown/Blueprints/BP_MyNavLinkProxy.BP_MyNavLinkProxy_C NativeClass:/Script/FYP.MyNavLinkProxy Name:BP_MyNavLinkProxy_C_UAID_B42E991F4C8D9DD301_1342031726 Label:BP_MyNavLinkProxy SpatiallyLoaded:1 Bounds:IsValid=true, Min=(X=0.000 Y=0.000 Z=0.000), Max=(X=0.000 Y=0.000 Z=0.000) RuntimeGrid:None EditorOnly:0 RuntimeOnly:0 HLODRelevant:0
 |   |   |- Guid:2D35D16542032F78BA8C8AB1CC4FA726 BaseClass: NativeClass:/Script/Engine.PlayerStart Name:PlayerStart_1 Label:PlayerStart SpatiallyLoaded:0 Bounds:IsValid=true, Min=(X=960.000 Y=1770.000 Z=0.013), Max=(X=1040.000 Y=1850.000 Z=184.013) RuntimeGrid:None EditorOnly:0 RuntimeOnly:0 HLODRelevant:0
 |   |   |- Guid:30527CC149F7950197BFFDB79ABBC6A9 BaseClass: NativeClass:/Script/Engine.TextRenderActor Name:TextRenderActor_1 Label:TextRenderActor SpatiallyLoaded:1 Bounds:IsValid=true, Min=(X=-0.100 Y=1100.000 Z=65.013), Max=(X=-0.100 Y=2225.000 Z=215.013) RuntimeGrid:None EditorOnly:0 RuntimeOnly:0 HLODRelevant:0
 |   |   |- Guid:349C1E3D46D4FF5ECABBB586DCA7732C BaseClass:/Game/TopDown/Blueprints/BP_MyNavLink.BP_MyNavLink_C NativeClass:/Script/Engine.Actor Name:BP_MyNavLink_C_UAID_B42E991F4C8D9DD301_1342033727 Label:BP_MyNavLink SpatiallyLoaded:1 Bounds:IsValid=true, Min=(X=1127.840 Y=1336.000 Z=250.500), Max=(X=1760.160 Y=1400.000 Z=314.500) RuntimeGrid:None EditorOnly:0 RuntimeOnly:0 HLODRelevant:0
 |   |   |- Guid:3AA00CC7473B3AB860032482C86F1357 BaseClass: NativeClass:/Script/Engine.SkyLight Name:SkyLight_1 Label:SkyLight SpatiallyLoaded:0 Bounds:IsValid=true, Min=(X=0.000 Y=0.000 Z=690.000), Max=(X=0.000 Y=0.000 Z=690.000) RuntimeGrid:None EditorOnly:0 RuntimeOnly:0 HLODRelevant:0 FolderPath:Lighting FolderGuid:E13570EE436BA15E35C622BAA5B21164
 |   |   |- Guid:3B8D18C3444B92F757CDEF93563439AE BaseClass: NativeClass:/Script/Engine.StaticMeshActor Name:StaticMeshActor_UAID_B42E991F4C8D33C501_1394914413 Label:SM_Cube11 SpatiallyLoaded:1 Bounds:IsValid=true, Min=(X=982.000 Y=1320.000 Z=180.000), Max=(X=1482.000 Y=1520.000 Z=280.000) RuntimeGrid:None EditorOnly:0 RuntimeOnly:0 HLODRelevant:1 FolderPath:Block01 FolderGuid:A3D0865D40B5211925A81EB39A13C84D
 |   |   |- Guid:3CB7FB8542B34B8CAD35AFBB1FF15D41 BaseClass:/Game/TopDown/Blueprints/BP_MyNavLinkProxy.BP_MyNavLinkProxy_C NativeClass:/Script/FYP.MyNavLinkProxy Name:BP_MyNavLinkProxy_C_UAID_B42E991F4C8D9DD301_1342023722 Label:BP_MyNavLinkProxy SpatiallyLoaded:1 Bounds:IsValid=true, Min=(X=0.000 Y=0.000 Z=0.000), Max=(X=0.000 Y=0.000 Z=0.000) RuntimeGrid:None EditorOnly:0 RuntimeOnly:0 HLODRelevant:0
 |   |   |- Guid:3F0A889D4709F005E34EA89A14A7E4B3 BaseClass:/Game/TopDown/Blueprints/BP_MyNavLink.BP_MyNavLink_C NativeClass:/Script/Engine.Actor Name:BP_MyNavLink_C_UAID_B42E991F4C8D9DD301_1342040731 Label:BP_MyNavLink SpatiallyLoaded:1 Bounds:IsValid=true, Min=(X=1165.840 Y=2306.000 Z=370.500), Max=(X=1798.160 Y=2370.000 Z=434.500) RuntimeGrid:None EditorOnly:0 RuntimeOnly:0 HLODRelevant:0
 |   |   |- Guid:4762C7F04E8F86E8EBDC64BF07E4C66F BaseClass:/Game/TopDown/Blueprints/BP_MyNavLinkProxy.BP_MyNavLinkProxy_C NativeClass:/Script/FYP.MyNavLinkProxy Name:BP_MyNavLinkProxy_C_UAID_B42E991F4C8D9DD301_1342061742 Label:BP_MyNavLinkProxy SpatiallyLoaded:1 Bounds:IsValid=true, Min=(X=0.000 Y=0.000 Z=0.000), Max=(X=0.000 Y=0.000 Z=0.000) RuntimeGrid:None EditorOnly:0 RuntimeOnly:0 HLODRelevant:0
 |   |   |- Guid:505B4ED943FA99164AF46CAED7EC7B12 BaseClass: NativeClass:/Script/Engine.StaticMeshActor Name:StaticMeshActor_34 Label:SM_Cube SpatiallyLoaded:1 Bounds:IsValid=true, Min=(X=0.000 Y=0.000 Z=-50.000), Max=(X=3000.000 Y=3500.000 Z=0.000) RuntimeGrid:None EditorOnly:0 RuntimeOnly:0 HLODRelevant:1 FolderPath:Playground FolderGuid:8746DDAD42A18A3736DBE9BBB77675E5
 |   |   |- Guid:55F2164F45CFDD6897EACE89B5271253 BaseClass:/Game/TopDown/Blueprints/BP_MyNavLink.BP_MyNavLink_C NativeClass:/Script/Engine.Actor Name:BP_MyNavLink_C_UAID_B42E991F4C8D9DD301_1342029725 Label:BP_MyNavLink SpatiallyLoaded:1 Bounds:IsValid=true, Min=(X=2059.000 Y=2199.060 Z=-29.500), Max=(X=2123.000 Y=2417.940 Z=34.500) RuntimeGrid:None EditorOnly:0 RuntimeOnly:0 HLODRelevant:0
 |   |   |- Guid:5C38F3714AB01D1B715A8DBEB736004F BaseClass: NativeClass:/Script/Engine.StaticMeshActor Name:StaticMeshActor_UAID_B42E991F4C8D34C501_1713903040 Label:SM_Cube13 SpatiallyLoaded:1 Bounds:IsValid=true, Min=(X=1280.000 Y=1350.000 Z=560.000), Max=(X=1780.000 Y=1550.000 Z=660.000) RuntimeGrid:None EditorOnly:0 RuntimeOnly:0 HLODRelevant:1 FolderPath:Block01 FolderGuid:A3D0865D40B5211925A81EB39A13C84D
 |   |   |- Guid:623ECEC1492D3E477CA1D4AE96495F69 BaseClass:/Game/TopDown/Blueprints/BP_NavLinkGenerator.BP_NavLinkGenerator_C NativeClass:/Script/FYP.MyNavLinkGenerator Name:BP_NavLinkGenerator_C_UAID_B42E991F4C8D30C501_1461393988 Label:BP_NavLinkGenerator SpatiallyLoaded:1 Bounds:IsValid=true, Min=(X=40.000 Y=60.000 Z=400.000), Max=(X=40.000 Y=60.000 Z=400.000) RuntimeGrid:None EditorOnly:0 RuntimeOnly:0 HLODRelevant:0
 |   |   |- Guid:6A35B9E14868EABC2F367ABD91B710D2 BaseClass:/Game/TopDown/Blueprints/BP_MyNavLinkProxy.BP_MyNavLinkProxy_C NativeClass:/Script/FYP.MyNavLinkProxy Name:BP_MyNavLinkProxy_C_UAID_B42E991F4C8D9DD301_1342053738 Label:BP_MyNavLinkProxy SpatiallyLoaded:1 Bounds:IsValid=true, Min=(X=0.000 Y=0.000 Z=0.000), Max=(X=0.000 Y=0.000 Z=0.000) RuntimeGrid:None EditorOnly:0 RuntimeOnly:0 HLODRelevant:0
 |   |   |- Guid:6CFE69CB41732F0CDEB04A85666FA67E BaseClass: NativeClass:/Script/Engine.WorldDataLayers Name:WorldDataLayers Label:WorldDataLayers-1 SpatiallyLoaded:0 Bounds:IsValid=true, Min=(X=0.000 Y=0.000 Z=0.000), Max=(X=0.000 Y=0.000 Z=0.000) RuntimeGrid:None EditorOnly:0 RuntimeOnly:0 HLODRelevant:0
 |   |   |- Guid:6FF3BA9A41371FFA260BD2A7C32D901B BaseClass:/Game/TopDown/Blueprints/BP_MyNavLinkProxy.BP_MyNavLinkProxy_C NativeClass:/Script/FYP.MyNavLinkProxy Name:BP_MyNavLinkProxy_C_UAID_B42E991F4C8D9DD301_1341998710 Label:BP_MyNavLinkProxy SpatiallyLoaded:1 Bounds:IsValid=true, Min=(X=0.000 Y=0.000 Z=0.000), Max=(X=0.000 Y=0.000 Z=0.000) RuntimeGrid:None EditorOnly:0 RuntimeOnly:0 HLODRelevant:0
 |   |   |- Guid:7127FEA54D17C1056829B594DE533425 BaseClass:/Game/TopDown/Blueprints/BP_MyNavLink.BP_MyNavLink_C NativeClass:/Script/Engine.Actor Name:BP_MyNavLink_C_UAID_B42E991F4C8D9DD301_1342009715 Label:BP_MyNavLink SpatiallyLoaded:1 Bounds:IsValid=true, Min=(X=706.420 Y=2762.000 Z=-29.500), Max=(X=1022.580 Y=2826.000 Z=34.500) RuntimeGrid:None EditorOnly:0 RuntimeOnly:0 HLODRelevant:0
 |   |   |- Guid:7253A9A143757B6FBCFC979462C8F07A BaseClass: NativeClass:/Script/Engine.StaticMeshActor Name:StaticMeshActor_55 Label:SM_ChamferCube4 SpatiallyLoaded:1 Bounds:IsValid=true, Min=(X=663.409 Y=2784.238 Z=0.063), Max=(X=804.292 Y=2925.121 Z=100.063) RuntimeGrid:None EditorOnly:0 RuntimeOnly:0 HLODRelevant:0
 |   |   |- Guid:736975F64DE43E6FFE67E3B0B4F3ACE3 BaseClass: NativeClass:/Script/Engine.StaticMeshActor Name:StaticMeshActor_UAID_B42E991F4C8D80C501_1760370801 Label:SM_Cube16 SpatiallyLoaded:1 Bounds:IsValid=true, Min=(X=1488.000 Y=2501.000 Z=830.000), Max=(X=2088.000 Y=2801.000 Z=930.000) RuntimeGrid:None EditorOnly:0 RuntimeOnly:0 HLODRelevant:1 FolderPath:Block01 FolderGuid:A3D0865D40B5211925A81EB39A13C84D
 |   |   |- Guid:74C0D72547CD5136527E659C496247BB BaseClass: NativeClass:/Script/Engine.StaticMeshActor Name:StaticMeshActor_53 Label:SM_ChamferCube SpatiallyLoaded:1 Bounds:IsValid=true, Min=(X=761.762 Y=2853.712 Z=0.063), Max=(X=902.646 Y=2994.595 Z=100.063) RuntimeGrid:None EditorOnly:0 RuntimeOnly:0 HLODRelevant:0
 |   |   |- Guid:78C9313B4BF4995FB42D57AD1C8EBCBE BaseClass:/Game/TopDown/Blueprints/BP_MyNavLinkProxy.BP_MyNavLinkProxy_C NativeClass:/Script/FYP.MyNavLinkProxy Name:BP_MyNavLinkProxy_C_UAID_B42E991F4C8D9DD301_1342019720 Label:BP_MyNavLinkProxy SpatiallyLoaded:1 Bounds:IsValid=true, Min=(X=0.000 Y=0.000 Z=0.000), Max=(X=0.000 Y=0.000 Z=0.000) RuntimeGrid:None EditorOnly:0 RuntimeOnly:0 HLODRelevant:0
 |   |   |- Guid:86104D084AB1F8B51BBD19A68761E3CA BaseClass: NativeClass:/Script/Engine.StaticMeshActor Name:StaticMeshActor_UAID_B42E991F4C8D80C501_1754497800 Label:SM_Cube15 SpatiallyLoaded:1 Bounds:IsValid=true, Min=(X=739.000 Y=2573.000 Z=591.000), Max=(X=1339.000 Y=2873.000 Z=691.000) RuntimeGrid:None EditorOnly:0 RuntimeOnly:0 HLODRelevant:1 FolderPath:Block01 FolderGuid:A3D0865D40B5211925A81EB39A13C84D
 |   |   |- Guid:89302FAB485EACCCE8BDE2A47C1CE5A8 BaseClass:/Game/TopDown/Blueprints/BP_MyNavLinkProxy.BP_MyNavLinkProxy_C NativeClass:/Script/FYP.MyNavLinkProxy Name:BP_MyNavLinkProxy_C_UAID_B42E991F4C8D9DD301_1342038730 Label:BP_MyNavLinkProxy SpatiallyLoaded:1 Bounds:IsValid=true, Min=(X=0.000 Y=0.000 Z=0.000), Max=(X=0.000 Y=0.000 Z=0.000) RuntimeGrid:None EditorOnly:0 RuntimeOnly:0 HLODRelevant:0
 |   |   |- Guid:8C9D1B0D4192F1C89C4B69AF5C6D4341 BaseClass:/Game/TopDown/Blueprints/BP_MyNavLinkProxy.BP_MyNavLinkProxy_C NativeClass:/Script/FYP.MyNavLinkProxy Name:BP_MyNavLinkProxy_C_UAID_B42E991F4C8D9DD301_1342042732 Label:BP_MyNavLinkProxy SpatiallyLoaded:1 Bounds:IsValid=true, Min=(X=0.000 Y=0.000 Z=0.000), Max=(X=0.000 Y=0.000 Z=0.000) RuntimeGrid:None EditorOnly:0 RuntimeOnly:0 HLODRelevant:0
 |   |   |- Guid:9110C346443B913EF67771866B13FCCA BaseClass:/Game/TopDown/Blueprints/BP_MyNavLink.BP_MyNavLink_C NativeClass:/Script/Engine.Actor Name:BP_MyNavLink_C_UAID_B42E991F4C8D9DD301_1342055739 Label:BP_MyNavLink SpatiallyLoaded:1 Bounds:IsValid=true, Min=(X=594.000 Y=1352.040 Z=-29.500), Max=(X=658.000 Y=1497.960 Z=34.500) RuntimeGrid:None EditorOnly:0 RuntimeOnly:0 HLODRelevant:0
 |   |   |- Guid:963169944433A544D75FF79A1B9FC159 BaseClass: NativeClass:/Script/NavigationSystem.NavMeshBoundsVolume Name:NavMeshBoundsVolume_1 Label:NavMeshBoundsVolume SpatiallyLoaded:0 Bounds:IsValid=true, Min=(X=-216.000 Y=-163.000 Z=-1047.500), Max=(X=2984.000 Y=3537.000 Z=1327.500) RuntimeGrid:None EditorOnly:0 RuntimeOnly:0 HLODRelevant:0 FolderPath:Navigation FolderGuid:5FBB7B1041A3902AEFBB4E87AA1D500F
 |   |   |- Guid:A45756D6495C3CBE8AA73EAD039CE983 BaseClass: NativeClass:/Script/Engine.StaticMeshActor Name:StaticMeshActor_35 Label:SM_Cube2 SpatiallyLoaded:1 Bounds:IsValid=true, Min=(X=0.000 Y=0.000 Z=0.000), Max=(X=3000.000 Y=100.000 Z=400.000) RuntimeGrid:None EditorOnly:0 RuntimeOnly:0 HLODRelevant:1 FolderPath:Playground FolderGuid:8746DDAD42A18A3736DBE9BBB77675E5
 |   |   |- Guid:A533D9944814A4CC2A2EEB86C9FFA323 BaseClass: NativeClass:/Script/Engine.StaticMeshActor Name:StaticMeshActor_54 Label:SM_ChamferCube3 SpatiallyLoaded:1 Bounds:IsValid=true, Min=(X=711.512 Y=2824.945 Z=100.063), Max=(X=848.115 Y=2961.548 Z=200.063) RuntimeGrid:None EditorOnly:0 RuntimeOnly:0 HLODRelevant:0
 |   |   |- Guid:A594539E4D20822695C64D93265B27D9 BaseClass:/Game/TopDown/Blueprints/BP_MyNavLink.BP_MyNavLink_C NativeClass:/Script/Engine.Actor Name:BP_MyNavLink_C_UAID_B42E991F4C8D9DD301_1342036729 Label:BP_MyNavLink SpatiallyLoaded:1 Bounds:IsValid=true, Min=(X=803.000 Y=1699.740 Z=-29.500), Max=(X=867.000 Y=1967.260 Z=34.500) RuntimeGrid:None EditorOnly:0 RuntimeOnly:0 HLODRelevant:0
 |   |   |- Guid:B2B17A544848C4EE12AC56902BA39CC3 BaseClass: NativeClass:/Script/Engine.StaticMeshActor Name:StaticMeshActor_UAID_B42E991F4C8D33C501_1402788414 Label:SM_Cube12 SpatiallyLoaded:1 Bounds:IsValid=true, Min=(X=1182.000 Y=1690.000 Z=300.000), Max=(X=1782.000 Y=1990.000 Z=400.000) RuntimeGrid:None EditorOnly:0 RuntimeOnly:0 HLODRelevant:1 FolderPath:Block01 FolderGuid:A3D0865D40B5211925A81EB39A13C84D
 |   |   |- Guid:BC9F05DA4F26FE20B8ADBEAC803D9E07 BaseClass: NativeClass:/Script/Engine.PostProcessVolume Name:PostProcessVolume_1 Label:PostProcessVolume SpatiallyLoaded:0 Bounds:IsValid=true, Min=(X=0.000 Y=0.000 Z=400.000), Max=(X=200.000 Y=200.000 Z=600.000) RuntimeGrid:None EditorOnly:0 RuntimeOnly:0 HLODRelevant:0 FolderPath:Lighting FolderGuid:E13570EE436BA15E35C622BAA5B21164
 |   |   |- Guid:C1B2C45C4AD3AE5CBDAD85AD2E49CDA6 BaseClass:/Game/TopDown/Blueprints/BP_MyNavLinkProxy.BP_MyNavLinkProxy_C NativeClass:/Script/FYP.MyNavLinkProxy Name:BP_MyNavLinkProxy_C_UAID_B42E991F4C8D9DD301_1342003712 Label:BP_MyNavLinkProxy SpatiallyLoaded:1 Bounds:IsValid=true, Min=(X=0.000 Y=0.000 Z=0.000), Max=(X=0.000 Y=0.000 Z=0.000) RuntimeGrid:None EditorOnly:0 RuntimeOnly:0 HLODRelevant:0
 |   |   |- Guid:C1F343BF47546FC406FC86B4815E25C6 BaseClass: NativeClass:/Script/Engine.DirectionalLight Name:DirectionalLight_1 Label:DirectionalLight SpatiallyLoaded:0 Bounds:IsValid=true, Min=(X=-1048576.000 Y=-1048576.000 Z=-1048576.000), Max=(X=1048576.000 Y=1048576.000 Z=1048576.000) RuntimeGrid:None EditorOnly:0 RuntimeOnly:0 HLODRelevant:0 FolderPath:Lighting FolderGuid:E13570EE436BA15E35C622BAA5B21164
 |   |   |- Guid:C880C1D542DF2A3A15522CB53CEFA83D BaseClass:/Game/TopDown/Blueprints/BP_MyNavLink.BP_MyNavLink_C NativeClass:/Script/Engine.Actor Name:BP_MyNavLink_C_UAID_B42E991F4C8D9DD301_1342013717 Label:BP_MyNavLink SpatiallyLoaded:1 Bounds:IsValid=true, Min=(X=945.440 Y=2191.000 Z=370.500), Max=(X=1334.560 Y=2255.000 Z=434.500) RuntimeGrid:None EditorOnly:0 RuntimeOnly:0 HLODRelevant:0
 |   |   |- Guid:CA302B3541AB30D1EC3AD5BEA7E24D61 BaseClass:/Game/TopDown/Blueprints/BP_MyNavLink.BP_MyNavLink_C NativeClass:/Script/Engine.Actor Name:BP_MyNavLink_C_UAID_B42E991F4C8D9DD301_1341995709 Label:BP_MyNavLink SpatiallyLoaded:1 Bounds:IsValid=true, Min=(X=749.740 Y=2191.000 Z=370.500), Max=(X=1017.260 Y=2255.000 Z=434.500) RuntimeGrid:None EditorOnly:0 RuntimeOnly:0 HLODRelevant:0
 |   |   |- Guid:D7F5C7C04D9F63C97900E8BBDC40EB49 BaseClass:/Game/TopDown/Blueprints/BP_MyNavLink.BP_MyNavLink_C NativeClass:/Script/Engine.Actor Name:BP_MyNavLink_C_UAID_B42E991F4C8D9DD301_1342005713 Label:BP_MyNavLink SpatiallyLoaded:1 Bounds:IsValid=true, Min=(X=309.000 Y=2199.060 Z=-29.500), Max=(X=373.000 Y=2417.940 Z=34.500) RuntimeGrid:None EditorOnly:0 RuntimeOnly:0 HLODRelevant:0
 |   |   |- Guid:DC4F730B4713242C1AE90D98CFE1FF2F BaseClass:/Game/TopDown/Blueprints/BP_MyNavLinkProxy.BP_MyNavLinkProxy_C NativeClass:/Script/FYP.MyNavLinkProxy Name:BP_MyNavLinkProxy_C_UAID_B42E991F4C8D9DD301_1342050736 Label:BP_MyNavLinkProxy SpatiallyLoaded:1 Bounds:IsValid=true, Min=(X=0.000 Y=0.000 Z=0.000), Max=(X=0.000 Y=0.000 Z=0.000) RuntimeGrid:None EditorOnly:0 RuntimeOnly:0 HLODRelevant:0
 |   |   |- Guid:DD44D78743339B923FD1B1BC5DA79093 BaseClass:/Game/TopDown/Blueprints/BP_MyNavLink.BP_MyNavLink_C NativeClass:/Script/Engine.Actor Name:BP_MyNavLink_C_UAID_B42E991F4C8D9DD301_1342044733 Label:BP_MyNavLink SpatiallyLoaded:1 Bounds:IsValid=true, Min=(X=2097.000 Y=1699.740 Z=-29.500), Max=(X=2161.000 Y=1967.260 Z=34.500) RuntimeGrid:None EditorOnly:0 RuntimeOnly:0 HLODRelevant:0
 |   |   |- Guid:DDF3A63D487EE4119C591D905E61CCCC BaseClass:/Game/TopDown/Blueprints/BP_MyNavLink.BP_MyNavLink_C NativeClass:/Script/Engine.Actor Name:BP_MyNavLink_C_UAID_B42E991F4C8D9DD301_1342025723 Label:BP_MyNavLink SpatiallyLoaded:1 Bounds:IsValid=true, Min=(X=889.580 Y=2762.000 Z=-29.500), Max=(X=1789.420 Y=2826.000 Z=34.500) RuntimeGrid:None EditorOnly:0 RuntimeOnly:0 HLODRelevant:0
 |   |   |- Guid:DF2CAAE944C9DEA2D283FCBC090E532B BaseClass:/Game/TopDown/Blueprints/BP_MyNavLink.BP_MyNavLink_C NativeClass:/Script/Engine.Actor Name:BP_MyNavLink_C_UAID_B42E991F4C8D9DD301_1342017719 Label:BP_MyNavLink SpatiallyLoaded:1 Bounds:IsValid=true, Min=(X=1107.000 Y=2516.740 Z=660.500), Max=(X=1171.000 Y=2784.260 Z=724.500) RuntimeGrid:None EditorOnly:0 RuntimeOnly:0 HLODRelevant:0
 |   |   |- Guid:E3C3816C49531736AF2BC7B025FEE11E BaseClass:/Game/TopDown/Blueprints/BP_MyNavLink.BP_MyNavLink_C NativeClass:/Script/Engine.Actor Name:BP_MyNavLink_C_UAID_B42E991F4C8D9DD301_1342052737 Label:BP_MyNavLink SpatiallyLoaded:1 Bounds:IsValid=true, Min=(X=967.480 Y=936.000 Z=-29.500), Max=(X=1502.520 Y=1000.000 Z=34.500) RuntimeGrid:None EditorOnly:0 RuntimeOnly:0 HLODRelevant:0
 |   |   |- Guid:E4E2CE144C0947C87CFA17A0356DF9D5 BaseClass:/Game/TopDown/Blueprints/BP_MyNavLink.BP_MyNavLink_C NativeClass:/Script/Engine.Actor Name:BP_MyNavLink_C_UAID_B42E991F4C8D9DD301_1342059741 Label:BP_MyNavLink SpatiallyLoaded:1 Bounds:IsValid=true, Min=(X=1812.000 Y=1352.040 Z=-29.500), Max=(X=1876.000 Y=1497.960 Z=34.500) RuntimeGrid:None EditorOnly:0 RuntimeOnly:0 HLODRelevant:0
 |   |   |- Guid:E61D0CB745AF1DA484DEC7BE4B51A34C BaseClass:/Game/TopDown/Blueprints/BP_MyNavLinkProxy.BP_MyNavLinkProxy_C NativeClass:/Script/FYP.MyNavLinkProxy Name:BP_MyNavLinkProxy_C_UAID_B42E991F4C8D9DD301_1342011716 Label:BP_MyNavLinkProxy SpatiallyLoaded:1 Bounds:IsValid=true, Min=(X=0.000 Y=0.000 Z=0.000), Max=(X=0.000 Y=0.000 Z=0.000) RuntimeGrid:None EditorOnly:0 RuntimeOnly:0 HLODRelevant:0
 |   |   |- Guid:E92B029A43F3DD683C1B2481BF7B68DE BaseClass: NativeClass:/Script/Engine.VolumetricCloud Name:VolumetricCloud_1 Label:VolumetricCloud SpatiallyLoaded:0 Bounds:IsValid=true, Min=(X=0.000 Y=0.000 Z=820.000), Max=(X=0.000 Y=0.000 Z=820.000) RuntimeGrid:None EditorOnly:0 RuntimeOnly:0 HLODRelevant:0 FolderPath:Lighting FolderGuid:E13570EE436BA15E35C622BAA5B21164
 |   |   |- Guid:F0B85B0C40399131790378A6CDEF9DDB BaseClass:/Game/TopDown/Blueprints/BP_MyNavLink.BP_MyNavLink_C NativeClass:/Script/Engine.Actor Name:BP_MyNavLink_C_UAID_B42E991F4C8D9DD301_1342048735 Label:BP_MyNavLink SpatiallyLoaded:1 Bounds:IsValid=true, Min=(X=1274.140 Y=1869.000 Z=370.500), Max=(X=1784.860 Y=1933.000 Z=434.500) RuntimeGrid:None EditorOnly:0 RuntimeOnly:0 HLODRelevant:0
 |   |   |- Guid:F384415D426C6863B0A5DBBB1559BC35 BaseClass:/Game/TopDown/Blueprints/BP_MyNavLinkProxy.BP_MyNavLinkProxy_C NativeClass:/Script/FYP.MyNavLinkProxy Name:BP_MyNavLinkProxy_C_UAID_B42E991F4C8D9DD301_1342015718 Label:BP_MyNavLinkProxy SpatiallyLoaded:1 Bounds:IsValid=true, Min=(X=0.000 Y=0.000 Z=0.000), Max=(X=0.000 Y=0.000 Z=0.000) RuntimeGrid:None EditorOnly:0 RuntimeOnly:0 HLODRelevant:0
 |   |   |- Guid:F4F7EC8E40F86986579E7FA102546F42 BaseClass:/Game/TopDown/Blueprints/BP_MyNavLinkProxy.BP_MyNavLinkProxy_C NativeClass:/Script/FYP.MyNavLinkProxy Name:BP_MyNavLinkProxy_C_UAID_B42E991F4C8D9DD301_1342007714 Label:BP_MyNavLinkProxy SpatiallyLoaded:1 Bounds:IsValid=true, Min=(X=0.000 Y=0.000 Z=0.000), Max=(X=0.000 Y=0.000 Z=0.000) RuntimeGrid:None EditorOnly:0 RuntimeOnly:0 HLODRelevant:0
 |   |   |- Guid:FE4F9F4044D3F2F9C3F6629B135091C3 BaseClass: NativeClass:/Script/Engine.StaticMeshActor Name:StaticMeshActor_36 Label:SM_Cube3 SpatiallyLoaded:1 Bounds:IsValid=true, Min=(X=0.000 Y=3400.000 Z=0.000), Max=(X=3000.000 Y=3500.000 Z=400.000) RuntimeGrid:None EditorOnly:0 RuntimeOnly:0 HLODRelevant:1 FolderPath:Playground FolderGuid:8746DDAD42A18A3736DBE9BBB77675E5
 |   |- [+] Clusters:
 |   |   |- [+] [  0]
 |   |   |   |- Guid:74C0D72547CD5136527E659C496247BB BaseClass: NativeClass:/Script/Engine.StaticMeshActor Name:StaticMeshActor_53 Label:SM_ChamferCube SpatiallyLoaded:1 Bounds:IsValid=true, Min=(X=761.762 Y=2853.712 Z=0.063), Max=(X=902.646 Y=2994.595 Z=100.063) RuntimeGrid:None EditorOnly:0 RuntimeOnly:0 HLODRelevant:0
 |   |   |- [+] [  1]
 |   |   |   |- Guid:04474C184174178CBE33008B73B3EBC6 BaseClass: NativeClass:/Script/Engine.StaticMeshActor Name:StaticMeshActor_UAID_B42E991F4C8D80C501_1747893799 Label:SM_Cube14 SpatiallyLoaded:1 Bounds:IsValid=true, Min=(X=692.000 Y=2168.000 Z=300.000), Max=(X=1742.000 Y=2443.000 Z=400.000) RuntimeGrid:None EditorOnly:0 RuntimeOnly:0 HLODRelevant:1 FolderPath:Block01 FolderGuid:A3D0865D40B5211925A81EB39A13C84D
 |   |   |- [+] [  2]
 |   |   |   |- Guid:963169944433A544D75FF79A1B9FC159 BaseClass: NativeClass:/Script/NavigationSystem.NavMeshBoundsVolume Name:NavMeshBoundsVolume_1 Label:NavMeshBoundsVolume SpatiallyLoaded:0 Bounds:IsValid=true, Min=(X=-216.000 Y=-163.000 Z=-1047.500), Max=(X=2984.000 Y=3537.000 Z=1327.500) RuntimeGrid:None EditorOnly:0 RuntimeOnly:0 HLODRelevant:0 FolderPath:Navigation FolderGuid:5FBB7B1041A3902AEFBB4E87AA1D500F
 |   |   |- [+] [  3]
 |   |   |   |- Guid:A533D9944814A4CC2A2EEB86C9FFA323 BaseClass: NativeClass:/Script/Engine.StaticMeshActor Name:StaticMeshActor_54 Label:SM_ChamferCube3 SpatiallyLoaded:1 Bounds:IsValid=true, Min=(X=711.512 Y=2824.945 Z=100.063), Max=(X=848.115 Y=2961.548 Z=200.063) RuntimeGrid:None EditorOnly:0 RuntimeOnly:0 HLODRelevant:0
 |   |   |- [+] [  4]
 |   |   |   |- Guid:86104D084AB1F8B51BBD19A68761E3CA BaseClass: NativeClass:/Script/Engine.StaticMeshActor Name:StaticMeshActor_UAID_B42E991F4C8D80C501_1754497800 Label:SM_Cube15 SpatiallyLoaded:1 Bounds:IsValid=true, Min=(X=739.000 Y=2573.000 Z=591.000), Max=(X=1339.000 Y=2873.000 Z=691.000) RuntimeGrid:None EditorOnly:0 RuntimeOnly:0 HLODRelevant:1 FolderPath:Block01 FolderGuid:A3D0865D40B5211925A81EB39A13C84D
 |   |   |- [+] [  5]
 |   |   |   |- Guid:623ECEC1492D3E477CA1D4AE96495F69 BaseClass:/Game/TopDown/Blueprints/BP_NavLinkGenerator.BP_NavLinkGenerator_C NativeClass:/Script/FYP.MyNavLinkGenerator Name:BP_NavLinkGenerator_C_UAID_B42E991F4C8D30C501_1461393988 Label:BP_NavLinkGenerator SpatiallyLoaded:1 Bounds:IsValid=true, Min=(X=40.000 Y=60.000 Z=400.000), Max=(X=40.000 Y=60.000 Z=400.000) RuntimeGrid:None EditorOnly:0 RuntimeOnly:0 HLODRelevant:0
 |   |   |- [+] [  6]
 |   |   |   |- Guid:30527CC149F7950197BFFDB79ABBC6A9 BaseClass: NativeClass:/Script/Engine.TextRenderActor Name:TextRenderActor_1 Label:TextRenderActor SpatiallyLoaded:1 Bounds:IsValid=true, Min=(X=-0.100 Y=1100.000 Z=65.013), Max=(X=-0.100 Y=2225.000 Z=215.013) RuntimeGrid:None EditorOnly:0 RuntimeOnly:0 HLODRelevant:0
 |   |   |- [+] [  7]
 |   |   |   |- Guid:07810DB5476552C6ECC207B8FBE94500 BaseClass: NativeClass:/Script/Engine.StaticMeshActor Name:StaticMeshActor_UAID_A4AE111137DC5CFB00_1546167071 Label:SM_SkySphere SpatiallyLoaded:0 Bounds:IsValid=true, Min=(X=-1638400.000 Y=-1638400.000 Z=-1638400.000), Max=(X=1638400.000 Y=1638400.000 Z=1638400.000) RuntimeGrid:None EditorOnly:0 RuntimeOnly:0 HLODRelevant:1 FolderPath:Lighting FolderGuid:E13570EE436BA15E35C622BAA5B21164
 |   |   |- [+] [  8]
 |   |   |   |- Guid:0EE0E5D1466B2603910C569929142127 BaseClass: NativeClass:/Script/Engine.StaticMeshActor Name:StaticMeshActor_39 Label:SM_Cube5 SpatiallyLoaded:1 Bounds:IsValid=true, Min=(X=-0.000 Y=100.000 Z=0.000), Max=(X=100.000 Y=3400.000 Z=400.000) RuntimeGrid:None EditorOnly:0 RuntimeOnly:0 HLODRelevant:1 FolderPath:Playground FolderGuid:8746DDAD42A18A3736DBE9BBB77675E5
 |   |   |- [+] [  9]
 |   |   |   |- Guid:128AFB4143646D4352518685931F01DD BaseClass: NativeClass:/Script/Engine.StaticMeshActor Name:StaticMeshActor_56 Label:SM_ChamferCube5 SpatiallyLoaded:1 Bounds:IsValid=true, Min=(X=2419.765 Y=1390.593 Z=0.063), Max=(X=2547.936 Y=1518.765 Z=100.063) RuntimeGrid:None EditorOnly:0 RuntimeOnly:0 HLODRelevant:0
 |   |   |- [+] [ 10]
 |   |   |   |- Guid:124EE53143C875A1C4F174B08C31D407 BaseClass: NativeClass:/Script/Engine.SkyAtmosphere Name:SkyAtmosphere_1 Label:SkyAtmosphere SpatiallyLoaded:0 Bounds:IsValid=true, Min=(X=0.000 Y=0.000 Z=1020.000), Max=(X=0.000 Y=0.000 Z=1020.000) RuntimeGrid:None EditorOnly:0 RuntimeOnly:0 HLODRelevant:0 FolderPath:Lighting FolderGuid:E13570EE436BA15E35C622BAA5B21164
 |   |   |- [+] [ 11]
 |   |   |   |- Guid:1A013F6D454DDAB5AD8E77B766ED9FAD BaseClass: NativeClass:/Script/Engine.ExponentialHeightFog Name:ExponentialHeightFog_1 Label:ExponentialHeightFog SpatiallyLoaded:0 Bounds:IsValid=true, Min=(X=-5600.000 Y=-50.000 Z=-6850.000), Max=(X=-5600.000 Y=-50.000 Z=-6850.000) RuntimeGrid:None EditorOnly:0 RuntimeOnly:0 HLODRelevant:0 FolderPath:Lighting FolderGuid:E13570EE436BA15E35C622BAA5B21164
 |   |   |- [+] [ 12]
 |   |   |   |- Guid:BC9F05DA4F26FE20B8ADBEAC803D9E07 BaseClass: NativeClass:/Script/Engine.PostProcessVolume Name:PostProcessVolume_1 Label:PostProcessVolume SpatiallyLoaded:0 Bounds:IsValid=true, Min=(X=0.000 Y=0.000 Z=400.000), Max=(X=200.000 Y=200.000 Z=600.000) RuntimeGrid:None EditorOnly:0 RuntimeOnly:0 HLODRelevant:0 FolderPath:Lighting FolderGuid:E13570EE436BA15E35C622BAA5B21164
 |   |   |- [+] [ 13]
 |   |   |   |- Guid:505B4ED943FA99164AF46CAED7EC7B12 BaseClass: NativeClass:/Script/Engine.StaticMeshActor Name:StaticMeshActor_34 Label:SM_Cube SpatiallyLoaded:1 Bounds:IsValid=true, Min=(X=0.000 Y=0.000 Z=-50.000), Max=(X=3000.000 Y=3500.000 Z=0.000) RuntimeGrid:None EditorOnly:0 RuntimeOnly:0 HLODRelevant:1 FolderPath:Playground FolderGuid:8746DDAD42A18A3736DBE9BBB77675E5
 |   |   |- [+] [ 14]
 |   |   |   |- Guid:FE4F9F4044D3F2F9C3F6629B135091C3 BaseClass: NativeClass:/Script/Engine.StaticMeshActor Name:StaticMeshActor_36 Label:SM_Cube3 SpatiallyLoaded:1 Bounds:IsValid=true, Min=(X=0.000 Y=3400.000 Z=0.000), Max=(X=3000.000 Y=3500.000 Z=400.000) RuntimeGrid:None EditorOnly:0 RuntimeOnly:0 HLODRelevant:1 FolderPath:Playground FolderGuid:8746DDAD42A18A3736DBE9BBB77675E5
 |   |   |- [+] [ 15]
 |   |   |   |- Guid:C1F343BF47546FC406FC86B4815E25C6 BaseClass: NativeClass:/Script/Engine.DirectionalLight Name:DirectionalLight_1 Label:DirectionalLight SpatiallyLoaded:0 Bounds:IsValid=true, Min=(X=-1048576.000 Y=-1048576.000 Z=-1048576.000), Max=(X=1048576.000 Y=1048576.000 Z=1048576.000) RuntimeGrid:None EditorOnly:0 RuntimeOnly:0 HLODRelevant:0 FolderPath:Lighting FolderGuid:E13570EE436BA15E35C622BAA5B21164
 |   |   |- [+] [ 16]
 |   |   |   |- Guid:6CFE69CB41732F0CDEB04A85666FA67E BaseClass: NativeClass:/Script/Engine.WorldDataLayers Name:WorldDataLayers Label:WorldDataLayers-1 SpatiallyLoaded:0 Bounds:IsValid=true, Min=(X=0.000 Y=0.000 Z=0.000), Max=(X=0.000 Y=0.000 Z=0.000) RuntimeGrid:None EditorOnly:0 RuntimeOnly:0 HLODRelevant:0
 |   |   |- [+] [ 17]
 |   |   |   |- Guid:B2B17A544848C4EE12AC56902BA39CC3 BaseClass: NativeClass:/Script/Engine.StaticMeshActor Name:StaticMeshActor_UAID_B42E991F4C8D33C501_1402788414 Label:SM_Cube12 SpatiallyLoaded:1 Bounds:IsValid=true, Min=(X=1182.000 Y=1690.000 Z=300.000), Max=(X=1782.000 Y=1990.000 Z=400.000) RuntimeGrid:None EditorOnly:0 RuntimeOnly:0 HLODRelevant:1 FolderPath:Block01 FolderGuid:A3D0865D40B5211925A81EB39A13C84D
 |   |   |- [+] [ 18]
 |   |   |   |- Guid:A45756D6495C3CBE8AA73EAD039CE983 BaseClass: NativeClass:/Script/Engine.StaticMeshActor Name:StaticMeshActor_35 Label:SM_Cube2 SpatiallyLoaded:1 Bounds:IsValid=true, Min=(X=0.000 Y=0.000 Z=0.000), Max=(X=3000.000 Y=100.000 Z=400.000) RuntimeGrid:None EditorOnly:0 RuntimeOnly:0 HLODRelevant:1 FolderPath:Playground FolderGuid:8746DDAD42A18A3736DBE9BBB77675E5
 |   |   |- [+] [ 19]
 |   |   |   |- Guid:20BCA97640857441FE4D28B054684C07 BaseClass: NativeClass:/Script/Engine.StaticMeshActor Name:StaticMeshActor_40 Label:SM_Cube6 SpatiallyLoaded:1 Bounds:IsValid=true, Min=(X=2900.000 Y=100.000 Z=0.000), Max=(X=3000.000 Y=3400.000 Z=400.000) RuntimeGrid:None EditorOnly:0 RuntimeOnly:0 HLODRelevant:1 FolderPath:Playground FolderGuid:8746DDAD42A18A3736DBE9BBB77675E5
 |   |   |- [+] [ 20]
 |   |   |   |- Guid:7253A9A143757B6FBCFC979462C8F07A BaseClass: NativeClass:/Script/Engine.StaticMeshActor Name:StaticMeshActor_55 Label:SM_ChamferCube4 SpatiallyLoaded:1 Bounds:IsValid=true, Min=(X=663.409 Y=2784.238 Z=0.063), Max=(X=804.292 Y=2925.121 Z=100.063) RuntimeGrid:None EditorOnly:0 RuntimeOnly:0 HLODRelevant:0
 |   |   |- [+] [ 21]
 |   |   |   |- Guid:2D35D16542032F78BA8C8AB1CC4FA726 BaseClass: NativeClass:/Script/Engine.PlayerStart Name:PlayerStart_1 Label:PlayerStart SpatiallyLoaded:0 Bounds:IsValid=true, Min=(X=960.000 Y=1770.000 Z=0.013), Max=(X=1040.000 Y=1850.000 Z=184.013) RuntimeGrid:None EditorOnly:0 RuntimeOnly:0 HLODRelevant:0
 |   |   |- [+] [ 22]
 |   |   |   |- Guid:736975F64DE43E6FFE67E3B0B4F3ACE3 BaseClass: NativeClass:/Script/Engine.StaticMeshActor Name:StaticMeshActor_UAID_B42E991F4C8D80C501_1760370801 Label:SM_Cube16 SpatiallyLoaded:1 Bounds:IsValid=true, Min=(X=1488.000 Y=2501.000 Z=830.000), Max=(X=2088.000 Y=2801.000 Z=930.000) RuntimeGrid:None EditorOnly:0 RuntimeOnly:0 HLODRelevant:1 FolderPath:Block01 FolderGuid:A3D0865D40B5211925A81EB39A13C84D
 |   |   |- [+] [ 23]
 |   |   |   |- Guid:3B8D18C3444B92F757CDEF93563439AE BaseClass: NativeClass:/Script/Engine.StaticMeshActor Name:StaticMeshActor_UAID_B42E991F4C8D33C501_1394914413 Label:SM_Cube11 SpatiallyLoaded:1 Bounds:IsValid=true, Min=(X=982.000 Y=1320.000 Z=180.000), Max=(X=1482.000 Y=1520.000 Z=280.000) RuntimeGrid:None EditorOnly:0 RuntimeOnly:0 HLODRelevant:1 FolderPath:Block01 FolderGuid:A3D0865D40B5211925A81EB39A13C84D
 |   |   |- [+] [ 24]
 |   |   |   |- Guid:5C38F3714AB01D1B715A8DBEB736004F BaseClass: NativeClass:/Script/Engine.StaticMeshActor Name:StaticMeshActor_UAID_B42E991F4C8D34C501_1713903040 Label:SM_Cube13 SpatiallyLoaded:1 Bounds:IsValid=true, Min=(X=1280.000 Y=1350.000 Z=560.000), Max=(X=1780.000 Y=1550.000 Z=660.000) RuntimeGrid:None EditorOnly:0 RuntimeOnly:0 HLODRelevant:1 FolderPath:Block01 FolderGuid:A3D0865D40B5211925A81EB39A13C84D
 |   |   |- [+] [ 25]
 |   |   |   |- Guid:3AA00CC7473B3AB860032482C86F1357 BaseClass: NativeClass:/Script/Engine.SkyLight Name:SkyLight_1 Label:SkyLight SpatiallyLoaded:0 Bounds:IsValid=true, Min=(X=0.000 Y=0.000 Z=690.000), Max=(X=0.000 Y=0.000 Z=690.000) RuntimeGrid:None EditorOnly:0 RuntimeOnly:0 HLODRelevant:0 FolderPath:Lighting FolderGuid:E13570EE436BA15E35C622BAA5B21164
 |   |   |- [+] [ 26]
 |   |   |   |- Guid:E92B029A43F3DD683C1B2481BF7B68DE BaseClass: NativeClass:/Script/Engine.VolumetricCloud Name:VolumetricCloud_1 Label:VolumetricCloud SpatiallyLoaded:0 Bounds:IsValid=true, Min=(X=0.000 Y=0.000 Z=820.000), Max=(X=0.000 Y=0.000 Z=820.000) RuntimeGrid:None EditorOnly:0 RuntimeOnly:0 HLODRelevant:0 FolderPath:Lighting FolderGuid:E13570EE436BA15E35C622BAA5B21164
 |   |   |- [+] [ 27]
 |   |   |   |- Guid:6FF3BA9A41371FFA260BD2A7C32D901B BaseClass:/Game/TopDown/Blueprints/BP_MyNavLinkProxy.BP_MyNavLinkProxy_C NativeClass:/Script/FYP.MyNavLinkProxy Name:BP_MyNavLinkProxy_C_UAID_B42E991F4C8D9DD301_1341998710 Label:BP_MyNavLinkProxy SpatiallyLoaded:1 Bounds:IsValid=true, Min=(X=0.000 Y=0.000 Z=0.000), Max=(X=0.000 Y=0.000 Z=0.000) RuntimeGrid:None EditorOnly:0 RuntimeOnly:0 HLODRelevant:0
 |   |   |   |- Guid:CA302B3541AB30D1EC3AD5BEA7E24D61 BaseClass:/Game/TopDown/Blueprints/BP_MyNavLink.BP_MyNavLink_C NativeClass:/Script/Engine.Actor Name:BP_MyNavLink_C_UAID_B42E991F4C8D9DD301_1341995709 Label:BP_MyNavLink SpatiallyLoaded:1 Bounds:IsValid=true, Min=(X=749.740 Y=2191.000 Z=370.500), Max=(X=1017.260 Y=2255.000 Z=434.500) RuntimeGrid:None EditorOnly:0 RuntimeOnly:0 HLODRelevant:0
 |   |   |- [+] [ 28]
 |   |   |   |- Guid:C1B2C45C4AD3AE5CBDAD85AD2E49CDA6 BaseClass:/Game/TopDown/Blueprints/BP_MyNavLinkProxy.BP_MyNavLinkProxy_C NativeClass:/Script/FYP.MyNavLinkProxy Name:BP_MyNavLinkProxy_C_UAID_B42E991F4C8D9DD301_1342003712 Label:BP_MyNavLinkProxy SpatiallyLoaded:1 Bounds:IsValid=true, Min=(X=0.000 Y=0.000 Z=0.000), Max=(X=0.000 Y=0.000 Z=0.000) RuntimeGrid:None EditorOnly:0 RuntimeOnly:0 HLODRelevant:0
 |   |   |   |- Guid:0513F0ED48B39116941808A24C227887 BaseClass:/Game/TopDown/Blueprints/BP_MyNavLink.BP_MyNavLink_C NativeClass:/Script/Engine.Actor Name:BP_MyNavLink_C_UAID_B42E991F4C8D9DD301_1342001711 Label:BP_MyNavLink SpatiallyLoaded:1 Bounds:IsValid=true, Min=(X=706.420 Y=1791.000 Z=-29.500), Max=(X=1022.580 Y=1855.000 Z=34.500) RuntimeGrid:None EditorOnly:0 RuntimeOnly:0 HLODRelevant:0
 |   |   |- [+] [ 29]
 |   |   |   |- Guid:F4F7EC8E40F86986579E7FA102546F42 BaseClass:/Game/TopDown/Blueprints/BP_MyNavLinkProxy.BP_MyNavLinkProxy_C NativeClass:/Script/FYP.MyNavLinkProxy Name:BP_MyNavLinkProxy_C_UAID_B42E991F4C8D9DD301_1342007714 Label:BP_MyNavLinkProxy SpatiallyLoaded:1 Bounds:IsValid=true, Min=(X=0.000 Y=0.000 Z=0.000), Max=(X=0.000 Y=0.000 Z=0.000) RuntimeGrid:None EditorOnly:0 RuntimeOnly:0 HLODRelevant:0
 |   |   |   |- Guid:D7F5C7C04D9F63C97900E8BBDC40EB49 BaseClass:/Game/TopDown/Blueprints/BP_MyNavLink.BP_MyNavLink_C NativeClass:/Script/Engine.Actor Name:BP_MyNavLink_C_UAID_B42E991F4C8D9DD301_1342005713 Label:BP_MyNavLink SpatiallyLoaded:1 Bounds:IsValid=true, Min=(X=309.000 Y=2199.060 Z=-29.500), Max=(X=373.000 Y=2417.940 Z=34.500) RuntimeGrid:None EditorOnly:0 RuntimeOnly:0 HLODRelevant:0
 |   |   |- [+] [ 30]
 |   |   |   |- Guid:E61D0CB745AF1DA484DEC7BE4B51A34C BaseClass:/Game/TopDown/Blueprints/BP_MyNavLinkProxy.BP_MyNavLinkProxy_C NativeClass:/Script/FYP.MyNavLinkProxy Name:BP_MyNavLinkProxy_C_UAID_B42E991F4C8D9DD301_1342011716 Label:BP_MyNavLinkProxy SpatiallyLoaded:1 Bounds:IsValid=true, Min=(X=0.000 Y=0.000 Z=0.000), Max=(X=0.000 Y=0.000 Z=0.000) RuntimeGrid:None EditorOnly:0 RuntimeOnly:0 HLODRelevant:0
 |   |   |   |- Guid:7127FEA54D17C1056829B594DE533425 BaseClass:/Game/TopDown/Blueprints/BP_MyNavLink.BP_MyNavLink_C NativeClass:/Script/Engine.Actor Name:BP_MyNavLink_C_UAID_B42E991F4C8D9DD301_1342009715 Label:BP_MyNavLink SpatiallyLoaded:1 Bounds:IsValid=true, Min=(X=706.420 Y=2762.000 Z=-29.500), Max=(X=1022.580 Y=2826.000 Z=34.500) RuntimeGrid:None EditorOnly:0 RuntimeOnly:0 HLODRelevant:0
 |   |   |- [+] [ 31]
 |   |   |   |- Guid:F384415D426C6863B0A5DBBB1559BC35 BaseClass:/Game/TopDown/Blueprints/BP_MyNavLinkProxy.BP_MyNavLinkProxy_C NativeClass:/Script/FYP.MyNavLinkProxy Name:BP_MyNavLinkProxy_C_UAID_B42E991F4C8D9DD301_1342015718 Label:BP_MyNavLinkProxy SpatiallyLoaded:1 Bounds:IsValid=true, Min=(X=0.000 Y=0.000 Z=0.000), Max=(X=0.000 Y=0.000 Z=0.000) RuntimeGrid:None EditorOnly:0 RuntimeOnly:0 HLODRelevant:0
 |   |   |   |- Guid:C880C1D542DF2A3A15522CB53CEFA83D BaseClass:/Game/TopDown/Blueprints/BP_MyNavLink.BP_MyNavLink_C NativeClass:/Script/Engine.Actor Name:BP_MyNavLink_C_UAID_B42E991F4C8D9DD301_1342013717 Label:BP_MyNavLink SpatiallyLoaded:1 Bounds:IsValid=true, Min=(X=945.440 Y=2191.000 Z=370.500), Max=(X=1334.560 Y=2255.000 Z=434.500) RuntimeGrid:None EditorOnly:0 RuntimeOnly:0 HLODRelevant:0
 |   |   |- [+] [ 32]
 |   |   |   |- Guid:78C9313B4BF4995FB42D57AD1C8EBCBE BaseClass:/Game/TopDown/Blueprints/BP_MyNavLinkProxy.BP_MyNavLinkProxy_C NativeClass:/Script/FYP.MyNavLinkProxy Name:BP_MyNavLinkProxy_C_UAID_B42E991F4C8D9DD301_1342019720 Label:BP_MyNavLinkProxy SpatiallyLoaded:1 Bounds:IsValid=true, Min=(X=0.000 Y=0.000 Z=0.000), Max=(X=0.000 Y=0.000 Z=0.000) RuntimeGrid:None EditorOnly:0 RuntimeOnly:0 HLODRelevant:0
 |   |   |   |- Guid:DF2CAAE944C9DEA2D283FCBC090E532B BaseClass:/Game/TopDown/Blueprints/BP_MyNavLink.BP_MyNavLink_C NativeClass:/Script/Engine.Actor Name:BP_MyNavLink_C_UAID_B42E991F4C8D9DD301_1342017719 Label:BP_MyNavLink SpatiallyLoaded:1 Bounds:IsValid=true, Min=(X=1107.000 Y=2516.740 Z=660.500), Max=(X=1171.000 Y=2784.260 Z=724.500) RuntimeGrid:None EditorOnly:0 RuntimeOnly:0 HLODRelevant:0
 |   |   |- [+] [ 33]
 |   |   |   |- Guid:3CB7FB8542B34B8CAD35AFBB1FF15D41 BaseClass:/Game/TopDown/Blueprints/BP_MyNavLinkProxy.BP_MyNavLinkProxy_C NativeClass:/Script/FYP.MyNavLinkProxy Name:BP_MyNavLinkProxy_C_UAID_B42E991F4C8D9DD301_1342023722 Label:BP_MyNavLinkProxy SpatiallyLoaded:1 Bounds:IsValid=true, Min=(X=0.000 Y=0.000 Z=0.000), Max=(X=0.000 Y=0.000 Z=0.000) RuntimeGrid:None EditorOnly:0 RuntimeOnly:0 HLODRelevant:0
 |   |   |   |- Guid:0495936B4FF4EBF6F1EC73A1F5084C43 BaseClass:/Game/TopDown/Blueprints/BP_MyNavLink.BP_MyNavLink_C NativeClass:/Script/Engine.Actor Name:BP_MyNavLink_C_UAID_B42E991F4C8D9DD301_1342021721 Label:BP_MyNavLink SpatiallyLoaded:1 Bounds:IsValid=true, Min=(X=889.580 Y=1791.000 Z=370.500), Max=(X=1789.420 Y=1855.000 Z=434.500) RuntimeGrid:None EditorOnly:0 RuntimeOnly:0 HLODRelevant:0
 |   |   |- [+] [ 34]
 |   |   |   |- Guid:123FE94148EE98EC5008A9902D8F7655 BaseClass:/Game/TopDown/Blueprints/BP_MyNavLinkProxy.BP_MyNavLinkProxy_C NativeClass:/Script/FYP.MyNavLinkProxy Name:BP_MyNavLinkProxy_C_UAID_B42E991F4C8D9DD301_1342027724 Label:BP_MyNavLinkProxy SpatiallyLoaded:1 Bounds:IsValid=true, Min=(X=0.000 Y=0.000 Z=0.000), Max=(X=0.000 Y=0.000 Z=0.000) RuntimeGrid:None EditorOnly:0 RuntimeOnly:0 HLODRelevant:0
 |   |   |   |- Guid:DDF3A63D487EE4119C591D905E61CCCC BaseClass:/Game/TopDown/Blueprints/BP_MyNavLink.BP_MyNavLink_C NativeClass:/Script/Engine.Actor Name:BP_MyNavLink_C_UAID_B42E991F4C8D9DD301_1342025723 Label:BP_MyNavLink SpatiallyLoaded:1 Bounds:IsValid=true, Min=(X=889.580 Y=2762.000 Z=-29.500), Max=(X=1789.420 Y=2826.000 Z=34.500) RuntimeGrid:None EditorOnly:0 RuntimeOnly:0 HLODRelevant:0
 |   |   |- [+] [ 35]
 |   |   |   |- Guid:29B526574016BAC960DF0384B8441CD8 BaseClass:/Game/TopDown/Blueprints/BP_MyNavLinkProxy.BP_MyNavLinkProxy_C NativeClass:/Script/FYP.MyNavLinkProxy Name:BP_MyNavLinkProxy_C_UAID_B42E991F4C8D9DD301_1342031726 Label:BP_MyNavLinkProxy SpatiallyLoaded:1 Bounds:IsValid=true, Min=(X=0.000 Y=0.000 Z=0.000), Max=(X=0.000 Y=0.000 Z=0.000) RuntimeGrid:None EditorOnly:0 RuntimeOnly:0 HLODRelevant:0
 |   |   |   |- Guid:55F2164F45CFDD6897EACE89B5271253 BaseClass:/Game/TopDown/Blueprints/BP_MyNavLink.BP_MyNavLink_C NativeClass:/Script/Engine.Actor Name:BP_MyNavLink_C_UAID_B42E991F4C8D9DD301_1342029725 Label:BP_MyNavLink SpatiallyLoaded:1 Bounds:IsValid=true, Min=(X=2059.000 Y=2199.060 Z=-29.500), Max=(X=2123.000 Y=2417.940 Z=34.500) RuntimeGrid:None EditorOnly:0 RuntimeOnly:0 HLODRelevant:0
 |   |   |- [+] [ 36]
 |   |   |   |- Guid:1EAC4B384A184FDE1A71CC9A23409C01 BaseClass:/Game/TopDown/Blueprints/BP_MyNavLinkProxy.BP_MyNavLinkProxy_C NativeClass:/Script/FYP.MyNavLinkProxy Name:BP_MyNavLinkProxy_C_UAID_B42E991F4C8D9DD301_1342035728 Label:BP_MyNavLinkProxy SpatiallyLoaded:1 Bounds:IsValid=true, Min=(X=0.000 Y=0.000 Z=0.000), Max=(X=0.000 Y=0.000 Z=0.000) RuntimeGrid:None EditorOnly:0 RuntimeOnly:0 HLODRelevant:0
 |   |   |   |- Guid:349C1E3D46D4FF5ECABBB586DCA7732C BaseClass:/Game/TopDown/Blueprints/BP_MyNavLink.BP_MyNavLink_C NativeClass:/Script/Engine.Actor Name:BP_MyNavLink_C_UAID_B42E991F4C8D9DD301_1342033727 Label:BP_MyNavLink SpatiallyLoaded:1 Bounds:IsValid=true, Min=(X=1127.840 Y=1336.000 Z=250.500), Max=(X=1760.160 Y=1400.000 Z=314.500) RuntimeGrid:None EditorOnly:0 RuntimeOnly:0 HLODRelevant:0
 |   |   |- [+] [ 37]
 |   |   |   |- Guid:89302FAB485EACCCE8BDE2A47C1CE5A8 BaseClass:/Game/TopDown/Blueprints/BP_MyNavLinkProxy.BP_MyNavLinkProxy_C NativeClass:/Script/FYP.MyNavLinkProxy Name:BP_MyNavLinkProxy_C_UAID_B42E991F4C8D9DD301_1342038730 Label:BP_MyNavLinkProxy SpatiallyLoaded:1 Bounds:IsValid=true, Min=(X=0.000 Y=0.000 Z=0.000), Max=(X=0.000 Y=0.000 Z=0.000) RuntimeGrid:None EditorOnly:0 RuntimeOnly:0 HLODRelevant:0
 |   |   |   |- Guid:A594539E4D20822695C64D93265B27D9 BaseClass:/Game/TopDown/Blueprints/BP_MyNavLink.BP_MyNavLink_C NativeClass:/Script/Engine.Actor Name:BP_MyNavLink_C_UAID_B42E991F4C8D9DD301_1342036729 Label:BP_MyNavLink SpatiallyLoaded:1 Bounds:IsValid=true, Min=(X=803.000 Y=1699.740 Z=-29.500), Max=(X=867.000 Y=1967.260 Z=34.500) RuntimeGrid:None EditorOnly:0 RuntimeOnly:0 HLODRelevant:0
 |   |   |- [+] [ 38]
 |   |   |   |- Guid:8C9D1B0D4192F1C89C4B69AF5C6D4341 BaseClass:/Game/TopDown/Blueprints/BP_MyNavLinkProxy.BP_MyNavLinkProxy_C NativeClass:/Script/FYP.MyNavLinkProxy Name:BP_MyNavLinkProxy_C_UAID_B42E991F4C8D9DD301_1342042732 Label:BP_MyNavLinkProxy SpatiallyLoaded:1 Bounds:IsValid=true, Min=(X=0.000 Y=0.000 Z=0.000), Max=(X=0.000 Y=0.000 Z=0.000) RuntimeGrid:None EditorOnly:0 RuntimeOnly:0 HLODRelevant:0
 |   |   |   |- Guid:3F0A889D4709F005E34EA89A14A7E4B3 BaseClass:/Game/TopDown/Blueprints/BP_MyNavLink.BP_MyNavLink_C NativeClass:/Script/Engine.Actor Name:BP_MyNavLink_C_UAID_B42E991F4C8D9DD301_1342040731 Label:BP_MyNavLink SpatiallyLoaded:1 Bounds:IsValid=true, Min=(X=1165.840 Y=2306.000 Z=370.500), Max=(X=1798.160 Y=2370.000 Z=434.500) RuntimeGrid:None EditorOnly:0 RuntimeOnly:0 HLODRelevant:0
 |   |   |- [+] [ 39]
 |   |   |   |- Guid:23B9292E4671AA2D270C06B7CD08E6BF BaseClass:/Game/TopDown/Blueprints/BP_MyNavLinkProxy.BP_MyNavLinkProxy_C NativeClass:/Script/FYP.MyNavLinkProxy Name:BP_MyNavLinkProxy_C_UAID_B42E991F4C8D9DD301_1342046734 Label:BP_MyNavLinkProxy SpatiallyLoaded:1 Bounds:IsValid=true, Min=(X=0.000 Y=0.000 Z=0.000), Max=(X=0.000 Y=0.000 Z=0.000) RuntimeGrid:None EditorOnly:0 RuntimeOnly:0 HLODRelevant:0
 |   |   |   |- Guid:DD44D78743339B923FD1B1BC5DA79093 BaseClass:/Game/TopDown/Blueprints/BP_MyNavLink.BP_MyNavLink_C NativeClass:/Script/Engine.Actor Name:BP_MyNavLink_C_UAID_B42E991F4C8D9DD301_1342044733 Label:BP_MyNavLink SpatiallyLoaded:1 Bounds:IsValid=true, Min=(X=2097.000 Y=1699.740 Z=-29.500), Max=(X=2161.000 Y=1967.260 Z=34.500) RuntimeGrid:None EditorOnly:0 RuntimeOnly:0 HLODRelevant:0
 |   |   |- [+] [ 40]
 |   |   |   |- Guid:DC4F730B4713242C1AE90D98CFE1FF2F BaseClass:/Game/TopDown/Blueprints/BP_MyNavLinkProxy.BP_MyNavLinkProxy_C NativeClass:/Script/FYP.MyNavLinkProxy Name:BP_MyNavLinkProxy_C_UAID_B42E991F4C8D9DD301_1342050736 Label:BP_MyNavLinkProxy SpatiallyLoaded:1 Bounds:IsValid=true, Min=(X=0.000 Y=0.000 Z=0.000), Max=(X=0.000 Y=0.000 Z=0.000) RuntimeGrid:None EditorOnly:0 RuntimeOnly:0 HLODRelevant:0
 |   |   |   |- Guid:F0B85B0C40399131790378A6CDEF9DDB BaseClass:/Game/TopDown/Blueprints/BP_MyNavLink.BP_MyNavLink_C NativeClass:/Script/Engine.Actor Name:BP_MyNavLink_C_UAID_B42E991F4C8D9DD301_1342048735 Label:BP_MyNavLink SpatiallyLoaded:1 Bounds:IsValid=true, Min=(X=1274.140 Y=1869.000 Z=370.500), Max=(X=1784.860 Y=1933.000 Z=434.500) RuntimeGrid:None EditorOnly:0 RuntimeOnly:0 HLODRelevant:0
 |   |   |- [+] [ 41]
 |   |   |   |- Guid:6A35B9E14868EABC2F367ABD91B710D2 BaseClass:/Game/TopDown/Blueprints/BP_MyNavLinkProxy.BP_MyNavLinkProxy_C NativeClass:/Script/FYP.MyNavLinkProxy Name:BP_MyNavLinkProxy_C_UAID_B42E991F4C8D9DD301_1342053738 Label:BP_MyNavLinkProxy SpatiallyLoaded:1 Bounds:IsValid=true, Min=(X=0.000 Y=0.000 Z=0.000), Max=(X=0.000 Y=0.000 Z=0.000) RuntimeGrid:None EditorOnly:0 RuntimeOnly:0 HLODRelevant:0
 |   |   |   |- Guid:E3C3816C49531736AF2BC7B025FEE11E BaseClass:/Game/TopDown/Blueprints/BP_MyNavLink.BP_MyNavLink_C NativeClass:/Script/Engine.Actor Name:BP_MyNavLink_C_UAID_B42E991F4C8D9DD301_1342052737 Label:BP_MyNavLink SpatiallyLoaded:1 Bounds:IsValid=true, Min=(X=967.480 Y=936.000 Z=-29.500), Max=(X=1502.520 Y=1000.000 Z=34.500) RuntimeGrid:None EditorOnly:0 RuntimeOnly:0 HLODRelevant:0
 |   |   |- [+] [ 42]
 |   |   |   |- Guid:2247A6C1474BEA39865571AD6246FF58 BaseClass:/Game/TopDown/Blueprints/BP_MyNavLinkProxy.BP_MyNavLinkProxy_C NativeClass:/Script/FYP.MyNavLinkProxy Name:BP_MyNavLinkProxy_C_UAID_B42E991F4C8D9DD301_1342057740 Label:BP_MyNavLinkProxy SpatiallyLoaded:1 Bounds:IsValid=true, Min=(X=0.000 Y=0.000 Z=0.000), Max=(X=0.000 Y=0.000 Z=0.000) RuntimeGrid:None EditorOnly:0 RuntimeOnly:0 HLODRelevant:0
 |   |   |   |- Guid:9110C346443B913EF67771866B13FCCA BaseClass:/Game/TopDown/Blueprints/BP_MyNavLink.BP_MyNavLink_C NativeClass:/Script/Engine.Actor Name:BP_MyNavLink_C_UAID_B42E991F4C8D9DD301_1342055739 Label:BP_MyNavLink SpatiallyLoaded:1 Bounds:IsValid=true, Min=(X=594.000 Y=1352.040 Z=-29.500), Max=(X=658.000 Y=1497.960 Z=34.500) RuntimeGrid:None EditorOnly:0 RuntimeOnly:0 HLODRelevant:0
 |   |   |- [+] [ 43]
 |   |   |   |- Guid:4762C7F04E8F86E8EBDC64BF07E4C66F BaseClass:/Game/TopDown/Blueprints/BP_MyNavLinkProxy.BP_MyNavLinkProxy_C NativeClass:/Script/FYP.MyNavLinkProxy Name:BP_MyNavLinkProxy_C_UAID_B42E991F4C8D9DD301_1342061742 Label:BP_MyNavLinkProxy SpatiallyLoaded:1 Bounds:IsValid=true, Min=(X=0.000 Y=0.000 Z=0.000), Max=(X=0.000 Y=0.000 Z=0.000) RuntimeGrid:None EditorOnly:0 RuntimeOnly:0 HLODRelevant:0
 |   |   |   |- Guid:E4E2CE144C0947C87CFA17A0356DF9D5 BaseClass:/Game/TopDown/Blueprints/BP_MyNavLink.BP_MyNavLink_C NativeClass:/Script/Engine.Actor Name:BP_MyNavLink_C_UAID_B42E991F4C8D9DD301_1342059741 Label:BP_MyNavLink SpatiallyLoaded:1 Bounds:IsValid=true, Min=(X=1812.000 Y=1352.040 Z=-29.500), Max=(X=1876.000 Y=1497.960 Z=34.500) RuntimeGrid:None EditorOnly:0 RuntimeOnly:0 HLODRelevant:0
 |- ContainerInstances:
 |- [+] MainContainer:
 |   |-        ID: 0x0000000000000000
 |   |-    Bounds: IsValid=false, Min=(X=0.000 Y=0.000 Z=0.000), Max=(X=0.000 Y=0.000 Z=0.000)
 |   |- Transform: 0.000000,0.000000,0.000000|0.000000,0.000000,-0.000000|1.000000,1.000000,1.000000
 |   |- Container: /Game/TopDown/Maps/TopDownMap
----------------------------------------------------------------------------------------------------------------
TopDownMap - Persistent Level
----------------------------------------------------------------------------------------------------------------
Always loaded Actor Count: 224 

----------------------------------------------------------------------------------------------------------------
TopDownMap - Runtime Spatial Hash - Streaming Grid - MainGrid
----------------------------------------------------------------------------------------------------------------
            Origin: X=0.000 Y=0.000 Z=0.000
         Cell Size: 12800
      World Bounds: IsValid=false, Min=(X=0.000 Y=0.000 Z=0.000), Max=(X=0.000 Y=0.000 Z=0.000)
     Loading Range: 25600.00
Block Slow Loading: No
 ClientOnlyVisible: No

[+] Grid Levels: 1
 |- Level  0: Cell Count    0 | Cell Size   12800 | Actor Count    0 (0.0%)

[+] Content of Grid Level 0

